[15:00:17:698] [INFO] - org.springframework.boot.StartupInfoLogger.logStarting(StartupInfoLogger.java:55) - Starting SecdevApplication on DESKTOP-P8KLK6S with PID 23220 (E:\NewGrandWork\GitYunNan\newgrand-i8-3rdIntegration\secdev\target\classes started by 18362 in E:\NewGrandWork\GitYunNan\newgrand-i8-3rdIntegration)
[15:00:17:722] [DEBUG] - org.springframework.boot.StartupInfoLogger.logStarting(StartupInfoLogger.java:56) - Running with Spring Boot v2.3.3.RELEASE, Spring v5.2.8.RELEASE
[15:00:17:723] [INFO] - org.springframework.boot.SpringApplication.logStartupProfileInfo(SpringApplication.java:651) - No active profile set, falling back to default profiles: default
[15:00:19:427] [INFO] - org.springframework.boot.web.embedded.tomcat.TomcatWebServer.initialize(TomcatWebServer.java:108) - Tomcat initialized with port(s): 8087 (http)
[15:00:19:439] [INFO] - org.apache.juli.logging.DirectJDKLog.log(DirectJDKLog.java:173) - Initializing ProtocolHandler ["http-nio-8087"]
[15:00:19:440] [INFO] - org.apache.juli.logging.DirectJDKLog.log(DirectJDKLog.java:173) - Starting service [Tomcat]
[15:00:19:440] [INFO] - org.apache.juli.logging.DirectJDKLog.log(DirectJDKLog.java:173) - Starting Servlet engine: [Apache Tomcat/9.0.37]
[15:00:19:560] [INFO] - org.apache.juli.logging.DirectJDKLog.log(DirectJDKLog.java:173) - Initializing Spring embedded WebApplicationContext
[15:00:19:561] [INFO] - org.springframework.boot.web.servlet.context.ServletWebServerApplicationContext.prepareWebApplicationContext(ServletWebServerApplicationContext.java:285) - Root WebApplicationContext: initialization completed in 1711 ms
[15:00:20:934] [WARN] - com.alibaba.druid.pool.DruidAbstractDataSource.setDriverClassName(DruidAbstractDataSource.java:1176) - oracle.jdbc.driver.OracleDriver is deprecated.Having use oracle.jdbc.OracleDriver.
[15:00:21:840] [DEBUG] - springfox.documentation.spring.web.PropertySourcedRequestMappingHandlerMapping.initHandlerMethods(PropertySourcedRequestMappingHandlerMapping.java:54) - initialising the handler methods
[15:00:21:843] [INFO] - springfox.documentation.spring.web.PropertySourcedRequestMappingHandlerMapping.initHandlerMethods(PropertySourcedRequestMappingHandlerMapping.java:69) - Mapped URL path [/v2/api-docs] onto method [springfox.documentation.swagger2.web.Swagger2Controller#getDocumentation(String, HttpServletRequest)]
[15:00:21:954] [INFO] - org.springframework.scheduling.concurrent.ExecutorConfigurationSupport.initialize(ExecutorConfigurationSupport.java:181) - Initializing ExecutorService 'applicationTaskExecutor'
[15:00:22:155] [INFO] - org.apache.juli.logging.DirectJDKLog.log(DirectJDKLog.java:173) - Starting ProtocolHandler ["http-nio-8087"]
[15:00:22:185] [INFO] - org.springframework.boot.web.embedded.tomcat.TomcatWebServer.start(TomcatWebServer.java:220) - Tomcat started on port(s): 8087 (http) with context path '/secdev'
[15:00:22:186] [INFO] - springfox.documentation.spring.web.plugins.DocumentationPluginsBootstrapper.start(DocumentationPluginsBootstrapper.java:160) - Context refreshed
[15:00:22:214] [INFO] - springfox.documentation.spring.web.plugins.DocumentationPluginsBootstrapper.start(DocumentationPluginsBootstrapper.java:163) - Found 1 custom documentation plugin(s)
[15:00:22:240] [DEBUG] - springfox.documentation.spring.web.plugins.DefaultRequestHandlerCombiner.combine(DefaultRequestHandlerCombiner.java:50) - Total number of request handlers 15
[15:00:22:241] [DEBUG] - springfox.documentation.spring.web.plugins.DefaultRequestHandlerCombiner.combine(DefaultRequestHandlerCombiner.java:52) - Adding key: [/edbApi/Get], WebMvcRequestHandler{key=RequestHandlerKey{pathMappings=[/edbApi/Get], supportedMethods=[GET], supportedMediaTypes=[], producibleMediaTypes=[]}}
[15:00:22:242] [DEBUG] - springfox.documentation.spring.web.plugins.DefaultRequestHandlerCombiner.combine(DefaultRequestHandlerCombiner.java:52) - Adding key: [/edbApi/syncBoq], WebMvcRequestHandler{key=RequestHandlerKey{pathMappings=[/edbApi/syncBoq], supportedMethods=[POST], supportedMediaTypes=[], producibleMediaTypes=[]}}
[15:00:22:242] [DEBUG] - springfox.documentation.spring.web.plugins.DefaultRequestHandlerCombiner.combine(DefaultRequestHandlerCombiner.java:52) - Adding key: [/edbApi/syncProCount], WebMvcRequestHandler{key=RequestHandlerKey{pathMappings=[/edbApi/syncProCount], supportedMethods=[POST], supportedMediaTypes=[], producibleMediaTypes=[]}}
[15:00:22:242] [DEBUG] - springfox.documentation.spring.web.plugins.DefaultRequestHandlerCombiner.combine(DefaultRequestHandlerCombiner.java:52) - Adding key: [/edbApi/syncSubPackagePlan], WebMvcRequestHandler{key=RequestHandlerKey{pathMappings=[/edbApi/syncSubPackagePlan], supportedMethods=[POST], supportedMediaTypes=[], producibleMediaTypes=[]}}
[15:00:22:243] [DEBUG] - springfox.documentation.spring.web.plugins.DefaultRequestHandlerCombiner.combine(DefaultRequestHandlerCombiner.java:52) - Adding key: [/edbApi/syncSubPackage], WebMvcRequestHandler{key=RequestHandlerKey{pathMappings=[/edbApi/syncSubPackage], supportedMethods=[POST], supportedMediaTypes=[], producibleMediaTypes=[]}}
[15:00:22:243] [DEBUG] - springfox.documentation.spring.web.plugins.DefaultRequestHandlerCombiner.combine(DefaultRequestHandlerCombiner.java:52) - Adding key: [/edbApi/syncWbs], WebMvcRequestHandler{key=RequestHandlerKey{pathMappings=[/edbApi/syncWbs], supportedMethods=[POST], supportedMediaTypes=[], producibleMediaTypes=[]}}
[15:00:22:243] [DEBUG] - springfox.documentation.spring.web.plugins.DefaultRequestHandlerCombiner.combine(DefaultRequestHandlerCombiner.java:52) - Adding key: [/error], WebMvcRequestHandler{key=RequestHandlerKey{pathMappings=[/error], supportedMethods=[], supportedMediaTypes=[], producibleMediaTypes=[]}}
[15:00:22:243] [DEBUG] - springfox.documentation.spring.web.plugins.DefaultRequestHandlerCombiner.combine(DefaultRequestHandlerCombiner.java:52) - Adding key: [/error], WebMvcRequestHandler{key=RequestHandlerKey{pathMappings=[/error], supportedMethods=[], supportedMediaTypes=[], producibleMediaTypes=[text/html]}}
[15:00:22:244] [DEBUG] - springfox.documentation.spring.web.plugins.DefaultRequestHandlerCombiner.combine(DefaultRequestHandlerCombiner.java:52) - Adding key: [/mdmApi/enterpriseInfo], WebMvcRequestHandler{key=RequestHandlerKey{pathMappings=[/mdmApi/enterpriseInfo], supportedMethods=[POST], supportedMediaTypes=[], producibleMediaTypes=[]}}
[15:00:22:244] [DEBUG] - springfox.documentation.spring.web.plugins.DefaultRequestHandlerCombiner.combine(DefaultRequestHandlerCombiner.java:52) - Adding key: [/mdmApi/ping], WebMvcRequestHandler{key=RequestHandlerKey{pathMappings=[/mdmApi/ping], supportedMethods=[POST], supportedMediaTypes=[], producibleMediaTypes=[]}}
[15:00:22:244] [DEBUG] - springfox.documentation.spring.web.plugins.DefaultRequestHandlerCombiner.combine(DefaultRequestHandlerCombiner.java:52) - Adding key: [/mdmApi/projectInfo], WebMvcRequestHandler{key=RequestHandlerKey{pathMappings=[/mdmApi/projectInfo], supportedMethods=[POST], supportedMediaTypes=[], producibleMediaTypes=[]}}
[15:00:22:244] [DEBUG] - springfox.documentation.spring.web.plugins.DefaultRequestHandlerCombiner.combine(DefaultRequestHandlerCombiner.java:52) - Adding key: [/mdmApi/test], WebMvcRequestHandler{key=RequestHandlerKey{pathMappings=[/mdmApi/test], supportedMethods=[GET], supportedMediaTypes=[], producibleMediaTypes=[]}}
[15:00:22:244] [DEBUG] - springfox.documentation.spring.web.plugins.DefaultRequestHandlerCombiner.combine(DefaultRequestHandlerCombiner.java:52) - Adding key: [/swagger-resources/configuration/security], WebMvcRequestHandler{key=RequestHandlerKey{pathMappings=[/swagger-resources/configuration/security], supportedMethods=[], supportedMediaTypes=[], producibleMediaTypes=[]}}
[15:00:22:245] [DEBUG] - springfox.documentation.spring.web.plugins.DefaultRequestHandlerCombiner.combine(DefaultRequestHandlerCombiner.java:52) - Adding key: [/swagger-resources/configuration/ui], WebMvcRequestHandler{key=RequestHandlerKey{pathMappings=[/swagger-resources/configuration/ui], supportedMethods=[], supportedMediaTypes=[], producibleMediaTypes=[]}}
[15:00:22:245] [DEBUG] - springfox.documentation.spring.web.plugins.DefaultRequestHandlerCombiner.combine(DefaultRequestHandlerCombiner.java:52) - Adding key: [/swagger-resources], WebMvcRequestHandler{key=RequestHandlerKey{pathMappings=[/swagger-resources], supportedMethods=[], supportedMediaTypes=[], producibleMediaTypes=[]}}
[15:00:22:269] [DEBUG] - springfox.documentation.spring.web.plugins.DefaultRequestHandlerCombiner.combine(DefaultRequestHandlerCombiner.java:58) - Combined number of request handlers 15
[15:00:22:270] [INFO] - springfox.documentation.spring.web.scanners.ApiListingReferenceScanner.scan(ApiListingReferenceScanner.java:41) - Scanning for api listing references
[15:00:22:324] [INFO] - org.springframework.boot.StartupInfoLogger.logStarted(StartupInfoLogger.java:61) - Started SecdevApplication in 5.021 seconds (JVM running for 8.485)
[15:01:19:713] [DEBUG] - org.apache.http.impl.conn.PoolingHttpClientConnectionManager.closeExpiredConnections(PoolingHttpClientConnectionManager.java:448) - Closing expired connections
[15:02:19:725] [DEBUG] - org.apache.http.impl.conn.PoolingHttpClientConnectionManager.closeExpiredConnections(PoolingHttpClientConnectionManager.java:448) - Closing expired connections
[15:03:19:729] [DEBUG] - org.apache.http.impl.conn.PoolingHttpClientConnectionManager.closeExpiredConnections(PoolingHttpClientConnectionManager.java:448) - Closing expired connections
[15:04:19:741] [DEBUG] - org.apache.http.impl.conn.PoolingHttpClientConnectionManager.closeExpiredConnections(PoolingHttpClientConnectionManager.java:448) - Closing expired connections
[15:04:38:889] [INFO] - org.apache.juli.logging.DirectJDKLog.log(DirectJDKLog.java:173) - Initializing Spring DispatcherServlet 'dispatcherServlet'
[15:04:38:890] [INFO] - org.springframework.web.servlet.FrameworkServlet.initServletBean(FrameworkServlet.java:525) - Initializing Servlet 'dispatcherServlet'
[15:04:38:901] [INFO] - org.springframework.web.servlet.FrameworkServlet.initServletBean(FrameworkServlet.java:547) - Completed initialization in 11 ms
[15:04:38:923] [DEBUG] - springfox.documentation.spring.web.PropertySourcedRequestMappingHandlerMapping.lookupHandlerMethod(PropertySourcedRequestMappingHandlerMapping.java:108) - looking up handler for path: /edbApi/syncProCount
[15:05:59:647] [DEBUG] - org.apache.http.impl.conn.PoolingHttpClientConnectionManager.closeExpiredConnections(PoolingHttpClientConnectionManager.java:448) - Closing expired connections
[15:05:59:650] [DEBUG] - springfox.documentation.spring.web.PropertySourcedRequestMappingHandlerMapping.lookupHandlerMethod(PropertySourcedRequestMappingHandlerMapping.java:108) - looking up handler for path: /edbApi/syncBoq
[15:06:36:552] [INFO] - org.springframework.scheduling.concurrent.ExecutorConfigurationSupport.shutdown(ExecutorConfigurationSupport.java:218) - Shutting down ExecutorService 'applicationTaskExecutor'
[15:06:36:555] [DEBUG] - org.apache.http.impl.conn.PoolingHttpClientConnectionManager.shutdown(PoolingHttpClientConnectionManager.java:411) - Connection manager is shutting down
[15:06:36:556] [DEBUG] - org.apache.http.impl.conn.PoolingHttpClientConnectionManager.shutdown(PoolingHttpClientConnectionManager.java:434) - Connection manager shut down
[15:06:36:557] [DEBUG] - org.apache.http.impl.conn.PoolingHttpClientConnectionManager.closeExpiredConnections(PoolingHttpClientConnectionManager.java:448) - Closing expired connections
[15:06:46:794] [INFO] - org.springframework.boot.StartupInfoLogger.logStarting(StartupInfoLogger.java:55) - Starting SecdevApplication on DESKTOP-P8KLK6S with PID 19876 (E:\NewGrandWork\GitYunNan\newgrand-i8-3rdIntegration\secdev\target\classes started by 18362 in E:\NewGrandWork\GitYunNan\newgrand-i8-3rdIntegration)
[15:06:46:816] [DEBUG] - org.springframework.boot.StartupInfoLogger.logStarting(StartupInfoLogger.java:56) - Running with Spring Boot v2.3.3.RELEASE, Spring v5.2.8.RELEASE
[15:06:46:818] [INFO] - org.springframework.boot.SpringApplication.logStartupProfileInfo(SpringApplication.java:651) - No active profile set, falling back to default profiles: default
[15:06:48:517] [INFO] - org.springframework.boot.web.embedded.tomcat.TomcatWebServer.initialize(TomcatWebServer.java:108) - Tomcat initialized with port(s): 8087 (http)
[15:06:48:527] [INFO] - org.apache.juli.logging.DirectJDKLog.log(DirectJDKLog.java:173) - Initializing ProtocolHandler ["http-nio-8087"]
[15:06:48:527] [INFO] - org.apache.juli.logging.DirectJDKLog.log(DirectJDKLog.java:173) - Starting service [Tomcat]
[15:06:48:528] [INFO] - org.apache.juli.logging.DirectJDKLog.log(DirectJDKLog.java:173) - Starting Servlet engine: [Apache Tomcat/9.0.37]
[15:06:48:626] [INFO] - org.apache.juli.logging.DirectJDKLog.log(DirectJDKLog.java:173) - Initializing Spring embedded WebApplicationContext
[15:06:48:626] [INFO] - org.springframework.boot.web.servlet.context.ServletWebServerApplicationContext.prepareWebApplicationContext(ServletWebServerApplicationContext.java:285) - Root WebApplicationContext: initialization completed in 1661 ms
[15:06:49:603] [WARN] - com.alibaba.druid.pool.DruidAbstractDataSource.setDriverClassName(DruidAbstractDataSource.java:1176) - oracle.jdbc.driver.OracleDriver is deprecated.Having use oracle.jdbc.OracleDriver.
[15:06:50:084] [DEBUG] - springfox.documentation.spring.web.PropertySourcedRequestMappingHandlerMapping.initHandlerMethods(PropertySourcedRequestMappingHandlerMapping.java:54) - initialising the handler methods
[15:06:50:086] [INFO] - springfox.documentation.spring.web.PropertySourcedRequestMappingHandlerMapping.initHandlerMethods(PropertySourcedRequestMappingHandlerMapping.java:69) - Mapped URL path [/v2/api-docs] onto method [springfox.documentation.swagger2.web.Swagger2Controller#getDocumentation(String, HttpServletRequest)]
[15:06:50:180] [INFO] - org.springframework.scheduling.concurrent.ExecutorConfigurationSupport.initialize(ExecutorConfigurationSupport.java:181) - Initializing ExecutorService 'applicationTaskExecutor'
[15:06:50:373] [INFO] - org.apache.juli.logging.DirectJDKLog.log(DirectJDKLog.java:173) - Starting ProtocolHandler ["http-nio-8087"]
[15:06:50:404] [INFO] - org.springframework.boot.web.embedded.tomcat.TomcatWebServer.start(TomcatWebServer.java:220) - Tomcat started on port(s): 8087 (http) with context path '/secdev'
[15:06:50:405] [INFO] - springfox.documentation.spring.web.plugins.DocumentationPluginsBootstrapper.start(DocumentationPluginsBootstrapper.java:160) - Context refreshed
[15:06:50:426] [INFO] - springfox.documentation.spring.web.plugins.DocumentationPluginsBootstrapper.start(DocumentationPluginsBootstrapper.java:163) - Found 1 custom documentation plugin(s)
[15:06:50:443] [DEBUG] - springfox.documentation.spring.web.plugins.DefaultRequestHandlerCombiner.combine(DefaultRequestHandlerCombiner.java:50) - Total number of request handlers 15
[15:06:50:444] [DEBUG] - springfox.documentation.spring.web.plugins.DefaultRequestHandlerCombiner.combine(DefaultRequestHandlerCombiner.java:52) - Adding key: [/edbApi/Get], WebMvcRequestHandler{key=RequestHandlerKey{pathMappings=[/edbApi/Get], supportedMethods=[GET], supportedMediaTypes=[], producibleMediaTypes=[]}}
[15:06:50:445] [DEBUG] - springfox.documentation.spring.web.plugins.DefaultRequestHandlerCombiner.combine(DefaultRequestHandlerCombiner.java:52) - Adding key: [/edbApi/syncBoq], WebMvcRequestHandler{key=RequestHandlerKey{pathMappings=[/edbApi/syncBoq], supportedMethods=[POST], supportedMediaTypes=[], producibleMediaTypes=[]}}
[15:06:50:445] [DEBUG] - springfox.documentation.spring.web.plugins.DefaultRequestHandlerCombiner.combine(DefaultRequestHandlerCombiner.java:52) - Adding key: [/edbApi/syncProCount], WebMvcRequestHandler{key=RequestHandlerKey{pathMappings=[/edbApi/syncProCount], supportedMethods=[POST], supportedMediaTypes=[], producibleMediaTypes=[]}}
[15:06:50:445] [DEBUG] - springfox.documentation.spring.web.plugins.DefaultRequestHandlerCombiner.combine(DefaultRequestHandlerCombiner.java:52) - Adding key: [/edbApi/syncSubPackagePlan], WebMvcRequestHandler{key=RequestHandlerKey{pathMappings=[/edbApi/syncSubPackagePlan], supportedMethods=[POST], supportedMediaTypes=[], producibleMediaTypes=[]}}
[15:06:50:446] [DEBUG] - springfox.documentation.spring.web.plugins.DefaultRequestHandlerCombiner.combine(DefaultRequestHandlerCombiner.java:52) - Adding key: [/edbApi/syncSubPackage], WebMvcRequestHandler{key=RequestHandlerKey{pathMappings=[/edbApi/syncSubPackage], supportedMethods=[POST], supportedMediaTypes=[], producibleMediaTypes=[]}}
[15:06:50:446] [DEBUG] - springfox.documentation.spring.web.plugins.DefaultRequestHandlerCombiner.combine(DefaultRequestHandlerCombiner.java:52) - Adding key: [/edbApi/syncWbs], WebMvcRequestHandler{key=RequestHandlerKey{pathMappings=[/edbApi/syncWbs], supportedMethods=[POST], supportedMediaTypes=[], producibleMediaTypes=[]}}
[15:06:50:446] [DEBUG] - springfox.documentation.spring.web.plugins.DefaultRequestHandlerCombiner.combine(DefaultRequestHandlerCombiner.java:52) - Adding key: [/error], WebMvcRequestHandler{key=RequestHandlerKey{pathMappings=[/error], supportedMethods=[], supportedMediaTypes=[], producibleMediaTypes=[]}}
[15:06:50:447] [DEBUG] - springfox.documentation.spring.web.plugins.DefaultRequestHandlerCombiner.combine(DefaultRequestHandlerCombiner.java:52) - Adding key: [/error], WebMvcRequestHandler{key=RequestHandlerKey{pathMappings=[/error], supportedMethods=[], supportedMediaTypes=[], producibleMediaTypes=[text/html]}}
[15:06:50:447] [DEBUG] - springfox.documentation.spring.web.plugins.DefaultRequestHandlerCombiner.combine(DefaultRequestHandlerCombiner.java:52) - Adding key: [/mdmApi/enterpriseInfo], WebMvcRequestHandler{key=RequestHandlerKey{pathMappings=[/mdmApi/enterpriseInfo], supportedMethods=[POST], supportedMediaTypes=[], producibleMediaTypes=[]}}
[15:06:50:447] [DEBUG] - springfox.documentation.spring.web.plugins.DefaultRequestHandlerCombiner.combine(DefaultRequestHandlerCombiner.java:52) - Adding key: [/mdmApi/ping], WebMvcRequestHandler{key=RequestHandlerKey{pathMappings=[/mdmApi/ping], supportedMethods=[POST], supportedMediaTypes=[], producibleMediaTypes=[]}}
[15:06:50:447] [DEBUG] - springfox.documentation.spring.web.plugins.DefaultRequestHandlerCombiner.combine(DefaultRequestHandlerCombiner.java:52) - Adding key: [/mdmApi/projectInfo], WebMvcRequestHandler{key=RequestHandlerKey{pathMappings=[/mdmApi/projectInfo], supportedMethods=[POST], supportedMediaTypes=[], producibleMediaTypes=[]}}
[15:06:50:447] [DEBUG] - springfox.documentation.spring.web.plugins.DefaultRequestHandlerCombiner.combine(DefaultRequestHandlerCombiner.java:52) - Adding key: [/mdmApi/test], WebMvcRequestHandler{key=RequestHandlerKey{pathMappings=[/mdmApi/test], supportedMethods=[GET], supportedMediaTypes=[], producibleMediaTypes=[]}}
[15:06:50:448] [DEBUG] - springfox.documentation.spring.web.plugins.DefaultRequestHandlerCombiner.combine(DefaultRequestHandlerCombiner.java:52) - Adding key: [/swagger-resources/configuration/security], WebMvcRequestHandler{key=RequestHandlerKey{pathMappings=[/swagger-resources/configuration/security], supportedMethods=[], supportedMediaTypes=[], producibleMediaTypes=[]}}
[15:06:50:448] [DEBUG] - springfox.documentation.spring.web.plugins.DefaultRequestHandlerCombiner.combine(DefaultRequestHandlerCombiner.java:52) - Adding key: [/swagger-resources/configuration/ui], WebMvcRequestHandler{key=RequestHandlerKey{pathMappings=[/swagger-resources/configuration/ui], supportedMethods=[], supportedMediaTypes=[], producibleMediaTypes=[]}}
[15:06:50:448] [DEBUG] - springfox.documentation.spring.web.plugins.DefaultRequestHandlerCombiner.combine(DefaultRequestHandlerCombiner.java:52) - Adding key: [/swagger-resources], WebMvcRequestHandler{key=RequestHandlerKey{pathMappings=[/swagger-resources], supportedMethods=[], supportedMediaTypes=[], producibleMediaTypes=[]}}
[15:06:50:465] [DEBUG] - springfox.documentation.spring.web.plugins.DefaultRequestHandlerCombiner.combine(DefaultRequestHandlerCombiner.java:58) - Combined number of request handlers 15
[15:06:50:466] [INFO] - springfox.documentation.spring.web.scanners.ApiListingReferenceScanner.scan(ApiListingReferenceScanner.java:41) - Scanning for api listing references
[15:06:50:489] [INFO] - org.springframework.boot.StartupInfoLogger.logStarted(StartupInfoLogger.java:61) - Started SecdevApplication in 4.418 seconds (JVM running for 7.056)
[15:07:48:708] [DEBUG] - org.apache.http.impl.conn.PoolingHttpClientConnectionManager.closeExpiredConnections(PoolingHttpClientConnectionManager.java:448) - Closing expired connections
[15:08:34:887] [INFO] - org.springframework.scheduling.concurrent.ExecutorConfigurationSupport.shutdown(ExecutorConfigurationSupport.java:218) - Shutting down ExecutorService 'applicationTaskExecutor'
[15:08:34:889] [DEBUG] - org.apache.http.impl.conn.PoolingHttpClientConnectionManager.shutdown(PoolingHttpClientConnectionManager.java:411) - Connection manager is shutting down
[15:08:34:889] [DEBUG] - org.apache.http.impl.conn.PoolingHttpClientConnectionManager.shutdown(PoolingHttpClientConnectionManager.java:434) - Connection manager shut down
[15:08:34:890] [DEBUG] - org.apache.http.impl.conn.PoolingHttpClientConnectionManager.closeExpiredConnections(PoolingHttpClientConnectionManager.java:448) - Closing expired connections
[15:08:41:628] [INFO] - org.springframework.boot.StartupInfoLogger.logStarting(StartupInfoLogger.java:55) - Starting SecdevApplication on DESKTOP-P8KLK6S with PID 20608 (E:\NewGrandWork\GitYunNan\newgrand-i8-3rdIntegration\secdev\target\classes started by 18362 in E:\NewGrandWork\GitYunNan\newgrand-i8-3rdIntegration)
[15:08:41:661] [DEBUG] - org.springframework.boot.StartupInfoLogger.logStarting(StartupInfoLogger.java:56) - Running with Spring Boot v2.3.3.RELEASE, Spring v5.2.8.RELEASE
[15:08:41:664] [INFO] - org.springframework.boot.SpringApplication.logStartupProfileInfo(SpringApplication.java:651) - No active profile set, falling back to default profiles: default
[15:08:43:126] [INFO] - org.springframework.boot.web.embedded.tomcat.TomcatWebServer.initialize(TomcatWebServer.java:108) - Tomcat initialized with port(s): 8087 (http)
[15:08:43:136] [INFO] - org.apache.juli.logging.DirectJDKLog.log(DirectJDKLog.java:173) - Initializing ProtocolHandler ["http-nio-8087"]
[15:08:43:137] [INFO] - org.apache.juli.logging.DirectJDKLog.log(DirectJDKLog.java:173) - Starting service [Tomcat]
[15:08:43:137] [INFO] - org.apache.juli.logging.DirectJDKLog.log(DirectJDKLog.java:173) - Starting Servlet engine: [Apache Tomcat/9.0.37]
[15:08:43:232] [INFO] - org.apache.juli.logging.DirectJDKLog.log(DirectJDKLog.java:173) - Initializing Spring embedded WebApplicationContext
[15:08:43:232] [INFO] - org.springframework.boot.web.servlet.context.ServletWebServerApplicationContext.prepareWebApplicationContext(ServletWebServerApplicationContext.java:285) - Root WebApplicationContext: initialization completed in 1433 ms
[15:08:44:078] [WARN] - com.alibaba.druid.pool.DruidAbstractDataSource.setDriverClassName(DruidAbstractDataSource.java:1176) - oracle.jdbc.driver.OracleDriver is deprecated.Having use oracle.jdbc.OracleDriver.
[15:08:44:491] [DEBUG] - springfox.documentation.spring.web.PropertySourcedRequestMappingHandlerMapping.initHandlerMethods(PropertySourcedRequestMappingHandlerMapping.java:54) - initialising the handler methods
[15:08:44:493] [INFO] - springfox.documentation.spring.web.PropertySourcedRequestMappingHandlerMapping.initHandlerMethods(PropertySourcedRequestMappingHandlerMapping.java:69) - Mapped URL path [/v2/api-docs] onto method [springfox.documentation.swagger2.web.Swagger2Controller#getDocumentation(String, HttpServletRequest)]
[15:08:44:578] [INFO] - org.springframework.scheduling.concurrent.ExecutorConfigurationSupport.initialize(ExecutorConfigurationSupport.java:181) - Initializing ExecutorService 'applicationTaskExecutor'
[15:08:44:743] [INFO] - org.apache.juli.logging.DirectJDKLog.log(DirectJDKLog.java:173) - Starting ProtocolHandler ["http-nio-8087"]
[15:08:44:772] [INFO] - org.springframework.boot.web.embedded.tomcat.TomcatWebServer.start(TomcatWebServer.java:220) - Tomcat started on port(s): 8087 (http) with context path '/secdev'
[15:08:44:773] [INFO] - springfox.documentation.spring.web.plugins.DocumentationPluginsBootstrapper.start(DocumentationPluginsBootstrapper.java:160) - Context refreshed
[15:08:44:792] [INFO] - springfox.documentation.spring.web.plugins.DocumentationPluginsBootstrapper.start(DocumentationPluginsBootstrapper.java:163) - Found 1 custom documentation plugin(s)
[15:08:44:808] [DEBUG] - springfox.documentation.spring.web.plugins.DefaultRequestHandlerCombiner.combine(DefaultRequestHandlerCombiner.java:50) - Total number of request handlers 15
[15:08:44:809] [DEBUG] - springfox.documentation.spring.web.plugins.DefaultRequestHandlerCombiner.combine(DefaultRequestHandlerCombiner.java:52) - Adding key: [/edbApi/Get], WebMvcRequestHandler{key=RequestHandlerKey{pathMappings=[/edbApi/Get], supportedMethods=[GET], supportedMediaTypes=[], producibleMediaTypes=[]}}
[15:08:44:810] [DEBUG] - springfox.documentation.spring.web.plugins.DefaultRequestHandlerCombiner.combine(DefaultRequestHandlerCombiner.java:52) - Adding key: [/edbApi/syncBoq], WebMvcRequestHandler{key=RequestHandlerKey{pathMappings=[/edbApi/syncBoq], supportedMethods=[POST], supportedMediaTypes=[], producibleMediaTypes=[]}}
[15:08:44:810] [DEBUG] - springfox.documentation.spring.web.plugins.DefaultRequestHandlerCombiner.combine(DefaultRequestHandlerCombiner.java:52) - Adding key: [/edbApi/syncProCount], WebMvcRequestHandler{key=RequestHandlerKey{pathMappings=[/edbApi/syncProCount], supportedMethods=[POST], supportedMediaTypes=[], producibleMediaTypes=[]}}
[15:08:44:811] [DEBUG] - springfox.documentation.spring.web.plugins.DefaultRequestHandlerCombiner.combine(DefaultRequestHandlerCombiner.java:52) - Adding key: [/edbApi/syncSubPackagePlan], WebMvcRequestHandler{key=RequestHandlerKey{pathMappings=[/edbApi/syncSubPackagePlan], supportedMethods=[POST], supportedMediaTypes=[], producibleMediaTypes=[]}}
[15:08:44:811] [DEBUG] - springfox.documentation.spring.web.plugins.DefaultRequestHandlerCombiner.combine(DefaultRequestHandlerCombiner.java:52) - Adding key: [/edbApi/syncSubPackage], WebMvcRequestHandler{key=RequestHandlerKey{pathMappings=[/edbApi/syncSubPackage], supportedMethods=[POST], supportedMediaTypes=[], producibleMediaTypes=[]}}
[15:08:44:811] [DEBUG] - springfox.documentation.spring.web.plugins.DefaultRequestHandlerCombiner.combine(DefaultRequestHandlerCombiner.java:52) - Adding key: [/edbApi/syncWbs], WebMvcRequestHandler{key=RequestHandlerKey{pathMappings=[/edbApi/syncWbs], supportedMethods=[POST], supportedMediaTypes=[], producibleMediaTypes=[]}}
[15:08:44:811] [DEBUG] - springfox.documentation.spring.web.plugins.DefaultRequestHandlerCombiner.combine(DefaultRequestHandlerCombiner.java:52) - Adding key: [/error], WebMvcRequestHandler{key=RequestHandlerKey{pathMappings=[/error], supportedMethods=[], supportedMediaTypes=[], producibleMediaTypes=[]}}
[15:08:44:812] [DEBUG] - springfox.documentation.spring.web.plugins.DefaultRequestHandlerCombiner.combine(DefaultRequestHandlerCombiner.java:52) - Adding key: [/error], WebMvcRequestHandler{key=RequestHandlerKey{pathMappings=[/error], supportedMethods=[], supportedMediaTypes=[], producibleMediaTypes=[text/html]}}
[15:08:44:812] [DEBUG] - springfox.documentation.spring.web.plugins.DefaultRequestHandlerCombiner.combine(DefaultRequestHandlerCombiner.java:52) - Adding key: [/mdmApi/enterpriseInfo], WebMvcRequestHandler{key=RequestHandlerKey{pathMappings=[/mdmApi/enterpriseInfo], supportedMethods=[POST], supportedMediaTypes=[], producibleMediaTypes=[]}}
[15:08:44:812] [DEBUG] - springfox.documentation.spring.web.plugins.DefaultRequestHandlerCombiner.combine(DefaultRequestHandlerCombiner.java:52) - Adding key: [/mdmApi/ping], WebMvcRequestHandler{key=RequestHandlerKey{pathMappings=[/mdmApi/ping], supportedMethods=[POST], supportedMediaTypes=[], producibleMediaTypes=[]}}
[15:08:44:812] [DEBUG] - springfox.documentation.spring.web.plugins.DefaultRequestHandlerCombiner.combine(DefaultRequestHandlerCombiner.java:52) - Adding key: [/mdmApi/projectInfo], WebMvcRequestHandler{key=RequestHandlerKey{pathMappings=[/mdmApi/projectInfo], supportedMethods=[POST], supportedMediaTypes=[], producibleMediaTypes=[]}}
[15:08:44:812] [DEBUG] - springfox.documentation.spring.web.plugins.DefaultRequestHandlerCombiner.combine(DefaultRequestHandlerCombiner.java:52) - Adding key: [/mdmApi/test], WebMvcRequestHandler{key=RequestHandlerKey{pathMappings=[/mdmApi/test], supportedMethods=[GET], supportedMediaTypes=[], producibleMediaTypes=[]}}
[15:08:44:813] [DEBUG] - springfox.documentation.spring.web.plugins.DefaultRequestHandlerCombiner.combine(DefaultRequestHandlerCombiner.java:52) - Adding key: [/swagger-resources/configuration/security], WebMvcRequestHandler{key=RequestHandlerKey{pathMappings=[/swagger-resources/configuration/security], supportedMethods=[], supportedMediaTypes=[], producibleMediaTypes=[]}}
[15:08:44:813] [DEBUG] - springfox.documentation.spring.web.plugins.DefaultRequestHandlerCombiner.combine(DefaultRequestHandlerCombiner.java:52) - Adding key: [/swagger-resources/configuration/ui], WebMvcRequestHandler{key=RequestHandlerKey{pathMappings=[/swagger-resources/configuration/ui], supportedMethods=[], supportedMediaTypes=[], producibleMediaTypes=[]}}
[15:08:44:813] [DEBUG] - springfox.documentation.spring.web.plugins.DefaultRequestHandlerCombiner.combine(DefaultRequestHandlerCombiner.java:52) - Adding key: [/swagger-resources], WebMvcRequestHandler{key=RequestHandlerKey{pathMappings=[/swagger-resources], supportedMethods=[], supportedMediaTypes=[], producibleMediaTypes=[]}}
[15:08:44:831] [DEBUG] - springfox.documentation.spring.web.plugins.DefaultRequestHandlerCombiner.combine(DefaultRequestHandlerCombiner.java:58) - Combined number of request handlers 15
[15:08:44:832] [INFO] - springfox.documentation.spring.web.scanners.ApiListingReferenceScanner.scan(ApiListingReferenceScanner.java:41) - Scanning for api listing references
[15:08:44:854] [INFO] - org.springframework.boot.StartupInfoLogger.logStarted(StartupInfoLogger.java:61) - Started SecdevApplication in 3.741 seconds (JVM running for 5.899)
[15:09:00:668] [INFO] - org.apache.juli.logging.DirectJDKLog.log(DirectJDKLog.java:173) - Initializing Spring DispatcherServlet 'dispatcherServlet'
[15:09:00:668] [INFO] - org.springframework.web.servlet.FrameworkServlet.initServletBean(FrameworkServlet.java:525) - Initializing Servlet 'dispatcherServlet'
[15:09:00:678] [INFO] - org.springframework.web.servlet.FrameworkServlet.initServletBean(FrameworkServlet.java:547) - Completed initialization in 9 ms
[15:09:00:693] [DEBUG] - springfox.documentation.spring.web.PropertySourcedRequestMappingHandlerMapping.lookupHandlerMethod(PropertySourcedRequestMappingHandlerMapping.java:108) - looking up handler for path: /edbApi/syncBoq
[15:10:47:995] [DEBUG] - org.apache.http.impl.conn.PoolingHttpClientConnectionManager.closeExpiredConnections(PoolingHttpClientConnectionManager.java:448) - Closing expired connections
[15:10:48:543] [INFO] - org.springframework.scheduling.concurrent.ExecutorConfigurationSupport.shutdown(ExecutorConfigurationSupport.java:218) - Shutting down ExecutorService 'applicationTaskExecutor'
[15:10:48:548] [DEBUG] - org.apache.http.impl.conn.PoolingHttpClientConnectionManager.shutdown(PoolingHttpClientConnectionManager.java:411) - Connection manager is shutting down
[15:10:48:550] [DEBUG] - org.apache.http.impl.conn.PoolingHttpClientConnectionManager.shutdown(PoolingHttpClientConnectionManager.java:434) - Connection manager shut down
[15:10:48:551] [DEBUG] - org.apache.http.impl.conn.PoolingHttpClientConnectionManager.closeExpiredConnections(PoolingHttpClientConnectionManager.java:448) - Closing expired connections
[15:11:20:982] [INFO] - org.springframework.boot.StartupInfoLogger.logStarting(StartupInfoLogger.java:55) - Starting SecdevApplication on DESKTOP-P8KLK6S with PID 21524 (E:\NewGrandWork\GitYunNan\newgrand-i8-3rdIntegration\secdev\target\classes started by 18362 in E:\NewGrandWork\GitYunNan\newgrand-i8-3rdIntegration)
[15:11:20:997] [DEBUG] - org.springframework.boot.StartupInfoLogger.logStarting(StartupInfoLogger.java:56) - Running with Spring Boot v2.3.3.RELEASE, Spring v5.2.8.RELEASE
[15:11:20:999] [INFO] - org.springframework.boot.SpringApplication.logStartupProfileInfo(SpringApplication.java:651) - No active profile set, falling back to default profiles: default
[15:11:22:652] [INFO] - org.springframework.boot.web.embedded.tomcat.TomcatWebServer.initialize(TomcatWebServer.java:108) - Tomcat initialized with port(s): 8087 (http)
[15:11:22:663] [INFO] - org.apache.juli.logging.DirectJDKLog.log(DirectJDKLog.java:173) - Initializing ProtocolHandler ["http-nio-8087"]
[15:11:22:664] [INFO] - org.apache.juli.logging.DirectJDKLog.log(DirectJDKLog.java:173) - Starting service [Tomcat]
[15:11:22:664] [INFO] - org.apache.juli.logging.DirectJDKLog.log(DirectJDKLog.java:173) - Starting Servlet engine: [Apache Tomcat/9.0.37]
[15:11:22:757] [INFO] - org.apache.juli.logging.DirectJDKLog.log(DirectJDKLog.java:173) - Initializing Spring embedded WebApplicationContext
[15:11:22:758] [INFO] - org.springframework.boot.web.servlet.context.ServletWebServerApplicationContext.prepareWebApplicationContext(ServletWebServerApplicationContext.java:285) - Root WebApplicationContext: initialization completed in 1640 ms
[15:11:23:621] [WARN] - com.alibaba.druid.pool.DruidAbstractDataSource.setDriverClassName(DruidAbstractDataSource.java:1176) - oracle.jdbc.driver.OracleDriver is deprecated.Having use oracle.jdbc.OracleDriver.
[15:11:24:061] [DEBUG] - springfox.documentation.spring.web.PropertySourcedRequestMappingHandlerMapping.initHandlerMethods(PropertySourcedRequestMappingHandlerMapping.java:54) - initialising the handler methods
[15:11:24:064] [INFO] - springfox.documentation.spring.web.PropertySourcedRequestMappingHandlerMapping.initHandlerMethods(PropertySourcedRequestMappingHandlerMapping.java:69) - Mapped URL path [/v2/api-docs] onto method [springfox.documentation.swagger2.web.Swagger2Controller#getDocumentation(String, HttpServletRequest)]
[15:11:24:165] [INFO] - org.springframework.scheduling.concurrent.ExecutorConfigurationSupport.initialize(ExecutorConfigurationSupport.java:181) - Initializing ExecutorService 'applicationTaskExecutor'
[15:11:24:357] [INFO] - org.apache.juli.logging.DirectJDKLog.log(DirectJDKLog.java:173) - Starting ProtocolHandler ["http-nio-8087"]
[15:11:24:381] [INFO] - org.springframework.boot.web.embedded.tomcat.TomcatWebServer.start(TomcatWebServer.java:220) - Tomcat started on port(s): 8087 (http) with context path '/secdev'
[15:11:24:383] [INFO] - springfox.documentation.spring.web.plugins.DocumentationPluginsBootstrapper.start(DocumentationPluginsBootstrapper.java:160) - Context refreshed
[15:11:24:412] [INFO] - springfox.documentation.spring.web.plugins.DocumentationPluginsBootstrapper.start(DocumentationPluginsBootstrapper.java:163) - Found 1 custom documentation plugin(s)
[15:11:24:438] [DEBUG] - springfox.documentation.spring.web.plugins.DefaultRequestHandlerCombiner.combine(DefaultRequestHandlerCombiner.java:50) - Total number of request handlers 15
[15:11:24:438] [DEBUG] - springfox.documentation.spring.web.plugins.DefaultRequestHandlerCombiner.combine(DefaultRequestHandlerCombiner.java:52) - Adding key: [/edbApi/Get], WebMvcRequestHandler{key=RequestHandlerKey{pathMappings=[/edbApi/Get], supportedMethods=[GET], supportedMediaTypes=[], producibleMediaTypes=[]}}
[15:11:24:440] [DEBUG] - springfox.documentation.spring.web.plugins.DefaultRequestHandlerCombiner.combine(DefaultRequestHandlerCombiner.java:52) - Adding key: [/edbApi/syncBoq], WebMvcRequestHandler{key=RequestHandlerKey{pathMappings=[/edbApi/syncBoq], supportedMethods=[POST], supportedMediaTypes=[], producibleMediaTypes=[]}}
[15:11:24:441] [DEBUG] - springfox.documentation.spring.web.plugins.DefaultRequestHandlerCombiner.combine(DefaultRequestHandlerCombiner.java:52) - Adding key: [/edbApi/syncProCount], WebMvcRequestHandler{key=RequestHandlerKey{pathMappings=[/edbApi/syncProCount], supportedMethods=[POST], supportedMediaTypes=[], producibleMediaTypes=[]}}
[15:11:24:441] [DEBUG] - springfox.documentation.spring.web.plugins.DefaultRequestHandlerCombiner.combine(DefaultRequestHandlerCombiner.java:52) - Adding key: [/edbApi/syncSubPackagePlan], WebMvcRequestHandler{key=RequestHandlerKey{pathMappings=[/edbApi/syncSubPackagePlan], supportedMethods=[POST], supportedMediaTypes=[], producibleMediaTypes=[]}}
[15:11:24:442] [DEBUG] - springfox.documentation.spring.web.plugins.DefaultRequestHandlerCombiner.combine(DefaultRequestHandlerCombiner.java:52) - Adding key: [/edbApi/syncSubPackage], WebMvcRequestHandler{key=RequestHandlerKey{pathMappings=[/edbApi/syncSubPackage], supportedMethods=[POST], supportedMediaTypes=[], producibleMediaTypes=[]}}
[15:11:24:442] [DEBUG] - springfox.documentation.spring.web.plugins.DefaultRequestHandlerCombiner.combine(DefaultRequestHandlerCombiner.java:52) - Adding key: [/edbApi/syncWbs], WebMvcRequestHandler{key=RequestHandlerKey{pathMappings=[/edbApi/syncWbs], supportedMethods=[POST], supportedMediaTypes=[], producibleMediaTypes=[]}}
[15:11:24:442] [DEBUG] - springfox.documentation.spring.web.plugins.DefaultRequestHandlerCombiner.combine(DefaultRequestHandlerCombiner.java:52) - Adding key: [/error], WebMvcRequestHandler{key=RequestHandlerKey{pathMappings=[/error], supportedMethods=[], supportedMediaTypes=[], producibleMediaTypes=[]}}
[15:11:24:443] [DEBUG] - springfox.documentation.spring.web.plugins.DefaultRequestHandlerCombiner.combine(DefaultRequestHandlerCombiner.java:52) - Adding key: [/error], WebMvcRequestHandler{key=RequestHandlerKey{pathMappings=[/error], supportedMethods=[], supportedMediaTypes=[], producibleMediaTypes=[text/html]}}
[15:11:24:443] [DEBUG] - springfox.documentation.spring.web.plugins.DefaultRequestHandlerCombiner.combine(DefaultRequestHandlerCombiner.java:52) - Adding key: [/mdmApi/enterpriseInfo], WebMvcRequestHandler{key=RequestHandlerKey{pathMappings=[/mdmApi/enterpriseInfo], supportedMethods=[POST], supportedMediaTypes=[], producibleMediaTypes=[]}}
[15:11:24:443] [DEBUG] - springfox.documentation.spring.web.plugins.DefaultRequestHandlerCombiner.combine(DefaultRequestHandlerCombiner.java:52) - Adding key: [/mdmApi/ping], WebMvcRequestHandler{key=RequestHandlerKey{pathMappings=[/mdmApi/ping], supportedMethods=[POST], supportedMediaTypes=[], producibleMediaTypes=[]}}
[15:11:24:444] [DEBUG] - springfox.documentation.spring.web.plugins.DefaultRequestHandlerCombiner.combine(DefaultRequestHandlerCombiner.java:52) - Adding key: [/mdmApi/projectInfo], WebMvcRequestHandler{key=RequestHandlerKey{pathMappings=[/mdmApi/projectInfo], supportedMethods=[POST], supportedMediaTypes=[], producibleMediaTypes=[]}}
[15:11:24:444] [DEBUG] - springfox.documentation.spring.web.plugins.DefaultRequestHandlerCombiner.combine(DefaultRequestHandlerCombiner.java:52) - Adding key: [/mdmApi/test], WebMvcRequestHandler{key=RequestHandlerKey{pathMappings=[/mdmApi/test], supportedMethods=[GET], supportedMediaTypes=[], producibleMediaTypes=[]}}
[15:11:24:444] [DEBUG] - springfox.documentation.spring.web.plugins.DefaultRequestHandlerCombiner.combine(DefaultRequestHandlerCombiner.java:52) - Adding key: [/swagger-resources/configuration/security], WebMvcRequestHandler{key=RequestHandlerKey{pathMappings=[/swagger-resources/configuration/security], supportedMethods=[], supportedMediaTypes=[], producibleMediaTypes=[]}}
[15:11:24:444] [DEBUG] - springfox.documentation.spring.web.plugins.DefaultRequestHandlerCombiner.combine(DefaultRequestHandlerCombiner.java:52) - Adding key: [/swagger-resources/configuration/ui], WebMvcRequestHandler{key=RequestHandlerKey{pathMappings=[/swagger-resources/configuration/ui], supportedMethods=[], supportedMediaTypes=[], producibleMediaTypes=[]}}
[15:11:24:444] [DEBUG] - springfox.documentation.spring.web.plugins.DefaultRequestHandlerCombiner.combine(DefaultRequestHandlerCombiner.java:52) - Adding key: [/swagger-resources], WebMvcRequestHandler{key=RequestHandlerKey{pathMappings=[/swagger-resources], supportedMethods=[], supportedMediaTypes=[], producibleMediaTypes=[]}}
[15:11:24:464] [DEBUG] - springfox.documentation.spring.web.plugins.DefaultRequestHandlerCombiner.combine(DefaultRequestHandlerCombiner.java:58) - Combined number of request handlers 15
[15:11:24:465] [INFO] - springfox.documentation.spring.web.scanners.ApiListingReferenceScanner.scan(ApiListingReferenceScanner.java:41) - Scanning for api listing references
[15:11:24:492] [INFO] - org.springframework.boot.StartupInfoLogger.logStarted(StartupInfoLogger.java:61) - Started SecdevApplication in 4.033 seconds (JVM running for 6.462)
[15:12:22:838] [DEBUG] - org.apache.http.impl.conn.PoolingHttpClientConnectionManager.closeExpiredConnections(PoolingHttpClientConnectionManager.java:448) - Closing expired connections
[15:12:29:605] [INFO] - org.apache.juli.logging.DirectJDKLog.log(DirectJDKLog.java:173) - Initializing Spring DispatcherServlet 'dispatcherServlet'
[15:12:29:606] [INFO] - org.springframework.web.servlet.FrameworkServlet.initServletBean(FrameworkServlet.java:525) - Initializing Servlet 'dispatcherServlet'
[15:12:29:619] [INFO] - org.springframework.web.servlet.FrameworkServlet.initServletBean(FrameworkServlet.java:547) - Completed initialization in 13 ms
[15:12:29:638] [DEBUG] - springfox.documentation.spring.web.PropertySourcedRequestMappingHandlerMapping.lookupHandlerMethod(PropertySourcedRequestMappingHandlerMapping.java:108) - looking up handler for path: /edbApi/syncBoq
[15:12:39:087] [INFO] - org.springframework.scheduling.concurrent.ExecutorConfigurationSupport.shutdown(ExecutorConfigurationSupport.java:218) - Shutting down ExecutorService 'applicationTaskExecutor'
[15:12:39:089] [DEBUG] - org.apache.http.impl.conn.PoolingHttpClientConnectionManager.shutdown(PoolingHttpClientConnectionManager.java:411) - Connection manager is shutting down
[15:12:39:090] [DEBUG] - org.apache.http.impl.conn.PoolingHttpClientConnectionManager.shutdown(PoolingHttpClientConnectionManager.java:434) - Connection manager shut down
[15:12:39:090] [DEBUG] - org.apache.http.impl.conn.PoolingHttpClientConnectionManager.closeExpiredConnections(PoolingHttpClientConnectionManager.java:448) - Closing expired connections
[15:47:24:640] [INFO] - org.springframework.boot.StartupInfoLogger.logStarting(StartupInfoLogger.java:55) - Starting SecdevApplication on DESKTOP-P8KLK6S with PID 24472 (E:\NewGrandWork\GitYunNan\newgrand-i8-3rdIntegration\secdev\target\classes started by 18362 in E:\NewGrandWork\GitYunNan\newgrand-i8-3rdIntegration)
[15:47:24:655] [DEBUG] - org.springframework.boot.StartupInfoLogger.logStarting(StartupInfoLogger.java:56) - Running with Spring Boot v2.3.3.RELEASE, Spring v5.2.8.RELEASE
[15:47:24:657] [INFO] - org.springframework.boot.SpringApplication.logStartupProfileInfo(SpringApplication.java:651) - No active profile set, falling back to default profiles: default
[15:47:26:203] [INFO] - org.springframework.boot.web.embedded.tomcat.TomcatWebServer.initialize(TomcatWebServer.java:108) - Tomcat initialized with port(s): 8087 (http)
[15:47:26:213] [INFO] - org.apache.juli.logging.DirectJDKLog.log(DirectJDKLog.java:173) - Initializing ProtocolHandler ["http-nio-8087"]
[15:47:26:213] [INFO] - org.apache.juli.logging.DirectJDKLog.log(DirectJDKLog.java:173) - Starting service [Tomcat]
[15:47:26:213] [INFO] - org.apache.juli.logging.DirectJDKLog.log(DirectJDKLog.java:173) - Starting Servlet engine: [Apache Tomcat/9.0.37]
[15:47:26:315] [INFO] - org.apache.juli.logging.DirectJDKLog.log(DirectJDKLog.java:173) - Initializing Spring embedded WebApplicationContext
[15:47:26:315] [INFO] - org.springframework.boot.web.servlet.context.ServletWebServerApplicationContext.prepareWebApplicationContext(ServletWebServerApplicationContext.java:285) - Root WebApplicationContext: initialization completed in 1524 ms
[15:47:27:220] [WARN] - com.alibaba.druid.pool.DruidAbstractDataSource.setDriverClassName(DruidAbstractDataSource.java:1176) - oracle.jdbc.driver.OracleDriver is deprecated.Having use oracle.jdbc.OracleDriver.
[15:47:27:637] [DEBUG] - springfox.documentation.spring.web.PropertySourcedRequestMappingHandlerMapping.initHandlerMethods(PropertySourcedRequestMappingHandlerMapping.java:54) - initialising the handler methods
[15:47:27:640] [INFO] - springfox.documentation.spring.web.PropertySourcedRequestMappingHandlerMapping.initHandlerMethods(PropertySourcedRequestMappingHandlerMapping.java:69) - Mapped URL path [/v2/api-docs] onto method [springfox.documentation.swagger2.web.Swagger2Controller#getDocumentation(String, HttpServletRequest)]
[15:47:27:736] [INFO] - org.springframework.scheduling.concurrent.ExecutorConfigurationSupport.initialize(ExecutorConfigurationSupport.java:181) - Initializing ExecutorService 'applicationTaskExecutor'
[15:47:27:942] [INFO] - org.apache.juli.logging.DirectJDKLog.log(DirectJDKLog.java:173) - Starting ProtocolHandler ["http-nio-8087"]
[15:47:27:976] [INFO] - org.springframework.boot.web.embedded.tomcat.TomcatWebServer.start(TomcatWebServer.java:220) - Tomcat started on port(s): 8087 (http) with context path '/secdev'
[15:47:27:977] [INFO] - springfox.documentation.spring.web.plugins.DocumentationPluginsBootstrapper.start(DocumentationPluginsBootstrapper.java:160) - Context refreshed
[15:47:27:997] [INFO] - springfox.documentation.spring.web.plugins.DocumentationPluginsBootstrapper.start(DocumentationPluginsBootstrapper.java:163) - Found 1 custom documentation plugin(s)
[15:47:28:014] [DEBUG] - springfox.documentation.spring.web.plugins.DefaultRequestHandlerCombiner.combine(DefaultRequestHandlerCombiner.java:50) - Total number of request handlers 15
[15:47:28:015] [DEBUG] - springfox.documentation.spring.web.plugins.DefaultRequestHandlerCombiner.combine(DefaultRequestHandlerCombiner.java:52) - Adding key: [/edbApi/Get], WebMvcRequestHandler{key=RequestHandlerKey{pathMappings=[/edbApi/Get], supportedMethods=[GET], supportedMediaTypes=[], producibleMediaTypes=[]}}
[15:47:28:016] [DEBUG] - springfox.documentation.spring.web.plugins.DefaultRequestHandlerCombiner.combine(DefaultRequestHandlerCombiner.java:52) - Adding key: [/edbApi/syncBoq], WebMvcRequestHandler{key=RequestHandlerKey{pathMappings=[/edbApi/syncBoq], supportedMethods=[POST], supportedMediaTypes=[], producibleMediaTypes=[]}}
[15:47:28:016] [DEBUG] - springfox.documentation.spring.web.plugins.DefaultRequestHandlerCombiner.combine(DefaultRequestHandlerCombiner.java:52) - Adding key: [/edbApi/syncProCount], WebMvcRequestHandler{key=RequestHandlerKey{pathMappings=[/edbApi/syncProCount], supportedMethods=[POST], supportedMediaTypes=[], producibleMediaTypes=[]}}
[15:47:28:016] [DEBUG] - springfox.documentation.spring.web.plugins.DefaultRequestHandlerCombiner.combine(DefaultRequestHandlerCombiner.java:52) - Adding key: [/edbApi/syncSubPackagePlan], WebMvcRequestHandler{key=RequestHandlerKey{pathMappings=[/edbApi/syncSubPackagePlan], supportedMethods=[POST], supportedMediaTypes=[], producibleMediaTypes=[]}}
[15:47:28:017] [DEBUG] - springfox.documentation.spring.web.plugins.DefaultRequestHandlerCombiner.combine(DefaultRequestHandlerCombiner.java:52) - Adding key: [/edbApi/syncSubPackage], WebMvcRequestHandler{key=RequestHandlerKey{pathMappings=[/edbApi/syncSubPackage], supportedMethods=[POST], supportedMediaTypes=[], producibleMediaTypes=[]}}
[15:47:28:017] [DEBUG] - springfox.documentation.spring.web.plugins.DefaultRequestHandlerCombiner.combine(DefaultRequestHandlerCombiner.java:52) - Adding key: [/edbApi/syncWbs], WebMvcRequestHandler{key=RequestHandlerKey{pathMappings=[/edbApi/syncWbs], supportedMethods=[POST], supportedMediaTypes=[], producibleMediaTypes=[]}}
[15:47:28:017] [DEBUG] - springfox.documentation.spring.web.plugins.DefaultRequestHandlerCombiner.combine(DefaultRequestHandlerCombiner.java:52) - Adding key: [/error], WebMvcRequestHandler{key=RequestHandlerKey{pathMappings=[/error], supportedMethods=[], supportedMediaTypes=[], producibleMediaTypes=[]}}
[15:47:28:018] [DEBUG] - springfox.documentation.spring.web.plugins.DefaultRequestHandlerCombiner.combine(DefaultRequestHandlerCombiner.java:52) - Adding key: [/error], WebMvcRequestHandler{key=RequestHandlerKey{pathMappings=[/error], supportedMethods=[], supportedMediaTypes=[], producibleMediaTypes=[text/html]}}
[15:47:28:018] [DEBUG] - springfox.documentation.spring.web.plugins.DefaultRequestHandlerCombiner.combine(DefaultRequestHandlerCombiner.java:52) - Adding key: [/mdmApi/enterpriseInfo], WebMvcRequestHandler{key=RequestHandlerKey{pathMappings=[/mdmApi/enterpriseInfo], supportedMethods=[POST], supportedMediaTypes=[], producibleMediaTypes=[]}}
[15:47:28:019] [DEBUG] - springfox.documentation.spring.web.plugins.DefaultRequestHandlerCombiner.combine(DefaultRequestHandlerCombiner.java:52) - Adding key: [/mdmApi/ping], WebMvcRequestHandler{key=RequestHandlerKey{pathMappings=[/mdmApi/ping], supportedMethods=[POST], supportedMediaTypes=[], producibleMediaTypes=[]}}
[15:47:28:019] [DEBUG] - springfox.documentation.spring.web.plugins.DefaultRequestHandlerCombiner.combine(DefaultRequestHandlerCombiner.java:52) - Adding key: [/mdmApi/projectInfo], WebMvcRequestHandler{key=RequestHandlerKey{pathMappings=[/mdmApi/projectInfo], supportedMethods=[POST], supportedMediaTypes=[], producibleMediaTypes=[]}}
[15:47:28:019] [DEBUG] - springfox.documentation.spring.web.plugins.DefaultRequestHandlerCombiner.combine(DefaultRequestHandlerCombiner.java:52) - Adding key: [/mdmApi/test], WebMvcRequestHandler{key=RequestHandlerKey{pathMappings=[/mdmApi/test], supportedMethods=[GET], supportedMediaTypes=[], producibleMediaTypes=[]}}
[15:47:28:019] [DEBUG] - springfox.documentation.spring.web.plugins.DefaultRequestHandlerCombiner.combine(DefaultRequestHandlerCombiner.java:52) - Adding key: [/swagger-resources/configuration/security], WebMvcRequestHandler{key=RequestHandlerKey{pathMappings=[/swagger-resources/configuration/security], supportedMethods=[], supportedMediaTypes=[], producibleMediaTypes=[]}}
[15:47:28:020] [DEBUG] - springfox.documentation.spring.web.plugins.DefaultRequestHandlerCombiner.combine(DefaultRequestHandlerCombiner.java:52) - Adding key: [/swagger-resources/configuration/ui], WebMvcRequestHandler{key=RequestHandlerKey{pathMappings=[/swagger-resources/configuration/ui], supportedMethods=[], supportedMediaTypes=[], producibleMediaTypes=[]}}
[15:47:28:020] [DEBUG] - springfox.documentation.spring.web.plugins.DefaultRequestHandlerCombiner.combine(DefaultRequestHandlerCombiner.java:52) - Adding key: [/swagger-resources], WebMvcRequestHandler{key=RequestHandlerKey{pathMappings=[/swagger-resources], supportedMethods=[], supportedMediaTypes=[], producibleMediaTypes=[]}}
[15:47:28:035] [DEBUG] - springfox.documentation.spring.web.plugins.DefaultRequestHandlerCombiner.combine(DefaultRequestHandlerCombiner.java:58) - Combined number of request handlers 15
[15:47:28:036] [INFO] - springfox.documentation.spring.web.scanners.ApiListingReferenceScanner.scan(ApiListingReferenceScanner.java:41) - Scanning for api listing references
[15:47:28:062] [INFO] - org.springframework.boot.StartupInfoLogger.logStarted(StartupInfoLogger.java:61) - Started SecdevApplication in 3.978 seconds (JVM running for 6.725)
[15:48:26:400] [DEBUG] - org.apache.http.impl.conn.PoolingHttpClientConnectionManager.closeExpiredConnections(PoolingHttpClientConnectionManager.java:448) - Closing expired connections
[15:49:26:402] [DEBUG] - org.apache.http.impl.conn.PoolingHttpClientConnectionManager.closeExpiredConnections(PoolingHttpClientConnectionManager.java:448) - Closing expired connections
[15:50:26:410] [DEBUG] - org.apache.http.impl.conn.PoolingHttpClientConnectionManager.closeExpiredConnections(PoolingHttpClientConnectionManager.java:448) - Closing expired connections
[15:51:26:417] [DEBUG] - org.apache.http.impl.conn.PoolingHttpClientConnectionManager.closeExpiredConnections(PoolingHttpClientConnectionManager.java:448) - Closing expired connections
[15:52:26:419] [DEBUG] - org.apache.http.impl.conn.PoolingHttpClientConnectionManager.closeExpiredConnections(PoolingHttpClientConnectionManager.java:448) - Closing expired connections
[15:53:26:433] [DEBUG] - org.apache.http.impl.conn.PoolingHttpClientConnectionManager.closeExpiredConnections(PoolingHttpClientConnectionManager.java:448) - Closing expired connections
[15:54:26:445] [DEBUG] - org.apache.http.impl.conn.PoolingHttpClientConnectionManager.closeExpiredConnections(PoolingHttpClientConnectionManager.java:448) - Closing expired connections
[15:55:26:446] [DEBUG] - org.apache.http.impl.conn.PoolingHttpClientConnectionManager.closeExpiredConnections(PoolingHttpClientConnectionManager.java:448) - Closing expired connections
[15:56:26:449] [DEBUG] - org.apache.http.impl.conn.PoolingHttpClientConnectionManager.closeExpiredConnections(PoolingHttpClientConnectionManager.java:448) - Closing expired connections
[15:57:26:458] [DEBUG] - org.apache.http.impl.conn.PoolingHttpClientConnectionManager.closeExpiredConnections(PoolingHttpClientConnectionManager.java:448) - Closing expired connections
[15:58:26:467] [DEBUG] - org.apache.http.impl.conn.PoolingHttpClientConnectionManager.closeExpiredConnections(PoolingHttpClientConnectionManager.java:448) - Closing expired connections
[15:59:26:475] [DEBUG] - org.apache.http.impl.conn.PoolingHttpClientConnectionManager.closeExpiredConnections(PoolingHttpClientConnectionManager.java:448) - Closing expired connections
[15:59:54:384] [INFO] - org.apache.juli.logging.DirectJDKLog.log(DirectJDKLog.java:173) - Initializing Spring DispatcherServlet 'dispatcherServlet'
[15:59:54:384] [INFO] - org.springframework.web.servlet.FrameworkServlet.initServletBean(FrameworkServlet.java:525) - Initializing Servlet 'dispatcherServlet'
[15:59:54:397] [INFO] - org.springframework.web.servlet.FrameworkServlet.initServletBean(FrameworkServlet.java:547) - Completed initialization in 11 ms
[15:59:54:414] [DEBUG] - springfox.documentation.spring.web.PropertySourcedRequestMappingHandlerMapping.lookupHandlerMethod(PropertySourcedRequestMappingHandlerMapping.java:108) - looking up handler for path: /edbApi/syncBoq
[16:00:14:799] [INFO] - org.springframework.scheduling.concurrent.ExecutorConfigurationSupport.shutdown(ExecutorConfigurationSupport.java:218) - Shutting down ExecutorService 'applicationTaskExecutor'
[16:00:14:802] [DEBUG] - org.apache.http.impl.conn.PoolingHttpClientConnectionManager.shutdown(PoolingHttpClientConnectionManager.java:411) - Connection manager is shutting down
[16:00:14:804] [DEBUG] - org.apache.http.impl.conn.PoolingHttpClientConnectionManager.shutdown(PoolingHttpClientConnectionManager.java:434) - Connection manager shut down
[16:00:14:805] [DEBUG] - org.apache.http.impl.conn.PoolingHttpClientConnectionManager.closeExpiredConnections(PoolingHttpClientConnectionManager.java:448) - Closing expired connections
