[15:48:54:339] [INFO] - org.springframework.boot.StartupInfoLogger.logStarting(StartupInfoLogger.java:55) - Starting SecdevApplication on DESKTOP-CI7DF64 with PID 14624 (D:\Java\云南建投代码\newgrand-i8-3rdIntegration\secdev\target\classes started by zhaof in D:\Java\云南建投代码\newgrand-i8-3rdIntegration)
[15:48:54:359] [DEBUG] - org.springframework.boot.StartupInfoLogger.logStarting(StartupInfoLogger.java:56) - Running with Spring Boot v2.3.3.RELEASE, Spring v5.2.8.RELEASE
[15:48:54:360] [INFO] - org.springframework.boot.SpringApplication.logStartupProfileInfo(SpringApplication.java:651) - No active profile set, falling back to default profiles: default
[15:48:55:700] [INFO] - org.springframework.boot.web.embedded.tomcat.TomcatWebServer.initialize(TomcatWebServer.java:108) - Tomcat initialized with port(s): 8087 (http)
[15:48:55:714] [INFO] - org.apache.juli.logging.DirectJDKLog.log(DirectJDKLog.java:173) - Initializing ProtocolHandler ["http-nio-8087"]
[15:48:55:715] [INFO] - org.apache.juli.logging.DirectJDKLog.log(DirectJDKLog.java:173) - Starting service [Tomcat]
[15:48:55:715] [INFO] - org.apache.juli.logging.DirectJDKLog.log(DirectJDKLog.java:173) - Starting Servlet engine: [Apache Tomcat/9.0.37]
[15:48:55:864] [INFO] - org.apache.juli.logging.DirectJDKLog.log(DirectJDKLog.java:173) - Initializing Spring embedded WebApplicationContext
[15:48:55:865] [INFO] - org.springframework.boot.web.servlet.context.ServletWebServerApplicationContext.prepareWebApplicationContext(ServletWebServerApplicationContext.java:285) - Root WebApplicationContext: initialization completed in 1443 ms
[15:48:56:751] [WARN] - com.alibaba.druid.pool.DruidAbstractDataSource.setDriverClassName(DruidAbstractDataSource.java:1176) - oracle.jdbc.driver.OracleDriver is deprecated.Having use oracle.jdbc.OracleDriver.
[15:48:57:090] [DEBUG] - springfox.documentation.spring.web.PropertySourcedRequestMappingHandlerMapping.initHandlerMethods(PropertySourcedRequestMappingHandlerMapping.java:54) - initialising the handler methods
[15:48:57:092] [INFO] - springfox.documentation.spring.web.PropertySourcedRequestMappingHandlerMapping.initHandlerMethods(PropertySourcedRequestMappingHandlerMapping.java:69) - Mapped URL path [/v2/api-docs] onto method [springfox.documentation.swagger2.web.Swagger2Controller#getDocumentation(String, HttpServletRequest)]
[15:48:57:152] [INFO] - org.springframework.scheduling.concurrent.ExecutorConfigurationSupport.initialize(ExecutorConfigurationSupport.java:181) - Initializing ExecutorService 'applicationTaskExecutor'
[15:48:57:261] [INFO] - org.apache.juli.logging.DirectJDKLog.log(DirectJDKLog.java:173) - Starting ProtocolHandler ["http-nio-8087"]
[15:48:57:279] [INFO] - org.springframework.boot.web.embedded.tomcat.TomcatWebServer.start(TomcatWebServer.java:220) - Tomcat started on port(s): 8087 (http) with context path '/secdev'
[15:48:57:280] [INFO] - springfox.documentation.spring.web.plugins.DocumentationPluginsBootstrapper.start(DocumentationPluginsBootstrapper.java:160) - Context refreshed
[15:48:57:294] [INFO] - springfox.documentation.spring.web.plugins.DocumentationPluginsBootstrapper.start(DocumentationPluginsBootstrapper.java:163) - Found 1 custom documentation plugin(s)
[15:48:57:307] [DEBUG] - springfox.documentation.spring.web.plugins.DefaultRequestHandlerCombiner.combine(DefaultRequestHandlerCombiner.java:50) - Total number of request handlers 17
[15:48:57:307] [DEBUG] - springfox.documentation.spring.web.plugins.DefaultRequestHandlerCombiner.combine(DefaultRequestHandlerCombiner.java:52) - Adding key: [/edbApi/Get], WebMvcRequestHandler{key=RequestHandlerKey{pathMappings=[/edbApi/Get], supportedMethods=[GET], supportedMediaTypes=[], producibleMediaTypes=[]}}
[15:48:57:308] [DEBUG] - springfox.documentation.spring.web.plugins.DefaultRequestHandlerCombiner.combine(DefaultRequestHandlerCombiner.java:52) - Adding key: [/edbApi/getCbs], WebMvcRequestHandler{key=RequestHandlerKey{pathMappings=[/edbApi/getCbs], supportedMethods=[GET], supportedMediaTypes=[], producibleMediaTypes=[]}}
[15:48:57:308] [DEBUG] - springfox.documentation.spring.web.plugins.DefaultRequestHandlerCombiner.combine(DefaultRequestHandlerCombiner.java:52) - Adding key: [/edbApi/getCnt], WebMvcRequestHandler{key=RequestHandlerKey{pathMappings=[/edbApi/getCnt], supportedMethods=[GET], supportedMediaTypes=[], producibleMediaTypes=[]}}
[15:48:57:308] [DEBUG] - springfox.documentation.spring.web.plugins.DefaultRequestHandlerCombiner.combine(DefaultRequestHandlerCombiner.java:52) - Adding key: [/edbApi/syncBoq], WebMvcRequestHandler{key=RequestHandlerKey{pathMappings=[/edbApi/syncBoq], supportedMethods=[POST], supportedMediaTypes=[], producibleMediaTypes=[]}}
[15:48:57:308] [DEBUG] - springfox.documentation.spring.web.plugins.DefaultRequestHandlerCombiner.combine(DefaultRequestHandlerCombiner.java:52) - Adding key: [/edbApi/syncProCount], WebMvcRequestHandler{key=RequestHandlerKey{pathMappings=[/edbApi/syncProCount], supportedMethods=[POST], supportedMediaTypes=[], producibleMediaTypes=[]}}
[15:48:57:308] [DEBUG] - springfox.documentation.spring.web.plugins.DefaultRequestHandlerCombiner.combine(DefaultRequestHandlerCombiner.java:52) - Adding key: [/edbApi/syncSubPackagePlan], WebMvcRequestHandler{key=RequestHandlerKey{pathMappings=[/edbApi/syncSubPackagePlan], supportedMethods=[POST], supportedMediaTypes=[], producibleMediaTypes=[]}}
[15:48:57:308] [DEBUG] - springfox.documentation.spring.web.plugins.DefaultRequestHandlerCombiner.combine(DefaultRequestHandlerCombiner.java:52) - Adding key: [/edbApi/syncSubPackage], WebMvcRequestHandler{key=RequestHandlerKey{pathMappings=[/edbApi/syncSubPackage], supportedMethods=[POST], supportedMediaTypes=[], producibleMediaTypes=[]}}
[15:48:57:309] [DEBUG] - springfox.documentation.spring.web.plugins.DefaultRequestHandlerCombiner.combine(DefaultRequestHandlerCombiner.java:52) - Adding key: [/edbApi/syncWbs], WebMvcRequestHandler{key=RequestHandlerKey{pathMappings=[/edbApi/syncWbs], supportedMethods=[POST], supportedMediaTypes=[], producibleMediaTypes=[]}}
[15:48:57:309] [DEBUG] - springfox.documentation.spring.web.plugins.DefaultRequestHandlerCombiner.combine(DefaultRequestHandlerCombiner.java:52) - Adding key: [/error], WebMvcRequestHandler{key=RequestHandlerKey{pathMappings=[/error], supportedMethods=[], supportedMediaTypes=[], producibleMediaTypes=[]}}
[15:48:57:309] [DEBUG] - springfox.documentation.spring.web.plugins.DefaultRequestHandlerCombiner.combine(DefaultRequestHandlerCombiner.java:52) - Adding key: [/error], WebMvcRequestHandler{key=RequestHandlerKey{pathMappings=[/error], supportedMethods=[], supportedMediaTypes=[], producibleMediaTypes=[text/html]}}
[15:48:57:309] [DEBUG] - springfox.documentation.spring.web.plugins.DefaultRequestHandlerCombiner.combine(DefaultRequestHandlerCombiner.java:52) - Adding key: [/mdmApi/enterpriseInfo], WebMvcRequestHandler{key=RequestHandlerKey{pathMappings=[/mdmApi/enterpriseInfo], supportedMethods=[POST], supportedMediaTypes=[], producibleMediaTypes=[]}}
[15:48:57:309] [DEBUG] - springfox.documentation.spring.web.plugins.DefaultRequestHandlerCombiner.combine(DefaultRequestHandlerCombiner.java:52) - Adding key: [/mdmApi/ping], WebMvcRequestHandler{key=RequestHandlerKey{pathMappings=[/mdmApi/ping], supportedMethods=[POST], supportedMediaTypes=[], producibleMediaTypes=[]}}
[15:48:57:309] [DEBUG] - springfox.documentation.spring.web.plugins.DefaultRequestHandlerCombiner.combine(DefaultRequestHandlerCombiner.java:52) - Adding key: [/mdmApi/projectInfo], WebMvcRequestHandler{key=RequestHandlerKey{pathMappings=[/mdmApi/projectInfo], supportedMethods=[POST], supportedMediaTypes=[], producibleMediaTypes=[]}}
[15:48:57:309] [DEBUG] - springfox.documentation.spring.web.plugins.DefaultRequestHandlerCombiner.combine(DefaultRequestHandlerCombiner.java:52) - Adding key: [/mdmApi/test], WebMvcRequestHandler{key=RequestHandlerKey{pathMappings=[/mdmApi/test], supportedMethods=[GET], supportedMediaTypes=[], producibleMediaTypes=[]}}
[15:48:57:310] [DEBUG] - springfox.documentation.spring.web.plugins.DefaultRequestHandlerCombiner.combine(DefaultRequestHandlerCombiner.java:52) - Adding key: [/swagger-resources/configuration/security], WebMvcRequestHandler{key=RequestHandlerKey{pathMappings=[/swagger-resources/configuration/security], supportedMethods=[], supportedMediaTypes=[], producibleMediaTypes=[]}}
[15:48:57:310] [DEBUG] - springfox.documentation.spring.web.plugins.DefaultRequestHandlerCombiner.combine(DefaultRequestHandlerCombiner.java:52) - Adding key: [/swagger-resources/configuration/ui], WebMvcRequestHandler{key=RequestHandlerKey{pathMappings=[/swagger-resources/configuration/ui], supportedMethods=[], supportedMediaTypes=[], producibleMediaTypes=[]}}
[15:48:57:310] [DEBUG] - springfox.documentation.spring.web.plugins.DefaultRequestHandlerCombiner.combine(DefaultRequestHandlerCombiner.java:52) - Adding key: [/swagger-resources], WebMvcRequestHandler{key=RequestHandlerKey{pathMappings=[/swagger-resources], supportedMethods=[], supportedMediaTypes=[], producibleMediaTypes=[]}}
[15:48:57:321] [DEBUG] - springfox.documentation.spring.web.plugins.DefaultRequestHandlerCombiner.combine(DefaultRequestHandlerCombiner.java:58) - Combined number of request handlers 17
[15:48:57:321] [INFO] - springfox.documentation.spring.web.scanners.ApiListingReferenceScanner.scan(ApiListingReferenceScanner.java:41) - Scanning for api listing references
[15:48:57:338] [INFO] - org.springframework.boot.StartupInfoLogger.logStarted(StartupInfoLogger.java:61) - Started SecdevApplication in 3.271 seconds (JVM running for 5.501)
[15:49:03:699] [INFO] - org.springframework.scheduling.concurrent.ExecutorConfigurationSupport.shutdown(ExecutorConfigurationSupport.java:218) - Shutting down ExecutorService 'applicationTaskExecutor'
[15:49:03:700] [DEBUG] - org.apache.http.impl.conn.PoolingHttpClientConnectionManager.shutdown(PoolingHttpClientConnectionManager.java:411) - Connection manager is shutting down
[15:49:03:701] [DEBUG] - org.apache.http.impl.conn.PoolingHttpClientConnectionManager.shutdown(PoolingHttpClientConnectionManager.java:434) - Connection manager shut down
[15:49:03:701] [DEBUG] - org.apache.http.impl.conn.PoolingHttpClientConnectionManager.closeExpiredConnections(PoolingHttpClientConnectionManager.java:448) - Closing expired connections
