[18:23:05:168] [INFO] - org.springframework.boot.StartupInfoLogger.logStarting(StartupInfoLogger.java:55) - Starting SecdevApplication on DESKTOP-CI7DF64 with PID 13228 (D:\Java\云南建投代码\newgrand-i8-AM\target\classes started by zhaof in D:\Java\云南建投代码\newgrand-i8-AM)
[18:23:05:188] [DEBUG] - org.springframework.boot.StartupInfoLogger.logStarting(StartupInfoLogger.java:56) - Running with Spring Boot v2.3.3.RELEASE, Spring v5.2.8.RELEASE
[18:23:05:189] [INFO] - org.springframework.boot.SpringApplication.logStartupProfileInfo(SpringApplication.java:651) - No active profile set, falling back to default profiles: default
[18:23:06:428] [INFO] - org.springframework.boot.web.embedded.tomcat.TomcatWebServer.initialize(TomcatWebServer.java:108) - Tomcat initialized with port(s): 9080 (http)
[18:23:06:436] [INFO] - org.apache.juli.logging.DirectJDKLog.log(DirectJDKLog.java:173) - Initializing ProtocolHandler ["http-nio-9080"]
[18:23:06:437] [INFO] - org.apache.juli.logging.DirectJDKLog.log(DirectJDKLog.java:173) - Starting service [Tomcat]
[18:23:06:438] [INFO] - org.apache.juli.logging.DirectJDKLog.log(DirectJDKLog.java:173) - Starting Servlet engine: [Apache Tomcat/9.0.37]
[18:23:06:541] [INFO] - org.apache.juli.logging.DirectJDKLog.log(DirectJDKLog.java:173) - Initializing Spring embedded WebApplicationContext
[18:23:06:542] [INFO] - org.springframework.boot.web.servlet.context.ServletWebServerApplicationContext.prepareWebApplicationContext(ServletWebServerApplicationContext.java:285) - Root WebApplicationContext: initialization completed in 1294 ms
[18:23:07:456] [WARN] - com.alibaba.druid.pool.DruidAbstractDataSource.setDriverClassName(DruidAbstractDataSource.java:1176) - oracle.jdbc.driver.OracleDriver is deprecated.Having use oracle.jdbc.OracleDriver.
[18:23:07:730] [DEBUG] - springfox.documentation.spring.web.PropertySourcedRequestMappingHandlerMapping.initHandlerMethods(PropertySourcedRequestMappingHandlerMapping.java:54) - initialising the handler methods
[18:23:07:732] [INFO] - springfox.documentation.spring.web.PropertySourcedRequestMappingHandlerMapping.initHandlerMethods(PropertySourcedRequestMappingHandlerMapping.java:69) - Mapped URL path [/v2/api-docs] onto method [springfox.documentation.swagger2.web.Swagger2Controller#getDocumentation(String, HttpServletRequest)]
[18:23:07:791] [INFO] - org.springframework.scheduling.concurrent.ExecutorConfigurationSupport.initialize(ExecutorConfigurationSupport.java:181) - Initializing ExecutorService 'applicationTaskExecutor'
[18:23:07:901] [INFO] - org.apache.juli.logging.DirectJDKLog.log(DirectJDKLog.java:173) - Starting ProtocolHandler ["http-nio-9080"]
[18:23:07:920] [INFO] - org.springframework.boot.web.embedded.tomcat.TomcatWebServer.start(TomcatWebServer.java:220) - Tomcat started on port(s): 9080 (http) with context path ''
[18:23:07:921] [INFO] - springfox.documentation.spring.web.plugins.DocumentationPluginsBootstrapper.start(DocumentationPluginsBootstrapper.java:160) - Context refreshed
[18:23:07:935] [INFO] - springfox.documentation.spring.web.plugins.DocumentationPluginsBootstrapper.start(DocumentationPluginsBootstrapper.java:163) - Found 1 custom documentation plugin(s)
[18:23:07:948] [DEBUG] - springfox.documentation.spring.web.plugins.DefaultRequestHandlerCombiner.combine(DefaultRequestHandlerCombiner.java:50) - Total number of request handlers 16
[18:23:07:949] [DEBUG] - springfox.documentation.spring.web.plugins.DefaultRequestHandlerCombiner.combine(DefaultRequestHandlerCombiner.java:52) - Adding key: [/dbjgApi/dbInfo], WebMvcRequestHandler{key=RequestHandlerKey{pathMappings=[/dbjgApi/dbInfo], supportedMethods=[POST], supportedMediaTypes=[], producibleMediaTypes=[]}}
[18:23:07:949] [DEBUG] - springfox.documentation.spring.web.plugins.DefaultRequestHandlerCombiner.combine(DefaultRequestHandlerCombiner.java:52) - Adding key: [/dbjgApi/postFbSub], WebMvcRequestHandler{key=RequestHandlerKey{pathMappings=[/dbjgApi/postFbSub], supportedMethods=[POST], supportedMediaTypes=[], producibleMediaTypes=[]}}
[18:23:07:949] [DEBUG] - springfox.documentation.spring.web.plugins.DefaultRequestHandlerCombiner.combine(DefaultRequestHandlerCombiner.java:52) - Adding key: [/error], WebMvcRequestHandler{key=RequestHandlerKey{pathMappings=[/error], supportedMethods=[], supportedMediaTypes=[], producibleMediaTypes=[]}}
[18:23:07:950] [DEBUG] - springfox.documentation.spring.web.plugins.DefaultRequestHandlerCombiner.combine(DefaultRequestHandlerCombiner.java:52) - Adding key: [/error], WebMvcRequestHandler{key=RequestHandlerKey{pathMappings=[/error], supportedMethods=[], supportedMediaTypes=[], producibleMediaTypes=[text/html]}}
[18:23:07:950] [DEBUG] - springfox.documentation.spring.web.plugins.DefaultRequestHandlerCombiner.combine(DefaultRequestHandlerCombiner.java:52) - Adding key: [/lmApi/getSSOUrl], WebMvcRequestHandler{key=RequestHandlerKey{pathMappings=[/lmApi/getSSOUrl], supportedMethods=[GET], supportedMediaTypes=[], producibleMediaTypes=[]}}
[18:23:07:950] [DEBUG] - springfox.documentation.spring.web.plugins.DefaultRequestHandlerCombiner.combine(DefaultRequestHandlerCombiner.java:52) - Adding key: [/lmApi/index], WebMvcRequestHandler{key=RequestHandlerKey{pathMappings=[/lmApi/index], supportedMethods=[GET], supportedMediaTypes=[], producibleMediaTypes=[]}}
[18:23:07:950] [DEBUG] - springfox.documentation.spring.web.plugins.DefaultRequestHandlerCombiner.combine(DefaultRequestHandlerCombiner.java:52) - Adding key: [/lmApi/postZCCntM], WebMvcRequestHandler{key=RequestHandlerKey{pathMappings=[/lmApi/postZCCntM], supportedMethods=[POST], supportedMediaTypes=[], producibleMediaTypes=[]}}
[18:23:07:950] [DEBUG] - springfox.documentation.spring.web.plugins.DefaultRequestHandlerCombiner.combine(DefaultRequestHandlerCombiner.java:52) - Adding key: [/lmApi/zczrRecBackInfo], WebMvcRequestHandler{key=RequestHandlerKey{pathMappings=[/lmApi/zczrRecBackInfo], supportedMethods=[POST], supportedMediaTypes=[], producibleMediaTypes=[]}}
[18:23:07:951] [DEBUG] - springfox.documentation.spring.web.plugins.DefaultRequestHandlerCombiner.combine(DefaultRequestHandlerCombiner.java:52) - Adding key: [/mdmApi/enterpriseInfo], WebMvcRequestHandler{key=RequestHandlerKey{pathMappings=[/mdmApi/enterpriseInfo], supportedMethods=[POST], supportedMediaTypes=[], producibleMediaTypes=[]}}
[18:23:07:951] [DEBUG] - springfox.documentation.spring.web.plugins.DefaultRequestHandlerCombiner.combine(DefaultRequestHandlerCombiner.java:52) - Adding key: [/mdmApi/ping], WebMvcRequestHandler{key=RequestHandlerKey{pathMappings=[/mdmApi/ping], supportedMethods=[POST], supportedMediaTypes=[], producibleMediaTypes=[]}}
[18:23:07:951] [DEBUG] - springfox.documentation.spring.web.plugins.DefaultRequestHandlerCombiner.combine(DefaultRequestHandlerCombiner.java:52) - Adding key: [/mdmApi/projectInfo], WebMvcRequestHandler{key=RequestHandlerKey{pathMappings=[/mdmApi/projectInfo], supportedMethods=[POST], supportedMediaTypes=[], producibleMediaTypes=[]}}
[18:23:07:951] [DEBUG] - springfox.documentation.spring.web.plugins.DefaultRequestHandlerCombiner.combine(DefaultRequestHandlerCombiner.java:52) - Adding key: [/mdmApi/test], WebMvcRequestHandler{key=RequestHandlerKey{pathMappings=[/mdmApi/test], supportedMethods=[GET], supportedMediaTypes=[], producibleMediaTypes=[]}}
[18:23:07:951] [DEBUG] - springfox.documentation.spring.web.plugins.DefaultRequestHandlerCombiner.combine(DefaultRequestHandlerCombiner.java:52) - Adding key: [/shippingInfoApi/shippingInfo], WebMvcRequestHandler{key=RequestHandlerKey{pathMappings=[/shippingInfoApi/shippingInfo], supportedMethods=[POST], supportedMediaTypes=[], producibleMediaTypes=[]}}
[18:23:07:951] [DEBUG] - springfox.documentation.spring.web.plugins.DefaultRequestHandlerCombiner.combine(DefaultRequestHandlerCombiner.java:52) - Adding key: [/swagger-resources/configuration/security], WebMvcRequestHandler{key=RequestHandlerKey{pathMappings=[/swagger-resources/configuration/security], supportedMethods=[], supportedMediaTypes=[], producibleMediaTypes=[]}}
[18:23:07:951] [DEBUG] - springfox.documentation.spring.web.plugins.DefaultRequestHandlerCombiner.combine(DefaultRequestHandlerCombiner.java:52) - Adding key: [/swagger-resources/configuration/ui], WebMvcRequestHandler{key=RequestHandlerKey{pathMappings=[/swagger-resources/configuration/ui], supportedMethods=[], supportedMediaTypes=[], producibleMediaTypes=[]}}
[18:23:07:951] [DEBUG] - springfox.documentation.spring.web.plugins.DefaultRequestHandlerCombiner.combine(DefaultRequestHandlerCombiner.java:52) - Adding key: [/swagger-resources], WebMvcRequestHandler{key=RequestHandlerKey{pathMappings=[/swagger-resources], supportedMethods=[], supportedMediaTypes=[], producibleMediaTypes=[]}}
[18:23:07:963] [DEBUG] - springfox.documentation.spring.web.plugins.DefaultRequestHandlerCombiner.combine(DefaultRequestHandlerCombiner.java:58) - Combined number of request handlers 16
[18:23:07:964] [INFO] - springfox.documentation.spring.web.scanners.ApiListingReferenceScanner.scan(ApiListingReferenceScanner.java:41) - Scanning for api listing references
[18:23:07:982] [INFO] - org.springframework.boot.StartupInfoLogger.logStarted(StartupInfoLogger.java:61) - Started SecdevApplication in 3.111 seconds (JVM running for 4.905)
[18:23:12:954] [INFO] - org.springframework.scheduling.concurrent.ExecutorConfigurationSupport.shutdown(ExecutorConfigurationSupport.java:218) - Shutting down ExecutorService 'applicationTaskExecutor'
[18:23:12:955] [DEBUG] - org.apache.http.impl.conn.PoolingHttpClientConnectionManager.shutdown(PoolingHttpClientConnectionManager.java:411) - Connection manager is shutting down
[18:23:12:956] [DEBUG] - org.apache.http.impl.conn.PoolingHttpClientConnectionManager.shutdown(PoolingHttpClientConnectionManager.java:434) - Connection manager shut down
[18:23:12:956] [DEBUG] - org.apache.http.impl.conn.PoolingHttpClientConnectionManager.closeExpiredConnections(PoolingHttpClientConnectionManager.java:448) - Closing expired connections
[18:23:45:851] [INFO] - org.springframework.boot.StartupInfoLogger.logStarting(StartupInfoLogger.java:55) - Starting SecdevApplication on DESKTOP-CI7DF64 with PID 17108 (D:\Java\云南建投代码\newgrand-i8-AM\target\classes started by zhaof in D:\Java\云南建投代码\newgrand-i8-AM)
[18:23:45:866] [DEBUG] - org.springframework.boot.StartupInfoLogger.logStarting(StartupInfoLogger.java:56) - Running with Spring Boot v2.3.3.RELEASE, Spring v5.2.8.RELEASE
[18:23:45:867] [INFO] - org.springframework.boot.SpringApplication.logStartupProfileInfo(SpringApplication.java:651) - No active profile set, falling back to default profiles: default
[18:23:46:813] [INFO] - org.springframework.boot.web.embedded.tomcat.TomcatWebServer.initialize(TomcatWebServer.java:108) - Tomcat initialized with port(s): 9080 (http)
[18:23:46:820] [INFO] - org.apache.juli.logging.DirectJDKLog.log(DirectJDKLog.java:173) - Initializing ProtocolHandler ["http-nio-9080"]
[18:23:46:821] [INFO] - org.apache.juli.logging.DirectJDKLog.log(DirectJDKLog.java:173) - Starting service [Tomcat]
[18:23:46:821] [INFO] - org.apache.juli.logging.DirectJDKLog.log(DirectJDKLog.java:173) - Starting Servlet engine: [Apache Tomcat/9.0.37]
[18:23:46:910] [INFO] - org.apache.juli.logging.DirectJDKLog.log(DirectJDKLog.java:173) - Initializing Spring embedded WebApplicationContext
[18:23:46:911] [INFO] - org.springframework.boot.web.servlet.context.ServletWebServerApplicationContext.prepareWebApplicationContext(ServletWebServerApplicationContext.java:285) - Root WebApplicationContext: initialization completed in 988 ms
[18:23:47:784] [WARN] - com.alibaba.druid.pool.DruidAbstractDataSource.setDriverClassName(DruidAbstractDataSource.java:1176) - oracle.jdbc.driver.OracleDriver is deprecated.Having use oracle.jdbc.OracleDriver.
[18:23:48:070] [DEBUG] - springfox.documentation.spring.web.PropertySourcedRequestMappingHandlerMapping.initHandlerMethods(PropertySourcedRequestMappingHandlerMapping.java:54) - initialising the handler methods
[18:23:48:072] [INFO] - springfox.documentation.spring.web.PropertySourcedRequestMappingHandlerMapping.initHandlerMethods(PropertySourcedRequestMappingHandlerMapping.java:69) - Mapped URL path [/v2/api-docs] onto method [springfox.documentation.swagger2.web.Swagger2Controller#getDocumentation(String, HttpServletRequest)]
[18:23:48:130] [INFO] - org.springframework.scheduling.concurrent.ExecutorConfigurationSupport.initialize(ExecutorConfigurationSupport.java:181) - Initializing ExecutorService 'applicationTaskExecutor'
[18:23:48:238] [INFO] - org.apache.juli.logging.DirectJDKLog.log(DirectJDKLog.java:173) - Starting ProtocolHandler ["http-nio-9080"]
[18:23:48:258] [INFO] - org.springframework.boot.web.embedded.tomcat.TomcatWebServer.start(TomcatWebServer.java:220) - Tomcat started on port(s): 9080 (http) with context path ''
[18:23:48:259] [INFO] - springfox.documentation.spring.web.plugins.DocumentationPluginsBootstrapper.start(DocumentationPluginsBootstrapper.java:160) - Context refreshed
[18:23:48:272] [INFO] - springfox.documentation.spring.web.plugins.DocumentationPluginsBootstrapper.start(DocumentationPluginsBootstrapper.java:163) - Found 1 custom documentation plugin(s)
[18:23:48:284] [DEBUG] - springfox.documentation.spring.web.plugins.DefaultRequestHandlerCombiner.combine(DefaultRequestHandlerCombiner.java:50) - Total number of request handlers 16
[18:23:48:285] [DEBUG] - springfox.documentation.spring.web.plugins.DefaultRequestHandlerCombiner.combine(DefaultRequestHandlerCombiner.java:52) - Adding key: [/dbjgApi/dbInfo], WebMvcRequestHandler{key=RequestHandlerKey{pathMappings=[/dbjgApi/dbInfo], supportedMethods=[POST], supportedMediaTypes=[], producibleMediaTypes=[]}}
[18:23:48:286] [DEBUG] - springfox.documentation.spring.web.plugins.DefaultRequestHandlerCombiner.combine(DefaultRequestHandlerCombiner.java:52) - Adding key: [/dbjgApi/postFbSub], WebMvcRequestHandler{key=RequestHandlerKey{pathMappings=[/dbjgApi/postFbSub], supportedMethods=[POST], supportedMediaTypes=[], producibleMediaTypes=[]}}
[18:23:48:286] [DEBUG] - springfox.documentation.spring.web.plugins.DefaultRequestHandlerCombiner.combine(DefaultRequestHandlerCombiner.java:52) - Adding key: [/error], WebMvcRequestHandler{key=RequestHandlerKey{pathMappings=[/error], supportedMethods=[], supportedMediaTypes=[], producibleMediaTypes=[]}}
[18:23:48:286] [DEBUG] - springfox.documentation.spring.web.plugins.DefaultRequestHandlerCombiner.combine(DefaultRequestHandlerCombiner.java:52) - Adding key: [/error], WebMvcRequestHandler{key=RequestHandlerKey{pathMappings=[/error], supportedMethods=[], supportedMediaTypes=[], producibleMediaTypes=[text/html]}}
[18:23:48:287] [DEBUG] - springfox.documentation.spring.web.plugins.DefaultRequestHandlerCombiner.combine(DefaultRequestHandlerCombiner.java:52) - Adding key: [/lmApi/getSSOUrl], WebMvcRequestHandler{key=RequestHandlerKey{pathMappings=[/lmApi/getSSOUrl], supportedMethods=[GET], supportedMediaTypes=[], producibleMediaTypes=[]}}
[18:23:48:287] [DEBUG] - springfox.documentation.spring.web.plugins.DefaultRequestHandlerCombiner.combine(DefaultRequestHandlerCombiner.java:52) - Adding key: [/lmApi/index], WebMvcRequestHandler{key=RequestHandlerKey{pathMappings=[/lmApi/index], supportedMethods=[GET], supportedMediaTypes=[], producibleMediaTypes=[]}}
[18:23:48:287] [DEBUG] - springfox.documentation.spring.web.plugins.DefaultRequestHandlerCombiner.combine(DefaultRequestHandlerCombiner.java:52) - Adding key: [/lmApi/postZCCntM], WebMvcRequestHandler{key=RequestHandlerKey{pathMappings=[/lmApi/postZCCntM], supportedMethods=[POST], supportedMediaTypes=[], producibleMediaTypes=[]}}
[18:23:48:287] [DEBUG] - springfox.documentation.spring.web.plugins.DefaultRequestHandlerCombiner.combine(DefaultRequestHandlerCombiner.java:52) - Adding key: [/lmApi/zczrRecBackInfo], WebMvcRequestHandler{key=RequestHandlerKey{pathMappings=[/lmApi/zczrRecBackInfo], supportedMethods=[POST], supportedMediaTypes=[], producibleMediaTypes=[]}}
[18:23:48:287] [DEBUG] - springfox.documentation.spring.web.plugins.DefaultRequestHandlerCombiner.combine(DefaultRequestHandlerCombiner.java:52) - Adding key: [/mdmApi/enterpriseInfo], WebMvcRequestHandler{key=RequestHandlerKey{pathMappings=[/mdmApi/enterpriseInfo], supportedMethods=[POST], supportedMediaTypes=[], producibleMediaTypes=[]}}
[18:23:48:287] [DEBUG] - springfox.documentation.spring.web.plugins.DefaultRequestHandlerCombiner.combine(DefaultRequestHandlerCombiner.java:52) - Adding key: [/mdmApi/ping], WebMvcRequestHandler{key=RequestHandlerKey{pathMappings=[/mdmApi/ping], supportedMethods=[POST], supportedMediaTypes=[], producibleMediaTypes=[]}}
[18:23:48:287] [DEBUG] - springfox.documentation.spring.web.plugins.DefaultRequestHandlerCombiner.combine(DefaultRequestHandlerCombiner.java:52) - Adding key: [/mdmApi/projectInfo], WebMvcRequestHandler{key=RequestHandlerKey{pathMappings=[/mdmApi/projectInfo], supportedMethods=[POST], supportedMediaTypes=[], producibleMediaTypes=[]}}
[18:23:48:287] [DEBUG] - springfox.documentation.spring.web.plugins.DefaultRequestHandlerCombiner.combine(DefaultRequestHandlerCombiner.java:52) - Adding key: [/mdmApi/test], WebMvcRequestHandler{key=RequestHandlerKey{pathMappings=[/mdmApi/test], supportedMethods=[GET], supportedMediaTypes=[], producibleMediaTypes=[]}}
[18:23:48:287] [DEBUG] - springfox.documentation.spring.web.plugins.DefaultRequestHandlerCombiner.combine(DefaultRequestHandlerCombiner.java:52) - Adding key: [/shippingInfoApi/shippingInfo], WebMvcRequestHandler{key=RequestHandlerKey{pathMappings=[/shippingInfoApi/shippingInfo], supportedMethods=[POST], supportedMediaTypes=[], producibleMediaTypes=[]}}
[18:23:48:288] [DEBUG] - springfox.documentation.spring.web.plugins.DefaultRequestHandlerCombiner.combine(DefaultRequestHandlerCombiner.java:52) - Adding key: [/swagger-resources/configuration/security], WebMvcRequestHandler{key=RequestHandlerKey{pathMappings=[/swagger-resources/configuration/security], supportedMethods=[], supportedMediaTypes=[], producibleMediaTypes=[]}}
[18:23:48:288] [DEBUG] - springfox.documentation.spring.web.plugins.DefaultRequestHandlerCombiner.combine(DefaultRequestHandlerCombiner.java:52) - Adding key: [/swagger-resources/configuration/ui], WebMvcRequestHandler{key=RequestHandlerKey{pathMappings=[/swagger-resources/configuration/ui], supportedMethods=[], supportedMediaTypes=[], producibleMediaTypes=[]}}
[18:23:48:288] [DEBUG] - springfox.documentation.spring.web.plugins.DefaultRequestHandlerCombiner.combine(DefaultRequestHandlerCombiner.java:52) - Adding key: [/swagger-resources], WebMvcRequestHandler{key=RequestHandlerKey{pathMappings=[/swagger-resources], supportedMethods=[], supportedMediaTypes=[], producibleMediaTypes=[]}}
[18:23:48:299] [DEBUG] - springfox.documentation.spring.web.plugins.DefaultRequestHandlerCombiner.combine(DefaultRequestHandlerCombiner.java:58) - Combined number of request handlers 16
[18:23:48:300] [INFO] - springfox.documentation.spring.web.scanners.ApiListingReferenceScanner.scan(ApiListingReferenceScanner.java:41) - Scanning for api listing references
[18:23:48:317] [INFO] - org.springframework.boot.StartupInfoLogger.logStarted(StartupInfoLogger.java:61) - Started SecdevApplication in 2.742 seconds (JVM running for 4.353)
[18:23:59:685] [INFO] - org.springframework.scheduling.concurrent.ExecutorConfigurationSupport.shutdown(ExecutorConfigurationSupport.java:218) - Shutting down ExecutorService 'applicationTaskExecutor'
[18:23:59:687] [DEBUG] - org.apache.http.impl.conn.PoolingHttpClientConnectionManager.shutdown(PoolingHttpClientConnectionManager.java:411) - Connection manager is shutting down
[18:23:59:687] [DEBUG] - org.apache.http.impl.conn.PoolingHttpClientConnectionManager.shutdown(PoolingHttpClientConnectionManager.java:434) - Connection manager shut down
[18:23:59:688] [DEBUG] - org.apache.http.impl.conn.PoolingHttpClientConnectionManager.closeExpiredConnections(PoolingHttpClientConnectionManager.java:448) - Closing expired connections
