[09:40:13:937] [WARN] - com.alibaba.druid.pool.DruidAbstractDataSource.setDriverClassName(DruidAbstractDataSource.java:1176) - oracle.jdbc.driver.OracleDriver is deprecated.Having use oracle.jdbc.OracleDriver.
[09:40:28:442] [ERROR] - com.newgrand.secdev.controller.YSYJ.FBDBController.syncFBDBJGInfo(FBDBController.java:79) - null
[09:40:41:171] [ERROR] - com.newgrand.secdev.controller.YSYJ.FBDBController.syncFBDBJGInfo(FBDBController.java:79) - null
[09:40:55:734] [ERROR] - com.newgrand.secdev.controller.YSYJ.FBDBController.syncFBDBJGInfo(FBDBController.java:79) - null
[09:41:29:059] [ERROR] - com.newgrand.secdev.controller.YSYJ.FBDBController.syncFBDBJGInfo(FBDBController.java:79) - null
[09:42:10:426] [ERROR] - com.newgrand.secdev.controller.YSYJ.FBDBController.syncFBDBJGInfo(FBDBController.java:79) - null
[09:43:06:718] [ERROR] - com.alibaba.druid.pool.DruidDataSource$CreateConnectionThread.run(DruidDataSource.java:2471) - create connection SQLException, url: jdbc:oracle:thin:@172.16.23.84:1521/ngsoft.ynjt.com, errorCode 17002, state 08006
java.sql.SQLRecoverableException: IO 错误: The Network Adapter could not establish the connection
	at oracle.jdbc.driver.T4CConnection.logon(T4CConnection.java:489) ~[ojdbc6-11.2.0.4.jar:11.2.0.4.0]
	at oracle.jdbc.driver.PhysicalConnection.<init>(PhysicalConnection.java:553) ~[ojdbc6-11.2.0.4.jar:11.2.0.4.0]
	at oracle.jdbc.driver.T4CConnection.<init>(T4CConnection.java:254) ~[ojdbc6-11.2.0.4.jar:11.2.0.4.0]
	at oracle.jdbc.driver.T4CDriverExtension.getConnection(T4CDriverExtension.java:32) ~[ojdbc6-11.2.0.4.jar:11.2.0.4.0]
	at oracle.jdbc.driver.OracleDriver.connect(OracleDriver.java:528) ~[ojdbc6-11.2.0.4.jar:11.2.0.4.0]
	at com.alibaba.druid.filter.FilterChainImpl.connection_connect(FilterChainImpl.java:156) ~[druid-1.1.10.jar:1.1.10]
	at com.alibaba.druid.filter.stat.StatFilter.connection_connect(StatFilter.java:218) ~[druid-1.1.10.jar:1.1.10]
	at com.alibaba.druid.filter.FilterChainImpl.connection_connect(FilterChainImpl.java:150) ~[druid-1.1.10.jar:1.1.10]
	at com.alibaba.druid.pool.DruidAbstractDataSource.createPhysicalConnection(DruidAbstractDataSource.java:1560) ~[druid-1.1.10.jar:1.1.10]
	at com.alibaba.druid.pool.DruidAbstractDataSource.createPhysicalConnection(DruidAbstractDataSource.java:1623) ~[druid-1.1.10.jar:1.1.10]
	at com.alibaba.druid.pool.DruidDataSource$CreateConnectionThread.run(DruidDataSource.java:2468) [druid-1.1.10.jar:1.1.10]
Caused by: oracle.net.ns.NetException: The Network Adapter could not establish the connection
	at oracle.net.nt.ConnStrategy.execute(ConnStrategy.java:439) ~[ojdbc6-11.2.0.4.jar:11.2.0.4.0]
	at oracle.net.resolver.AddrResolution.resolveAndExecute(AddrResolution.java:454) ~[ojdbc6-11.2.0.4.jar:11.2.0.4.0]
	at oracle.net.ns.NSProtocol.establishConnection(NSProtocol.java:693) ~[ojdbc6-11.2.0.4.jar:11.2.0.4.0]
	at oracle.net.ns.NSProtocol.connect(NSProtocol.java:251) ~[ojdbc6-11.2.0.4.jar:11.2.0.4.0]
	at oracle.jdbc.driver.T4CConnection.connect(T4CConnection.java:1140) ~[ojdbc6-11.2.0.4.jar:11.2.0.4.0]
	at oracle.jdbc.driver.T4CConnection.logon(T4CConnection.java:340) ~[ojdbc6-11.2.0.4.jar:11.2.0.4.0]
	... 10 more
Caused by: java.net.ConnectException: Connection timed out: connect
	at java.net.DualStackPlainSocketImpl.waitForConnect(Native Method) ~[?:1.8.0_221]
	at java.net.DualStackPlainSocketImpl.socketConnect(DualStackPlainSocketImpl.java:85) ~[?:1.8.0_221]
	at java.net.AbstractPlainSocketImpl.doConnect(AbstractPlainSocketImpl.java:350) ~[?:1.8.0_221]
	at java.net.AbstractPlainSocketImpl.connectToAddress(AbstractPlainSocketImpl.java:206) ~[?:1.8.0_221]
	at java.net.AbstractPlainSocketImpl.connect(AbstractPlainSocketImpl.java:188) ~[?:1.8.0_221]
	at java.net.PlainSocketImpl.connect(PlainSocketImpl.java:172) ~[?:1.8.0_221]
	at java.net.SocksSocketImpl.connect(SocksSocketImpl.java:392) ~[?:1.8.0_221]
	at java.net.Socket.connect(Socket.java:589) ~[?:1.8.0_221]
	at oracle.net.nt.TcpNTAdapter.connect(TcpNTAdapter.java:149) ~[ojdbc6-11.2.0.4.jar:11.2.0.4.0]
	at oracle.net.nt.ConnOption.connect(ConnOption.java:133) ~[ojdbc6-11.2.0.4.jar:11.2.0.4.0]
	at oracle.net.nt.ConnStrategy.execute(ConnStrategy.java:405) ~[ojdbc6-11.2.0.4.jar:11.2.0.4.0]
	at oracle.net.resolver.AddrResolution.resolveAndExecute(AddrResolution.java:454) ~[ojdbc6-11.2.0.4.jar:11.2.0.4.0]
	at oracle.net.ns.NSProtocol.establishConnection(NSProtocol.java:693) ~[ojdbc6-11.2.0.4.jar:11.2.0.4.0]
	at oracle.net.ns.NSProtocol.connect(NSProtocol.java:251) ~[ojdbc6-11.2.0.4.jar:11.2.0.4.0]
	at oracle.jdbc.driver.T4CConnection.connect(T4CConnection.java:1140) ~[ojdbc6-11.2.0.4.jar:11.2.0.4.0]
	at oracle.jdbc.driver.T4CConnection.logon(T4CConnection.java:340) ~[ojdbc6-11.2.0.4.jar:11.2.0.4.0]
	... 10 more
[09:43:27:788] [ERROR] - com.alibaba.druid.pool.DruidDataSource$CreateConnectionThread.run(DruidDataSource.java:2471) - create connection SQLException, url: jdbc:oracle:thin:@172.16.23.84:1521/ngsoft.ynjt.com, errorCode 17002, state 08006
java.sql.SQLRecoverableException: IO 错误: The Network Adapter could not establish the connection
	at oracle.jdbc.driver.T4CConnection.logon(T4CConnection.java:489) ~[ojdbc6-11.2.0.4.jar:11.2.0.4.0]
	at oracle.jdbc.driver.PhysicalConnection.<init>(PhysicalConnection.java:553) ~[ojdbc6-11.2.0.4.jar:11.2.0.4.0]
	at oracle.jdbc.driver.T4CConnection.<init>(T4CConnection.java:254) ~[ojdbc6-11.2.0.4.jar:11.2.0.4.0]
	at oracle.jdbc.driver.T4CDriverExtension.getConnection(T4CDriverExtension.java:32) ~[ojdbc6-11.2.0.4.jar:11.2.0.4.0]
	at oracle.jdbc.driver.OracleDriver.connect(OracleDriver.java:528) ~[ojdbc6-11.2.0.4.jar:11.2.0.4.0]
	at com.alibaba.druid.filter.FilterChainImpl.connection_connect(FilterChainImpl.java:156) ~[druid-1.1.10.jar:1.1.10]
	at com.alibaba.druid.filter.stat.StatFilter.connection_connect(StatFilter.java:218) ~[druid-1.1.10.jar:1.1.10]
	at com.alibaba.druid.filter.FilterChainImpl.connection_connect(FilterChainImpl.java:150) ~[druid-1.1.10.jar:1.1.10]
	at com.alibaba.druid.pool.DruidAbstractDataSource.createPhysicalConnection(DruidAbstractDataSource.java:1560) ~[druid-1.1.10.jar:1.1.10]
	at com.alibaba.druid.pool.DruidAbstractDataSource.createPhysicalConnection(DruidAbstractDataSource.java:1623) ~[druid-1.1.10.jar:1.1.10]
	at com.alibaba.druid.pool.DruidDataSource$CreateConnectionThread.run(DruidDataSource.java:2468) [druid-1.1.10.jar:1.1.10]
Caused by: oracle.net.ns.NetException: The Network Adapter could not establish the connection
	at oracle.net.nt.ConnStrategy.execute(ConnStrategy.java:439) ~[ojdbc6-11.2.0.4.jar:11.2.0.4.0]
	at oracle.net.resolver.AddrResolution.resolveAndExecute(AddrResolution.java:454) ~[ojdbc6-11.2.0.4.jar:11.2.0.4.0]
	at oracle.net.ns.NSProtocol.establishConnection(NSProtocol.java:693) ~[ojdbc6-11.2.0.4.jar:11.2.0.4.0]
	at oracle.net.ns.NSProtocol.connect(NSProtocol.java:251) ~[ojdbc6-11.2.0.4.jar:11.2.0.4.0]
	at oracle.jdbc.driver.T4CConnection.connect(T4CConnection.java:1140) ~[ojdbc6-11.2.0.4.jar:11.2.0.4.0]
	at oracle.jdbc.driver.T4CConnection.logon(T4CConnection.java:340) ~[ojdbc6-11.2.0.4.jar:11.2.0.4.0]
	... 10 more
Caused by: java.net.ConnectException: Connection timed out: connect
	at java.net.DualStackPlainSocketImpl.waitForConnect(Native Method) ~[?:1.8.0_221]
	at java.net.DualStackPlainSocketImpl.socketConnect(DualStackPlainSocketImpl.java:85) ~[?:1.8.0_221]
	at java.net.AbstractPlainSocketImpl.doConnect(AbstractPlainSocketImpl.java:350) ~[?:1.8.0_221]
	at java.net.AbstractPlainSocketImpl.connectToAddress(AbstractPlainSocketImpl.java:206) ~[?:1.8.0_221]
	at java.net.AbstractPlainSocketImpl.connect(AbstractPlainSocketImpl.java:188) ~[?:1.8.0_221]
	at java.net.PlainSocketImpl.connect(PlainSocketImpl.java:172) ~[?:1.8.0_221]
	at java.net.SocksSocketImpl.connect(SocksSocketImpl.java:392) ~[?:1.8.0_221]
	at java.net.Socket.connect(Socket.java:589) ~[?:1.8.0_221]
	at oracle.net.nt.TcpNTAdapter.connect(TcpNTAdapter.java:149) ~[ojdbc6-11.2.0.4.jar:11.2.0.4.0]
	at oracle.net.nt.ConnOption.connect(ConnOption.java:133) ~[ojdbc6-11.2.0.4.jar:11.2.0.4.0]
	at oracle.net.nt.ConnStrategy.execute(ConnStrategy.java:405) ~[ojdbc6-11.2.0.4.jar:11.2.0.4.0]
	at oracle.net.resolver.AddrResolution.resolveAndExecute(AddrResolution.java:454) ~[ojdbc6-11.2.0.4.jar:11.2.0.4.0]
	at oracle.net.ns.NSProtocol.establishConnection(NSProtocol.java:693) ~[ojdbc6-11.2.0.4.jar:11.2.0.4.0]
	at oracle.net.ns.NSProtocol.connect(NSProtocol.java:251) ~[ojdbc6-11.2.0.4.jar:11.2.0.4.0]
	at oracle.jdbc.driver.T4CConnection.connect(T4CConnection.java:1140) ~[ojdbc6-11.2.0.4.jar:11.2.0.4.0]
	at oracle.jdbc.driver.T4CConnection.logon(T4CConnection.java:340) ~[ojdbc6-11.2.0.4.jar:11.2.0.4.0]
	... 10 more
[09:43:32:077] [ERROR] - com.newgrand.secdev.controller.YSYJ.FBDBController.syncFBDBJGInfo(FBDBController.java:79) - StatementCallback; bad SQL grammar [select phid from projet_table where pc_no = '01']; nested exception is java.sql.SQLSyntaxErrorException: ORA-00942: 表或视图不存在

[09:43:33:856] [ERROR] - com.newgrand.secdev.controller.YSYJ.FBDBController.syncFBDBJGInfo(FBDBController.java:79) - StatementCallback; bad SQL grammar [select phid from projet_table where pc_no = '01']; nested exception is java.sql.SQLSyntaxErrorException: ORA-00942: 表或视图不存在

[09:51:43:694] [WARN] - com.alibaba.druid.pool.DruidDataSource.close(DruidDataSource.java:1802) - close connection error
java.sql.SQLRecoverableException: IO 错误: Connection reset by peer: socket write error
	at oracle.jdbc.driver.T4CConnection.logoff(T4CConnection.java:587) ~[ojdbc6-11.2.0.4.jar:11.2.0.4.0]
	at oracle.jdbc.driver.PhysicalConnection.close(PhysicalConnection.java:4011) ~[ojdbc6-11.2.0.4.jar:11.2.0.4.0]
	at com.alibaba.druid.filter.FilterChainImpl.connection_close(FilterChainImpl.java:186) ~[druid-1.1.10.jar:1.1.10]
	at com.alibaba.druid.filter.stat.StatFilter.connection_close(StatFilter.java:261) ~[druid-1.1.10.jar:1.1.10]
	at com.alibaba.druid.filter.FilterChainImpl.connection_close(FilterChainImpl.java:181) ~[druid-1.1.10.jar:1.1.10]
	at com.alibaba.druid.proxy.jdbc.ConnectionProxyImpl.close(ConnectionProxyImpl.java:115) ~[druid-1.1.10.jar:1.1.10]
	at com.alibaba.druid.pool.DruidDataSource.close(DruidDataSource.java:1800) [druid-1.1.10.jar:1.1.10]
	at sun.reflect.NativeMethodAccessorImpl.invoke0(Native Method) ~[?:1.8.0_221]
	at sun.reflect.NativeMethodAccessorImpl.invoke(NativeMethodAccessorImpl.java:62) ~[?:1.8.0_221]
	at sun.reflect.DelegatingMethodAccessorImpl.invoke(DelegatingMethodAccessorImpl.java:43) ~[?:1.8.0_221]
	at java.lang.reflect.Method.invoke(Method.java:498) ~[?:1.8.0_221]
	at org.springframework.beans.factory.support.DisposableBeanAdapter.invokeCustomDestroyMethod(DisposableBeanAdapter.java:339) [spring-beans-5.2.8.RELEASE.jar:5.2.8.RELEASE]
	at org.springframework.beans.factory.support.DisposableBeanAdapter.destroy(DisposableBeanAdapter.java:273) [spring-beans-5.2.8.RELEASE.jar:5.2.8.RELEASE]
	at org.springframework.beans.factory.support.DefaultSingletonBeanRegistry.destroyBean(DefaultSingletonBeanRegistry.java:579) [spring-beans-5.2.8.RELEASE.jar:5.2.8.RELEASE]
	at org.springframework.beans.factory.support.DefaultSingletonBeanRegistry.destroySingleton(DefaultSingletonBeanRegistry.java:551) [spring-beans-5.2.8.RELEASE.jar:5.2.8.RELEASE]
	at org.springframework.beans.factory.support.DefaultListableBeanFactory.destroySingleton(DefaultListableBeanFactory.java:1092) [spring-beans-5.2.8.RELEASE.jar:5.2.8.RELEASE]
	at org.springframework.beans.factory.support.DefaultSingletonBeanRegistry.destroySingletons(DefaultSingletonBeanRegistry.java:512) [spring-beans-5.2.8.RELEASE.jar:5.2.8.RELEASE]
	at org.springframework.beans.factory.support.DefaultListableBeanFactory.destroySingletons(DefaultListableBeanFactory.java:1085) [spring-beans-5.2.8.RELEASE.jar:5.2.8.RELEASE]
	at org.springframework.context.support.AbstractApplicationContext.destroyBeans(AbstractApplicationContext.java:1061) [spring-context-5.2.8.RELEASE.jar:5.2.8.RELEASE]
	at org.springframework.context.support.AbstractApplicationContext.doClose(AbstractApplicationContext.java:1030) [spring-context-5.2.8.RELEASE.jar:5.2.8.RELEASE]
	at org.springframework.boot.web.servlet.context.ServletWebServerApplicationContext.doClose(ServletWebServerApplicationContext.java:170) [spring-boot-2.3.3.RELEASE.jar:2.3.3.RELEASE]
	at org.springframework.context.support.AbstractApplicationContext$1.run(AbstractApplicationContext.java:949) [spring-context-5.2.8.RELEASE.jar:5.2.8.RELEASE]
Caused by: java.net.SocketException: Connection reset by peer: socket write error
	at java.net.SocketOutputStream.socketWrite0(Native Method) ~[?:1.8.0_221]
	at java.net.SocketOutputStream.socketWrite(SocketOutputStream.java:111) ~[?:1.8.0_221]
	at java.net.SocketOutputStream.write(SocketOutputStream.java:155) ~[?:1.8.0_221]
	at oracle.net.ns.DataPacket.send(DataPacket.java:210) ~[ojdbc6-11.2.0.4.jar:11.2.0.4.0]
	at oracle.net.ns.NetOutputStream.flush(NetOutputStream.java:230) ~[ojdbc6-11.2.0.4.jar:11.2.0.4.0]
	at oracle.net.ns.NetInputStream.getNextPacket(NetInputStream.java:321) ~[ojdbc6-11.2.0.4.jar:11.2.0.4.0]
	at oracle.net.ns.NetInputStream.read(NetInputStream.java:268) ~[ojdbc6-11.2.0.4.jar:11.2.0.4.0]
	at oracle.net.ns.NetInputStream.read(NetInputStream.java:190) ~[ojdbc6-11.2.0.4.jar:11.2.0.4.0]
	at oracle.net.ns.NetInputStream.read(NetInputStream.java:107) ~[ojdbc6-11.2.0.4.jar:11.2.0.4.0]
	at oracle.jdbc.driver.T4CSocketInputStreamWrapper.readNextPacket(T4CSocketInputStreamWrapper.java:124) ~[ojdbc6-11.2.0.4.jar:11.2.0.4.0]
	at oracle.jdbc.driver.T4CSocketInputStreamWrapper.read(T4CSocketInputStreamWrapper.java:80) ~[ojdbc6-11.2.0.4.jar:11.2.0.4.0]
	at oracle.jdbc.driver.T4CMAREngine.unmarshalUB1(T4CMAREngine.java:1137) ~[ojdbc6-11.2.0.4.jar:11.2.0.4.0]
	at oracle.jdbc.driver.T4CTTIfun.receive(T4CTTIfun.java:350) ~[ojdbc6-11.2.0.4.jar:11.2.0.4.0]
	at oracle.jdbc.driver.T4CTTIfun.doRPC(T4CTTIfun.java:227) ~[ojdbc6-11.2.0.4.jar:11.2.0.4.0]
	at oracle.jdbc.driver.T4C7Ocommoncall.doOLOGOFF(T4C7Ocommoncall.java:61) ~[ojdbc6-11.2.0.4.jar:11.2.0.4.0]
	at oracle.jdbc.driver.T4CConnection.logoff(T4CConnection.java:574) ~[ojdbc6-11.2.0.4.jar:11.2.0.4.0]
	... 21 more
[09:51:52:658] [WARN] - com.alibaba.druid.pool.DruidAbstractDataSource.setDriverClassName(DruidAbstractDataSource.java:1176) - oracle.jdbc.driver.OracleDriver is deprecated.Having use oracle.jdbc.OracleDriver.
[09:52:02:897] [ERROR] - com.newgrand.secdev.controller.YSYJ.FBDBController.syncFBDBJGInfo(FBDBController.java:79) - PreparedStatementCallback; bad SQL grammar [select phid from projet_table where pc_no = '01']; nested exception is java.sql.SQLSyntaxErrorException: ORA-00942: 表或视图不存在

[10:02:24:222] [WARN] - com.alibaba.druid.pool.DruidAbstractDataSource.setDriverClassName(DruidAbstractDataSource.java:1176) - oracle.jdbc.driver.OracleDriver is deprecated.Having use oracle.jdbc.OracleDriver.
[10:02:41:871] [ERROR] - com.newgrand.secdev.controller.YSYJ.FBDBController.syncFBDBJGInfo(FBDBController.java:80) - null
[10:02:51:152] [ERROR] - com.newgrand.secdev.controller.YSYJ.FBDBController.syncFBDBJGInfo(FBDBController.java:80) - null
[10:03:40:784] [ERROR] - com.newgrand.secdev.controller.YSYJ.FBDBController.syncFBDBJGInfo(FBDBController.java:80) - null
[10:04:27:137] [ERROR] - com.newgrand.secdev.controller.YSYJ.FBDBController.syncFBDBJGInfo(FBDBController.java:80) - null
[10:04:34:778] [WARN] - com.alibaba.druid.pool.DruidAbstractDataSource.setDriverClassName(DruidAbstractDataSource.java:1176) - oracle.jdbc.driver.OracleDriver is deprecated.Having use oracle.jdbc.OracleDriver.
[10:04:43:364] [ERROR] - com.newgrand.secdev.controller.YSYJ.FBDBController.syncFBDBJGInfo(FBDBController.java:80) - null
[10:20:52:792] [WARN] - com.alibaba.druid.pool.DruidAbstractDataSource.setDriverClassName(DruidAbstractDataSource.java:1176) - oracle.jdbc.driver.OracleDriver is deprecated.Having use oracle.jdbc.OracleDriver.
[10:21:07:916] [ERROR] - com.newgrand.secdev.controller.YSYJ.FBDBController.syncFBDBJGInfo(FBDBController.java:80) - null
[10:21:45:405] [WARN] - com.alibaba.druid.pool.DruidAbstractDataSource.setDriverClassName(DruidAbstractDataSource.java:1176) - oracle.jdbc.driver.OracleDriver is deprecated.Having use oracle.jdbc.OracleDriver.
[10:21:52:773] [ERROR] - com.newgrand.secdev.controller.YSYJ.FBDBController.syncFBDBJGInfo(FBDBController.java:80) - null
[10:45:23:383] [WARN] - com.alibaba.druid.pool.DruidAbstractDataSource.setDriverClassName(DruidAbstractDataSource.java:1176) - oracle.jdbc.driver.OracleDriver is deprecated.Having use oracle.jdbc.OracleDriver.
[10:45:52:399] [ERROR] - com.newgrand.secdev.controller.YSYJ.FBDBController.syncFBDBJGInfo(FBDBController.java:81) - PreparedStatementCallback; bad SQL grammar [select phid from projet_table where pc_no = '01']; nested exception is java.sql.SQLSyntaxErrorException: ORA-00942: 表或视图不存在

[10:45:59:976] [WARN] - com.alibaba.druid.pool.DruidAbstractDataSource.setDriverClassName(DruidAbstractDataSource.java:1176) - oracle.jdbc.driver.OracleDriver is deprecated.Having use oracle.jdbc.OracleDriver.
[10:52:24:079] [ERROR] - com.newgrand.secdev.controller.YSYJ.FBDBController.syncFBDBJGInfo(FBDBController.java:81) - Incorrect result size: expected 1, actual 0
[10:52:24:686] [WARN] - com.alibaba.druid.pool.DruidDataSource.close(DruidDataSource.java:1802) - close connection error
java.sql.SQLRecoverableException: IO 错误: Connection reset by peer: socket write error
	at oracle.jdbc.driver.T4CConnection.logoff(T4CConnection.java:587) ~[ojdbc6-11.2.0.4.jar:11.2.0.4.0]
	at oracle.jdbc.driver.PhysicalConnection.close(PhysicalConnection.java:4011) ~[ojdbc6-11.2.0.4.jar:11.2.0.4.0]
	at com.alibaba.druid.filter.FilterChainImpl.connection_close(FilterChainImpl.java:186) ~[druid-1.1.10.jar:1.1.10]
	at com.alibaba.druid.filter.stat.StatFilter.connection_close(StatFilter.java:261) ~[druid-1.1.10.jar:1.1.10]
	at com.alibaba.druid.filter.FilterChainImpl.connection_close(FilterChainImpl.java:181) ~[druid-1.1.10.jar:1.1.10]
	at com.alibaba.druid.proxy.jdbc.ConnectionProxyImpl.close(ConnectionProxyImpl.java:115) ~[druid-1.1.10.jar:1.1.10]
	at com.alibaba.druid.pool.DruidDataSource.close(DruidDataSource.java:1800) [druid-1.1.10.jar:1.1.10]
	at sun.reflect.NativeMethodAccessorImpl.invoke0(Native Method) ~[?:1.8.0_221]
	at sun.reflect.NativeMethodAccessorImpl.invoke(NativeMethodAccessorImpl.java:62) ~[?:1.8.0_221]
	at sun.reflect.DelegatingMethodAccessorImpl.invoke(DelegatingMethodAccessorImpl.java:43) ~[?:1.8.0_221]
	at java.lang.reflect.Method.invoke(Method.java:498) ~[?:1.8.0_221]
	at org.springframework.beans.factory.support.DisposableBeanAdapter.invokeCustomDestroyMethod(DisposableBeanAdapter.java:339) [spring-beans-5.2.8.RELEASE.jar:5.2.8.RELEASE]
	at org.springframework.beans.factory.support.DisposableBeanAdapter.destroy(DisposableBeanAdapter.java:273) [spring-beans-5.2.8.RELEASE.jar:5.2.8.RELEASE]
	at org.springframework.beans.factory.support.DefaultSingletonBeanRegistry.destroyBean(DefaultSingletonBeanRegistry.java:579) [spring-beans-5.2.8.RELEASE.jar:5.2.8.RELEASE]
	at org.springframework.beans.factory.support.DefaultSingletonBeanRegistry.destroySingleton(DefaultSingletonBeanRegistry.java:551) [spring-beans-5.2.8.RELEASE.jar:5.2.8.RELEASE]
	at org.springframework.beans.factory.support.DefaultListableBeanFactory.destroySingleton(DefaultListableBeanFactory.java:1092) [spring-beans-5.2.8.RELEASE.jar:5.2.8.RELEASE]
	at org.springframework.beans.factory.support.DefaultSingletonBeanRegistry.destroySingletons(DefaultSingletonBeanRegistry.java:512) [spring-beans-5.2.8.RELEASE.jar:5.2.8.RELEASE]
	at org.springframework.beans.factory.support.DefaultListableBeanFactory.destroySingletons(DefaultListableBeanFactory.java:1085) [spring-beans-5.2.8.RELEASE.jar:5.2.8.RELEASE]
	at org.springframework.context.support.AbstractApplicationContext.destroyBeans(AbstractApplicationContext.java:1061) [spring-context-5.2.8.RELEASE.jar:5.2.8.RELEASE]
	at org.springframework.context.support.AbstractApplicationContext.doClose(AbstractApplicationContext.java:1030) [spring-context-5.2.8.RELEASE.jar:5.2.8.RELEASE]
	at org.springframework.boot.web.servlet.context.ServletWebServerApplicationContext.doClose(ServletWebServerApplicationContext.java:170) [spring-boot-2.3.3.RELEASE.jar:2.3.3.RELEASE]
	at org.springframework.context.support.AbstractApplicationContext$1.run(AbstractApplicationContext.java:949) [spring-context-5.2.8.RELEASE.jar:5.2.8.RELEASE]
Caused by: java.net.SocketException: Connection reset by peer: socket write error
	at java.net.SocketOutputStream.socketWrite0(Native Method) ~[?:1.8.0_221]
	at java.net.SocketOutputStream.socketWrite(SocketOutputStream.java:111) ~[?:1.8.0_221]
	at java.net.SocketOutputStream.write(SocketOutputStream.java:155) ~[?:1.8.0_221]
	at oracle.net.ns.DataPacket.send(DataPacket.java:210) ~[ojdbc6-11.2.0.4.jar:11.2.0.4.0]
	at oracle.net.ns.NetOutputStream.flush(NetOutputStream.java:230) ~[ojdbc6-11.2.0.4.jar:11.2.0.4.0]
	at oracle.net.ns.NetInputStream.getNextPacket(NetInputStream.java:321) ~[ojdbc6-11.2.0.4.jar:11.2.0.4.0]
	at oracle.net.ns.NetInputStream.read(NetInputStream.java:268) ~[ojdbc6-11.2.0.4.jar:11.2.0.4.0]
	at oracle.net.ns.NetInputStream.read(NetInputStream.java:190) ~[ojdbc6-11.2.0.4.jar:11.2.0.4.0]
	at oracle.net.ns.NetInputStream.read(NetInputStream.java:107) ~[ojdbc6-11.2.0.4.jar:11.2.0.4.0]
	at oracle.jdbc.driver.T4CSocketInputStreamWrapper.readNextPacket(T4CSocketInputStreamWrapper.java:124) ~[ojdbc6-11.2.0.4.jar:11.2.0.4.0]
	at oracle.jdbc.driver.T4CSocketInputStreamWrapper.read(T4CSocketInputStreamWrapper.java:80) ~[ojdbc6-11.2.0.4.jar:11.2.0.4.0]
	at oracle.jdbc.driver.T4CMAREngine.unmarshalUB1(T4CMAREngine.java:1137) ~[ojdbc6-11.2.0.4.jar:11.2.0.4.0]
	at oracle.jdbc.driver.T4CTTIfun.receive(T4CTTIfun.java:350) ~[ojdbc6-11.2.0.4.jar:11.2.0.4.0]
	at oracle.jdbc.driver.T4CTTIfun.doRPC(T4CTTIfun.java:227) ~[ojdbc6-11.2.0.4.jar:11.2.0.4.0]
	at oracle.jdbc.driver.T4C7Ocommoncall.doOLOGOFF(T4C7Ocommoncall.java:61) ~[ojdbc6-11.2.0.4.jar:11.2.0.4.0]
	at oracle.jdbc.driver.T4CConnection.logoff(T4CConnection.java:574) ~[ojdbc6-11.2.0.4.jar:11.2.0.4.0]
	... 21 more
[10:52:32:148] [WARN] - com.alibaba.druid.pool.DruidAbstractDataSource.setDriverClassName(DruidAbstractDataSource.java:1176) - oracle.jdbc.driver.OracleDriver is deprecated.Having use oracle.jdbc.OracleDriver.
[10:52:40:606] [ERROR] - com.newgrand.secdev.controller.YSYJ.FBDBController.syncFBDBJGInfo(FBDBController.java:81) - Incorrect result size: expected 1, actual 0
[10:55:40:696] [WARN] - com.alibaba.druid.pool.DruidAbstractDataSource.setDriverClassName(DruidAbstractDataSource.java:1176) - oracle.jdbc.driver.OracleDriver is deprecated.Having use oracle.jdbc.OracleDriver.
[10:57:14:924] [ERROR] - com.newgrand.secdev.controller.YSYJ.FBDBController.syncFBDBJGInfo(FBDBController.java:81) - Incorrect result size: expected 1, actual 0
[10:57:22:589] [WARN] - com.alibaba.druid.pool.DruidAbstractDataSource.setDriverClassName(DruidAbstractDataSource.java:1176) - oracle.jdbc.driver.OracleDriver is deprecated.Having use oracle.jdbc.OracleDriver.
[10:57:38:593] [ERROR] - com.newgrand.secdev.controller.YSYJ.FBDBController.syncFBDBJGInfo(FBDBController.java:81) - null
[17:43:29:679] [WARN] - com.alibaba.druid.pool.DruidAbstractDataSource.setDriverClassName(DruidAbstractDataSource.java:1176) - oracle.jdbc.driver.OracleDriver is deprecated.Having use oracle.jdbc.OracleDriver.
[17:44:47:486] [ERROR] - com.newgrand.secdev.controller.YSYJ.FBDBController.syncFBDBJGInfo(FBDBController.java:81) - com.alibaba.fastjson.JSONArray cannot be cast to com.alibaba.fastjson.JSONObject
[17:45:13:554] [WARN] - com.alibaba.druid.pool.DruidAbstractDataSource.setDriverClassName(DruidAbstractDataSource.java:1176) - oracle.jdbc.driver.OracleDriver is deprecated.Having use oracle.jdbc.OracleDriver.
[17:46:06:508] [ERROR] - com.newgrand.secdev.controller.YSYJ.FBDBController.syncFBDBJGInfo(FBDBController.java:81) - syntax error, expect [, actual {, pos 0, fieldName null
[17:46:13:900] [WARN] - com.alibaba.druid.pool.DruidAbstractDataSource.setDriverClassName(DruidAbstractDataSource.java:1176) - oracle.jdbc.driver.OracleDriver is deprecated.Having use oracle.jdbc.OracleDriver.
[17:46:39:233] [ERROR] - com.newgrand.secdev.controller.YSYJ.FBDBController.syncFBDBJGInfo(FBDBController.java:81) - syntax error, expect [, actual {, pos 0, fieldName null
[17:49:06:923] [WARN] - com.alibaba.druid.pool.DruidAbstractDataSource.setDriverClassName(DruidAbstractDataSource.java:1176) - oracle.jdbc.driver.OracleDriver is deprecated.Having use oracle.jdbc.OracleDriver.
[17:49:17:968] [ERROR] - com.newgrand.secdev.controller.YSYJ.FBDBController.syncFBDBJGInfo(FBDBController.java:83) - syntax error, expect [, actual {, pos 0, fieldName null
[17:50:24:396] [ERROR] - com.newgrand.secdev.controller.YSYJ.FBDBController.syncFBDBJGInfo(FBDBController.java:83) - syntax error, expect [, actual {, pos 0, fieldName null
[17:50:35:491] [ERROR] - com.newgrand.secdev.controller.YSYJ.FBDBController.syncFBDBJGInfo(FBDBController.java:83) - syntax error, expect [, actual {, pos 0, fieldName null
[17:54:40:009] [ERROR] - com.newgrand.secdev.controller.YSYJ.FBDBController.syncFBDBJGInfo(FBDBController.java:83) - syntax error, expect [, actual {, pos 0, fieldName null
[18:00:05:254] [ERROR] - com.newgrand.secdev.controller.YSYJ.FBDBController.syncFBDBJGInfo(FBDBController.java:83) - syntax error, expect [, actual {, pos 0, fieldName null
[18:00:05:782] [WARN] - com.alibaba.druid.pool.DruidDataSource.close(DruidDataSource.java:1802) - close connection error
java.sql.SQLRecoverableException: IO 错误: Connection reset by peer: socket write error
	at oracle.jdbc.driver.T4CConnection.logoff(T4CConnection.java:587) ~[ojdbc6-11.2.0.4.jar:11.2.0.4.0]
	at oracle.jdbc.driver.PhysicalConnection.close(PhysicalConnection.java:4011) ~[ojdbc6-11.2.0.4.jar:11.2.0.4.0]
	at com.alibaba.druid.filter.FilterChainImpl.connection_close(FilterChainImpl.java:186) ~[druid-1.1.10.jar:1.1.10]
	at com.alibaba.druid.filter.stat.StatFilter.connection_close(StatFilter.java:261) ~[druid-1.1.10.jar:1.1.10]
	at com.alibaba.druid.filter.FilterChainImpl.connection_close(FilterChainImpl.java:181) ~[druid-1.1.10.jar:1.1.10]
	at com.alibaba.druid.proxy.jdbc.ConnectionProxyImpl.close(ConnectionProxyImpl.java:115) ~[druid-1.1.10.jar:1.1.10]
	at com.alibaba.druid.pool.DruidDataSource.close(DruidDataSource.java:1800) [druid-1.1.10.jar:1.1.10]
	at sun.reflect.NativeMethodAccessorImpl.invoke0(Native Method) ~[?:1.8.0_221]
	at sun.reflect.NativeMethodAccessorImpl.invoke(NativeMethodAccessorImpl.java:62) ~[?:1.8.0_221]
	at sun.reflect.DelegatingMethodAccessorImpl.invoke(DelegatingMethodAccessorImpl.java:43) ~[?:1.8.0_221]
	at java.lang.reflect.Method.invoke(Method.java:498) ~[?:1.8.0_221]
	at org.springframework.beans.factory.support.DisposableBeanAdapter.invokeCustomDestroyMethod(DisposableBeanAdapter.java:339) [spring-beans-5.2.8.RELEASE.jar:5.2.8.RELEASE]
	at org.springframework.beans.factory.support.DisposableBeanAdapter.destroy(DisposableBeanAdapter.java:273) [spring-beans-5.2.8.RELEASE.jar:5.2.8.RELEASE]
	at org.springframework.beans.factory.support.DefaultSingletonBeanRegistry.destroyBean(DefaultSingletonBeanRegistry.java:579) [spring-beans-5.2.8.RELEASE.jar:5.2.8.RELEASE]
	at org.springframework.beans.factory.support.DefaultSingletonBeanRegistry.destroySingleton(DefaultSingletonBeanRegistry.java:551) [spring-beans-5.2.8.RELEASE.jar:5.2.8.RELEASE]
	at org.springframework.beans.factory.support.DefaultListableBeanFactory.destroySingleton(DefaultListableBeanFactory.java:1092) [spring-beans-5.2.8.RELEASE.jar:5.2.8.RELEASE]
	at org.springframework.beans.factory.support.DefaultSingletonBeanRegistry.destroySingletons(DefaultSingletonBeanRegistry.java:512) [spring-beans-5.2.8.RELEASE.jar:5.2.8.RELEASE]
	at org.springframework.beans.factory.support.DefaultListableBeanFactory.destroySingletons(DefaultListableBeanFactory.java:1085) [spring-beans-5.2.8.RELEASE.jar:5.2.8.RELEASE]
	at org.springframework.context.support.AbstractApplicationContext.destroyBeans(AbstractApplicationContext.java:1061) [spring-context-5.2.8.RELEASE.jar:5.2.8.RELEASE]
	at org.springframework.context.support.AbstractApplicationContext.doClose(AbstractApplicationContext.java:1030) [spring-context-5.2.8.RELEASE.jar:5.2.8.RELEASE]
	at org.springframework.boot.web.servlet.context.ServletWebServerApplicationContext.doClose(ServletWebServerApplicationContext.java:170) [spring-boot-2.3.3.RELEASE.jar:2.3.3.RELEASE]
	at org.springframework.context.support.AbstractApplicationContext$1.run(AbstractApplicationContext.java:949) [spring-context-5.2.8.RELEASE.jar:5.2.8.RELEASE]
Caused by: java.net.SocketException: Connection reset by peer: socket write error
	at java.net.SocketOutputStream.socketWrite0(Native Method) ~[?:1.8.0_221]
	at java.net.SocketOutputStream.socketWrite(SocketOutputStream.java:111) ~[?:1.8.0_221]
	at java.net.SocketOutputStream.write(SocketOutputStream.java:155) ~[?:1.8.0_221]
	at oracle.net.ns.DataPacket.send(DataPacket.java:210) ~[ojdbc6-11.2.0.4.jar:11.2.0.4.0]
	at oracle.net.ns.NetOutputStream.flush(NetOutputStream.java:230) ~[ojdbc6-11.2.0.4.jar:11.2.0.4.0]
	at oracle.net.ns.NetInputStream.getNextPacket(NetInputStream.java:321) ~[ojdbc6-11.2.0.4.jar:11.2.0.4.0]
	at oracle.net.ns.NetInputStream.read(NetInputStream.java:268) ~[ojdbc6-11.2.0.4.jar:11.2.0.4.0]
	at oracle.net.ns.NetInputStream.read(NetInputStream.java:190) ~[ojdbc6-11.2.0.4.jar:11.2.0.4.0]
	at oracle.net.ns.NetInputStream.read(NetInputStream.java:107) ~[ojdbc6-11.2.0.4.jar:11.2.0.4.0]
	at oracle.jdbc.driver.T4CSocketInputStreamWrapper.readNextPacket(T4CSocketInputStreamWrapper.java:124) ~[ojdbc6-11.2.0.4.jar:11.2.0.4.0]
	at oracle.jdbc.driver.T4CSocketInputStreamWrapper.read(T4CSocketInputStreamWrapper.java:80) ~[ojdbc6-11.2.0.4.jar:11.2.0.4.0]
	at oracle.jdbc.driver.T4CMAREngine.unmarshalUB1(T4CMAREngine.java:1137) ~[ojdbc6-11.2.0.4.jar:11.2.0.4.0]
	at oracle.jdbc.driver.T4CTTIfun.receive(T4CTTIfun.java:350) ~[ojdbc6-11.2.0.4.jar:11.2.0.4.0]
	at oracle.jdbc.driver.T4CTTIfun.doRPC(T4CTTIfun.java:227) ~[ojdbc6-11.2.0.4.jar:11.2.0.4.0]
	at oracle.jdbc.driver.T4C7Ocommoncall.doOLOGOFF(T4C7Ocommoncall.java:61) ~[ojdbc6-11.2.0.4.jar:11.2.0.4.0]
	at oracle.jdbc.driver.T4CConnection.logoff(T4CConnection.java:574) ~[ojdbc6-11.2.0.4.jar:11.2.0.4.0]
	... 21 more
[18:00:14:240] [WARN] - com.alibaba.druid.pool.DruidAbstractDataSource.setDriverClassName(DruidAbstractDataSource.java:1176) - oracle.jdbc.driver.OracleDriver is deprecated.Having use oracle.jdbc.OracleDriver.
[18:00:20:290] [ERROR] - com.newgrand.secdev.controller.YSYJ.FBDBController.syncFBDBJGInfo(FBDBController.java:83) - syntax error, expect [, actual {, pos 0, fieldName null
[18:01:02:898] [WARN] - com.alibaba.druid.pool.DruidAbstractDataSource.setDriverClassName(DruidAbstractDataSource.java:1176) - oracle.jdbc.driver.OracleDriver is deprecated.Having use oracle.jdbc.OracleDriver.
[18:01:55:994] [ERROR] - com.newgrand.secdev.controller.YSYJ.FBDBController.syncFBDBJGInfo(FBDBController.java:83) - syntax error, expect [, actual {, pos 0, fieldName null
[18:04:54:822] [ERROR] - com.newgrand.secdev.controller.YSYJ.FBDBController.syncFBDBJGInfo(FBDBController.java:83) - syntax error, expect [, actual {, pos 0, fieldName null
[18:05:03:449] [WARN] - com.alibaba.druid.pool.DruidAbstractDataSource.setDriverClassName(DruidAbstractDataSource.java:1176) - oracle.jdbc.driver.OracleDriver is deprecated.Having use oracle.jdbc.OracleDriver.
[18:05:50:044] [ERROR] - com.newgrand.secdev.controller.YSYJ.FBDBController.syncFBDBJGInfo(FBDBController.java:83) - syntax error, expect [, actual {, pos 0, fieldName null
[18:05:58:355] [WARN] - com.alibaba.druid.pool.DruidAbstractDataSource.setDriverClassName(DruidAbstractDataSource.java:1176) - oracle.jdbc.driver.OracleDriver is deprecated.Having use oracle.jdbc.OracleDriver.
[18:06:05:256] [ERROR] - com.newgrand.secdev.controller.YSYJ.FBDBController.syncFBDBJGInfo(FBDBController.java:83) - syntax error, expect [, actual {, pos 0, fieldName null
[18:18:46:119] [WARN] - com.alibaba.druid.pool.DruidAbstractDataSource.setDriverClassName(DruidAbstractDataSource.java:1176) - oracle.jdbc.driver.OracleDriver is deprecated.Having use oracle.jdbc.OracleDriver.
[18:19:48:562] [ERROR] - com.newgrand.secdev.controller.YSYJ.FBDBController.syncFBDBJGInfo(FBDBController.java:83) - syntax error, expect [, actual {, pos 0, fieldName null
[18:20:49:153] [ERROR] - com.newgrand.secdev.controller.YSYJ.FBDBController.syncFBDBJGInfo(FBDBController.java:83) - syntax error, expect [, actual {, pos 0, fieldName null
[18:21:17:746] [ERROR] - com.newgrand.secdev.controller.YSYJ.FBDBController.syncFBDBJGInfo(FBDBController.java:83) - syntax error, expect [, actual {, pos 0, fieldName null
[18:23:45:822] [WARN] - com.alibaba.druid.pool.DruidAbstractDataSource.setDriverClassName(DruidAbstractDataSource.java:1176) - oracle.jdbc.driver.OracleDriver is deprecated.Having use oracle.jdbc.OracleDriver.
[18:24:00:356] [ERROR] - com.newgrand.secdev.controller.YSYJ.FBDBController.syncFBDBJGInfo(FBDBController.java:83) - list长度与模板不相等
[18:25:41:440] [WARN] - com.alibaba.druid.pool.DruidAbstractDataSource.setDriverClassName(DruidAbstractDataSource.java:1176) - oracle.jdbc.driver.OracleDriver is deprecated.Having use oracle.jdbc.OracleDriver.
[18:25:54:136] [ERROR] - com.newgrand.secdev.controller.YSYJ.FBDBController.syncFBDBJGInfo(FBDBController.java:83) - Index: 1, Size: 1
[18:26:08:430] [ERROR] - com.newgrand.secdev.controller.YSYJ.FBDBController.syncFBDBJGInfo(FBDBController.java:83) - Index: 1, Size: 1
[18:26:29:194] [ERROR] - com.newgrand.secdev.controller.YSYJ.FBDBController.syncFBDBJGInfo(FBDBController.java:83) - Index: 1, Size: 1
[18:27:32:877] [ERROR] - com.newgrand.secdev.controller.YSYJ.FBDBController.syncFBDBJGInfo(FBDBController.java:83) - Index: 1, Size: 1
[18:29:14:080] [ERROR] - com.newgrand.secdev.controller.YSYJ.FBDBController.syncFBDBJGInfo(FBDBController.java:83) - Index: 1, Size: 1
[18:34:37:789] [WARN] - com.alibaba.druid.pool.DruidAbstractDataSource.setDriverClassName(DruidAbstractDataSource.java:1176) - oracle.jdbc.driver.OracleDriver is deprecated.Having use oracle.jdbc.OracleDriver.
[18:35:06:681] [WARN] - org.apache.http.client.protocol.ResponseProcessCookies.processCookies(ResponseProcessCookies.java:130) - Invalid cookie header: "Set-Cookie: ngloginimage=; expires=Mon, 09 Dec 2120 10:35:06 GMT; path=/". Invalid 'expires' attribute: Mon, 09 Dec 2120 10:35:06 GMT
[18:35:06:681] [WARN] - org.apache.http.client.protocol.ResponseProcessCookies.processCookies(ResponseProcessCookies.java:130) - Invalid cookie header: "Set-Cookie: i85.2.0tokenkey=; expires=Thu, 01 Jan 1970 00:00:00 GMT; path=/". Invalid 'expires' attribute: Thu, 01 Jan 1970 00:00:00 GMT
[18:35:06:682] [WARN] - org.apache.http.client.protocol.ResponseProcessCookies.processCookies(ResponseProcessCookies.java:130) - Invalid cookie header: "Set-Cookie: i85.2.0tokenkey=ngtokenkey%24NEWGRAND-WEB%24cf63b9f7-f664-4ebb-b4e8-df85de0a639f; expires=Thu, 10 Dec 2020 10:35:06 GMT; path=/". Invalid 'expires' attribute: Thu, 10 Dec 2020 10:35:06 GMT
[18:35:23:846] [WARN] - com.alibaba.druid.pool.DruidAbstractDataSource.setDriverClassName(DruidAbstractDataSource.java:1176) - oracle.jdbc.driver.OracleDriver is deprecated.Having use oracle.jdbc.OracleDriver.
[18:35:51:390] [WARN] - org.apache.http.client.protocol.ResponseProcessCookies.processCookies(ResponseProcessCookies.java:130) - Invalid cookie header: "Set-Cookie: ngloginimage=; expires=Mon, 09 Dec 2120 10:35:51 GMT; path=/". Invalid 'expires' attribute: Mon, 09 Dec 2120 10:35:51 GMT
[18:35:51:392] [WARN] - org.apache.http.client.protocol.ResponseProcessCookies.processCookies(ResponseProcessCookies.java:130) - Invalid cookie header: "Set-Cookie: i85.2.0tokenkey=; expires=Thu, 01 Jan 1970 00:00:00 GMT; path=/". Invalid 'expires' attribute: Thu, 01 Jan 1970 00:00:00 GMT
[18:35:51:394] [WARN] - org.apache.http.client.protocol.ResponseProcessCookies.processCookies(ResponseProcessCookies.java:130) - Invalid cookie header: "Set-Cookie: i85.2.0tokenkey=ngtokenkey%24NEWGRAND-WEB%2402a20a7e-7967-46cc-9222-4e258fdc1cde; expires=Thu, 10 Dec 2020 10:35:51 GMT; path=/". Invalid 'expires' attribute: Thu, 10 Dec 2020 10:35:51 GMT
[18:36:43:920] [WARN] - com.alibaba.druid.pool.DruidAbstractDataSource.setDriverClassName(DruidAbstractDataSource.java:1176) - oracle.jdbc.driver.OracleDriver is deprecated.Having use oracle.jdbc.OracleDriver.
[18:36:53:858] [WARN] - org.apache.http.client.protocol.ResponseProcessCookies.processCookies(ResponseProcessCookies.java:130) - Invalid cookie header: "Set-Cookie: ngloginimage=; expires=Mon, 09 Dec 2120 10:36:53 GMT; path=/". Invalid 'expires' attribute: Mon, 09 Dec 2120 10:36:53 GMT
[18:36:53:861] [WARN] - org.apache.http.client.protocol.ResponseProcessCookies.processCookies(ResponseProcessCookies.java:130) - Invalid cookie header: "Set-Cookie: i85.2.0tokenkey=; expires=Thu, 01 Jan 1970 00:00:00 GMT; path=/". Invalid 'expires' attribute: Thu, 01 Jan 1970 00:00:00 GMT
[18:36:53:863] [WARN] - org.apache.http.client.protocol.ResponseProcessCookies.processCookies(ResponseProcessCookies.java:130) - Invalid cookie header: "Set-Cookie: i85.2.0tokenkey=ngtokenkey%24NEWGRAND-WEB%24f2537397-896c-4ea2-ad2d-294982357b7d; expires=Thu, 10 Dec 2020 10:36:53 GMT; path=/". Invalid 'expires' attribute: Thu, 10 Dec 2020 10:36:53 GMT
[18:38:35:081] [WARN] - com.alibaba.druid.pool.DruidAbstractDataSource.setDriverClassName(DruidAbstractDataSource.java:1176) - oracle.jdbc.driver.OracleDriver is deprecated.Having use oracle.jdbc.OracleDriver.
[18:38:37:374] [WARN] - org.apache.http.client.protocol.ResponseProcessCookies.processCookies(ResponseProcessCookies.java:130) - Invalid cookie header: "Set-Cookie: ngloginimage=; expires=Mon, 09 Dec 2120 10:38:37 GMT; path=/". Invalid 'expires' attribute: Mon, 09 Dec 2120 10:38:37 GMT
[18:38:37:374] [WARN] - org.apache.http.client.protocol.ResponseProcessCookies.processCookies(ResponseProcessCookies.java:130) - Invalid cookie header: "Set-Cookie: i85.2.0tokenkey=; expires=Thu, 01 Jan 1970 00:00:00 GMT; path=/". Invalid 'expires' attribute: Thu, 01 Jan 1970 00:00:00 GMT
[18:38:37:375] [WARN] - org.apache.http.client.protocol.ResponseProcessCookies.processCookies(ResponseProcessCookies.java:130) - Invalid cookie header: "Set-Cookie: i85.2.0tokenkey=ngtokenkey%24NEWGRAND-WEB%248c61ee17-dac5-4a35-b418-a53404dbafda; expires=Thu, 10 Dec 2020 10:38:37 GMT; path=/". Invalid 'expires' attribute: Thu, 10 Dec 2020 10:38:37 GMT
[19:51:51:477] [WARN] - com.alibaba.druid.pool.DruidAbstractDataSource.setDriverClassName(DruidAbstractDataSource.java:1176) - oracle.jdbc.driver.OracleDriver is deprecated.Having use oracle.jdbc.OracleDriver.
