[09:24:43:018] [WARN] - com.alibaba.druid.pool.DruidAbstractDataSource.setDriverClassName(DruidAbstractDataSource.java:1176) - oracle.jdbc.driver.OracleDriver is deprecated.Having use oracle.jdbc.OracleDriver.
[14:12:30:500] [WARN] - com.alibaba.druid.pool.DruidAbstractDataSource.setDriverClassName(DruidAbstractDataSource.java:1176) - oracle.jdbc.driver.OracleDriver is deprecated.Having use oracle.jdbc.OracleDriver.
[14:13:51:447] [ERROR] - com.newgrand.secdev.controller.LM.ShippingInfoController.getJsonObject(ShippingInfoController.java:96) - 保存失败,原因null
[14:13:56:359] [ERROR] - com.newgrand.secdev.controller.LM.ShippingInfoController.getJsonObject(ShippingInfoController.java:96) - 保存失败,原因null
[14:15:49:191] [ERROR] - com.newgrand.secdev.controller.LM.ShippingInfoController.getJsonObject(ShippingInfoController.java:96) - 保存失败,原因null
[14:15:52:216] [ERROR] - com.newgrand.secdev.controller.LM.ShippingInfoController.getJsonObject(ShippingInfoController.java:96) - 保存失败,原因Failed to obtain JDBC Connection; nested exception is java.sql.SQLException
[14:15:52:216] [ERROR] - com.newgrand.secdev.controller.LM.ShippingInfoController.getJsonObject(ShippingInfoController.java:96) - 保存失败,原因Failed to obtain JDBC Connection; nested exception is java.sql.SQLException
[14:16:00:172] [WARN] - com.alibaba.druid.pool.DruidAbstractDataSource.setDriverClassName(DruidAbstractDataSource.java:1176) - oracle.jdbc.driver.OracleDriver is deprecated.Having use oracle.jdbc.OracleDriver.
[14:16:32:851] [ERROR] - com.alibaba.druid.pool.DruidDataSource$CreateConnectionThread.run(DruidDataSource.java:2471) - create connection SQLException, url: jdbc:oracle:thin:@172.16.23.84:1521/ngsoft.ynjt.com, errorCode 17002, state 08006
java.sql.SQLRecoverableException: IO 错误: The Network Adapter could not establish the connection
	at oracle.jdbc.driver.T4CConnection.logon(T4CConnection.java:489) ~[ojdbc6-11.2.0.4.jar:11.2.0.4.0]
	at oracle.jdbc.driver.PhysicalConnection.<init>(PhysicalConnection.java:553) ~[ojdbc6-11.2.0.4.jar:11.2.0.4.0]
	at oracle.jdbc.driver.T4CConnection.<init>(T4CConnection.java:254) ~[ojdbc6-11.2.0.4.jar:11.2.0.4.0]
	at oracle.jdbc.driver.T4CDriverExtension.getConnection(T4CDriverExtension.java:32) ~[ojdbc6-11.2.0.4.jar:11.2.0.4.0]
	at oracle.jdbc.driver.OracleDriver.connect(OracleDriver.java:528) ~[ojdbc6-11.2.0.4.jar:11.2.0.4.0]
	at com.alibaba.druid.filter.FilterChainImpl.connection_connect(FilterChainImpl.java:156) ~[druid-1.1.10.jar:1.1.10]
	at com.alibaba.druid.filter.stat.StatFilter.connection_connect(StatFilter.java:218) ~[druid-1.1.10.jar:1.1.10]
	at com.alibaba.druid.filter.FilterChainImpl.connection_connect(FilterChainImpl.java:150) ~[druid-1.1.10.jar:1.1.10]
	at com.alibaba.druid.pool.DruidAbstractDataSource.createPhysicalConnection(DruidAbstractDataSource.java:1560) ~[druid-1.1.10.jar:1.1.10]
	at com.alibaba.druid.pool.DruidAbstractDataSource.createPhysicalConnection(DruidAbstractDataSource.java:1623) ~[druid-1.1.10.jar:1.1.10]
	at com.alibaba.druid.pool.DruidDataSource$CreateConnectionThread.run(DruidDataSource.java:2468) [druid-1.1.10.jar:1.1.10]
Caused by: oracle.net.ns.NetException: The Network Adapter could not establish the connection
	at oracle.net.nt.ConnStrategy.execute(ConnStrategy.java:439) ~[ojdbc6-11.2.0.4.jar:11.2.0.4.0]
	at oracle.net.resolver.AddrResolution.resolveAndExecute(AddrResolution.java:454) ~[ojdbc6-11.2.0.4.jar:11.2.0.4.0]
	at oracle.net.ns.NSProtocol.establishConnection(NSProtocol.java:693) ~[ojdbc6-11.2.0.4.jar:11.2.0.4.0]
	at oracle.net.ns.NSProtocol.connect(NSProtocol.java:251) ~[ojdbc6-11.2.0.4.jar:11.2.0.4.0]
	at oracle.jdbc.driver.T4CConnection.connect(T4CConnection.java:1140) ~[ojdbc6-11.2.0.4.jar:11.2.0.4.0]
	at oracle.jdbc.driver.T4CConnection.logon(T4CConnection.java:340) ~[ojdbc6-11.2.0.4.jar:11.2.0.4.0]
	... 10 more
Caused by: java.net.ConnectException: Connection timed out: connect
	at java.net.DualStackPlainSocketImpl.waitForConnect(Native Method) ~[?:1.8.0_221]
	at java.net.DualStackPlainSocketImpl.socketConnect(DualStackPlainSocketImpl.java:85) ~[?:1.8.0_221]
	at java.net.AbstractPlainSocketImpl.doConnect(AbstractPlainSocketImpl.java:350) ~[?:1.8.0_221]
	at java.net.AbstractPlainSocketImpl.connectToAddress(AbstractPlainSocketImpl.java:206) ~[?:1.8.0_221]
	at java.net.AbstractPlainSocketImpl.connect(AbstractPlainSocketImpl.java:188) ~[?:1.8.0_221]
	at java.net.PlainSocketImpl.connect(PlainSocketImpl.java:172) ~[?:1.8.0_221]
	at java.net.SocksSocketImpl.connect(SocksSocketImpl.java:392) ~[?:1.8.0_221]
	at java.net.Socket.connect(Socket.java:589) ~[?:1.8.0_221]
	at oracle.net.nt.TcpNTAdapter.connect(TcpNTAdapter.java:149) ~[ojdbc6-11.2.0.4.jar:11.2.0.4.0]
	at oracle.net.nt.ConnOption.connect(ConnOption.java:133) ~[ojdbc6-11.2.0.4.jar:11.2.0.4.0]
	at oracle.net.nt.ConnStrategy.execute(ConnStrategy.java:405) ~[ojdbc6-11.2.0.4.jar:11.2.0.4.0]
	at oracle.net.resolver.AddrResolution.resolveAndExecute(AddrResolution.java:454) ~[ojdbc6-11.2.0.4.jar:11.2.0.4.0]
	at oracle.net.ns.NSProtocol.establishConnection(NSProtocol.java:693) ~[ojdbc6-11.2.0.4.jar:11.2.0.4.0]
	at oracle.net.ns.NSProtocol.connect(NSProtocol.java:251) ~[ojdbc6-11.2.0.4.jar:11.2.0.4.0]
	at oracle.jdbc.driver.T4CConnection.connect(T4CConnection.java:1140) ~[ojdbc6-11.2.0.4.jar:11.2.0.4.0]
	at oracle.jdbc.driver.T4CConnection.logon(T4CConnection.java:340) ~[ojdbc6-11.2.0.4.jar:11.2.0.4.0]
	... 10 more
[14:16:53:889] [ERROR] - com.alibaba.druid.pool.DruidDataSource$CreateConnectionThread.run(DruidDataSource.java:2471) - create connection SQLException, url: jdbc:oracle:thin:@172.16.23.84:1521/ngsoft.ynjt.com, errorCode 17002, state 08006
java.sql.SQLRecoverableException: IO 错误: The Network Adapter could not establish the connection
	at oracle.jdbc.driver.T4CConnection.logon(T4CConnection.java:489) ~[ojdbc6-11.2.0.4.jar:11.2.0.4.0]
	at oracle.jdbc.driver.PhysicalConnection.<init>(PhysicalConnection.java:553) ~[ojdbc6-11.2.0.4.jar:11.2.0.4.0]
	at oracle.jdbc.driver.T4CConnection.<init>(T4CConnection.java:254) ~[ojdbc6-11.2.0.4.jar:11.2.0.4.0]
	at oracle.jdbc.driver.T4CDriverExtension.getConnection(T4CDriverExtension.java:32) ~[ojdbc6-11.2.0.4.jar:11.2.0.4.0]
	at oracle.jdbc.driver.OracleDriver.connect(OracleDriver.java:528) ~[ojdbc6-11.2.0.4.jar:11.2.0.4.0]
	at com.alibaba.druid.filter.FilterChainImpl.connection_connect(FilterChainImpl.java:156) ~[druid-1.1.10.jar:1.1.10]
	at com.alibaba.druid.filter.stat.StatFilter.connection_connect(StatFilter.java:218) ~[druid-1.1.10.jar:1.1.10]
	at com.alibaba.druid.filter.FilterChainImpl.connection_connect(FilterChainImpl.java:150) ~[druid-1.1.10.jar:1.1.10]
	at com.alibaba.druid.pool.DruidAbstractDataSource.createPhysicalConnection(DruidAbstractDataSource.java:1560) ~[druid-1.1.10.jar:1.1.10]
	at com.alibaba.druid.pool.DruidAbstractDataSource.createPhysicalConnection(DruidAbstractDataSource.java:1623) ~[druid-1.1.10.jar:1.1.10]
	at com.alibaba.druid.pool.DruidDataSource$CreateConnectionThread.run(DruidDataSource.java:2468) [druid-1.1.10.jar:1.1.10]
Caused by: oracle.net.ns.NetException: The Network Adapter could not establish the connection
	at oracle.net.nt.ConnStrategy.execute(ConnStrategy.java:439) ~[ojdbc6-11.2.0.4.jar:11.2.0.4.0]
	at oracle.net.resolver.AddrResolution.resolveAndExecute(AddrResolution.java:454) ~[ojdbc6-11.2.0.4.jar:11.2.0.4.0]
	at oracle.net.ns.NSProtocol.establishConnection(NSProtocol.java:693) ~[ojdbc6-11.2.0.4.jar:11.2.0.4.0]
	at oracle.net.ns.NSProtocol.connect(NSProtocol.java:251) ~[ojdbc6-11.2.0.4.jar:11.2.0.4.0]
	at oracle.jdbc.driver.T4CConnection.connect(T4CConnection.java:1140) ~[ojdbc6-11.2.0.4.jar:11.2.0.4.0]
	at oracle.jdbc.driver.T4CConnection.logon(T4CConnection.java:340) ~[ojdbc6-11.2.0.4.jar:11.2.0.4.0]
	... 10 more
Caused by: java.net.ConnectException: Connection timed out: connect
	at java.net.DualStackPlainSocketImpl.waitForConnect(Native Method) ~[?:1.8.0_221]
	at java.net.DualStackPlainSocketImpl.socketConnect(DualStackPlainSocketImpl.java:85) ~[?:1.8.0_221]
	at java.net.AbstractPlainSocketImpl.doConnect(AbstractPlainSocketImpl.java:350) ~[?:1.8.0_221]
	at java.net.AbstractPlainSocketImpl.connectToAddress(AbstractPlainSocketImpl.java:206) ~[?:1.8.0_221]
	at java.net.AbstractPlainSocketImpl.connect(AbstractPlainSocketImpl.java:188) ~[?:1.8.0_221]
	at java.net.PlainSocketImpl.connect(PlainSocketImpl.java:172) ~[?:1.8.0_221]
	at java.net.SocksSocketImpl.connect(SocksSocketImpl.java:392) ~[?:1.8.0_221]
	at java.net.Socket.connect(Socket.java:589) ~[?:1.8.0_221]
	at oracle.net.nt.TcpNTAdapter.connect(TcpNTAdapter.java:149) ~[ojdbc6-11.2.0.4.jar:11.2.0.4.0]
	at oracle.net.nt.ConnOption.connect(ConnOption.java:133) ~[ojdbc6-11.2.0.4.jar:11.2.0.4.0]
	at oracle.net.nt.ConnStrategy.execute(ConnStrategy.java:405) ~[ojdbc6-11.2.0.4.jar:11.2.0.4.0]
	at oracle.net.resolver.AddrResolution.resolveAndExecute(AddrResolution.java:454) ~[ojdbc6-11.2.0.4.jar:11.2.0.4.0]
	at oracle.net.ns.NSProtocol.establishConnection(NSProtocol.java:693) ~[ojdbc6-11.2.0.4.jar:11.2.0.4.0]
	at oracle.net.ns.NSProtocol.connect(NSProtocol.java:251) ~[ojdbc6-11.2.0.4.jar:11.2.0.4.0]
	at oracle.jdbc.driver.T4CConnection.connect(T4CConnection.java:1140) ~[ojdbc6-11.2.0.4.jar:11.2.0.4.0]
	at oracle.jdbc.driver.T4CConnection.logon(T4CConnection.java:340) ~[ojdbc6-11.2.0.4.jar:11.2.0.4.0]
	... 10 more
[14:17:15:433] [ERROR] - com.alibaba.druid.pool.DruidDataSource$CreateConnectionThread.run(DruidDataSource.java:2471) - create connection SQLException, url: jdbc:oracle:thin:@172.16.23.84:1521/ngsoft.ynjt.com, errorCode 17002, state 08006
java.sql.SQLRecoverableException: IO 错误: The Network Adapter could not establish the connection
	at oracle.jdbc.driver.T4CConnection.logon(T4CConnection.java:489) ~[ojdbc6-11.2.0.4.jar:11.2.0.4.0]
	at oracle.jdbc.driver.PhysicalConnection.<init>(PhysicalConnection.java:553) ~[ojdbc6-11.2.0.4.jar:11.2.0.4.0]
	at oracle.jdbc.driver.T4CConnection.<init>(T4CConnection.java:254) ~[ojdbc6-11.2.0.4.jar:11.2.0.4.0]
	at oracle.jdbc.driver.T4CDriverExtension.getConnection(T4CDriverExtension.java:32) ~[ojdbc6-11.2.0.4.jar:11.2.0.4.0]
	at oracle.jdbc.driver.OracleDriver.connect(OracleDriver.java:528) ~[ojdbc6-11.2.0.4.jar:11.2.0.4.0]
	at com.alibaba.druid.filter.FilterChainImpl.connection_connect(FilterChainImpl.java:156) ~[druid-1.1.10.jar:1.1.10]
	at com.alibaba.druid.filter.stat.StatFilter.connection_connect(StatFilter.java:218) ~[druid-1.1.10.jar:1.1.10]
	at com.alibaba.druid.filter.FilterChainImpl.connection_connect(FilterChainImpl.java:150) ~[druid-1.1.10.jar:1.1.10]
	at com.alibaba.druid.pool.DruidAbstractDataSource.createPhysicalConnection(DruidAbstractDataSource.java:1560) ~[druid-1.1.10.jar:1.1.10]
	at com.alibaba.druid.pool.DruidAbstractDataSource.createPhysicalConnection(DruidAbstractDataSource.java:1623) ~[druid-1.1.10.jar:1.1.10]
	at com.alibaba.druid.pool.DruidDataSource$CreateConnectionThread.run(DruidDataSource.java:2468) [druid-1.1.10.jar:1.1.10]
Caused by: oracle.net.ns.NetException: The Network Adapter could not establish the connection
	at oracle.net.nt.ConnStrategy.execute(ConnStrategy.java:439) ~[ojdbc6-11.2.0.4.jar:11.2.0.4.0]
	at oracle.net.resolver.AddrResolution.resolveAndExecute(AddrResolution.java:454) ~[ojdbc6-11.2.0.4.jar:11.2.0.4.0]
	at oracle.net.ns.NSProtocol.establishConnection(NSProtocol.java:693) ~[ojdbc6-11.2.0.4.jar:11.2.0.4.0]
	at oracle.net.ns.NSProtocol.connect(NSProtocol.java:251) ~[ojdbc6-11.2.0.4.jar:11.2.0.4.0]
	at oracle.jdbc.driver.T4CConnection.connect(T4CConnection.java:1140) ~[ojdbc6-11.2.0.4.jar:11.2.0.4.0]
	at oracle.jdbc.driver.T4CConnection.logon(T4CConnection.java:340) ~[ojdbc6-11.2.0.4.jar:11.2.0.4.0]
	... 10 more
Caused by: java.net.ConnectException: Connection timed out: connect
	at java.net.DualStackPlainSocketImpl.waitForConnect(Native Method) ~[?:1.8.0_221]
	at java.net.DualStackPlainSocketImpl.socketConnect(DualStackPlainSocketImpl.java:85) ~[?:1.8.0_221]
	at java.net.AbstractPlainSocketImpl.doConnect(AbstractPlainSocketImpl.java:350) ~[?:1.8.0_221]
	at java.net.AbstractPlainSocketImpl.connectToAddress(AbstractPlainSocketImpl.java:206) ~[?:1.8.0_221]
	at java.net.AbstractPlainSocketImpl.connect(AbstractPlainSocketImpl.java:188) ~[?:1.8.0_221]
	at java.net.PlainSocketImpl.connect(PlainSocketImpl.java:172) ~[?:1.8.0_221]
	at java.net.SocksSocketImpl.connect(SocksSocketImpl.java:392) ~[?:1.8.0_221]
	at java.net.Socket.connect(Socket.java:589) ~[?:1.8.0_221]
	at oracle.net.nt.TcpNTAdapter.connect(TcpNTAdapter.java:149) ~[ojdbc6-11.2.0.4.jar:11.2.0.4.0]
	at oracle.net.nt.ConnOption.connect(ConnOption.java:133) ~[ojdbc6-11.2.0.4.jar:11.2.0.4.0]
	at oracle.net.nt.ConnStrategy.execute(ConnStrategy.java:405) ~[ojdbc6-11.2.0.4.jar:11.2.0.4.0]
	at oracle.net.resolver.AddrResolution.resolveAndExecute(AddrResolution.java:454) ~[ojdbc6-11.2.0.4.jar:11.2.0.4.0]
	at oracle.net.ns.NSProtocol.establishConnection(NSProtocol.java:693) ~[ojdbc6-11.2.0.4.jar:11.2.0.4.0]
	at oracle.net.ns.NSProtocol.connect(NSProtocol.java:251) ~[ojdbc6-11.2.0.4.jar:11.2.0.4.0]
	at oracle.jdbc.driver.T4CConnection.connect(T4CConnection.java:1140) ~[ojdbc6-11.2.0.4.jar:11.2.0.4.0]
	at oracle.jdbc.driver.T4CConnection.logon(T4CConnection.java:340) ~[ojdbc6-11.2.0.4.jar:11.2.0.4.0]
	... 10 more
[14:17:36:988] [ERROR] - com.alibaba.druid.pool.DruidDataSource$CreateConnectionThread.run(DruidDataSource.java:2471) - create connection SQLException, url: jdbc:oracle:thin:@172.16.23.84:1521/ngsoft.ynjt.com, errorCode 17002, state 08006
java.sql.SQLRecoverableException: IO 错误: The Network Adapter could not establish the connection
	at oracle.jdbc.driver.T4CConnection.logon(T4CConnection.java:489) ~[ojdbc6-11.2.0.4.jar:11.2.0.4.0]
	at oracle.jdbc.driver.PhysicalConnection.<init>(PhysicalConnection.java:553) ~[ojdbc6-11.2.0.4.jar:11.2.0.4.0]
	at oracle.jdbc.driver.T4CConnection.<init>(T4CConnection.java:254) ~[ojdbc6-11.2.0.4.jar:11.2.0.4.0]
	at oracle.jdbc.driver.T4CDriverExtension.getConnection(T4CDriverExtension.java:32) ~[ojdbc6-11.2.0.4.jar:11.2.0.4.0]
	at oracle.jdbc.driver.OracleDriver.connect(OracleDriver.java:528) ~[ojdbc6-11.2.0.4.jar:11.2.0.4.0]
	at com.alibaba.druid.filter.FilterChainImpl.connection_connect(FilterChainImpl.java:156) ~[druid-1.1.10.jar:1.1.10]
	at com.alibaba.druid.filter.stat.StatFilter.connection_connect(StatFilter.java:218) ~[druid-1.1.10.jar:1.1.10]
	at com.alibaba.druid.filter.FilterChainImpl.connection_connect(FilterChainImpl.java:150) ~[druid-1.1.10.jar:1.1.10]
	at com.alibaba.druid.pool.DruidAbstractDataSource.createPhysicalConnection(DruidAbstractDataSource.java:1560) ~[druid-1.1.10.jar:1.1.10]
	at com.alibaba.druid.pool.DruidAbstractDataSource.createPhysicalConnection(DruidAbstractDataSource.java:1623) ~[druid-1.1.10.jar:1.1.10]
	at com.alibaba.druid.pool.DruidDataSource$CreateConnectionThread.run(DruidDataSource.java:2468) [druid-1.1.10.jar:1.1.10]
Caused by: oracle.net.ns.NetException: The Network Adapter could not establish the connection
	at oracle.net.nt.ConnStrategy.execute(ConnStrategy.java:439) ~[ojdbc6-11.2.0.4.jar:11.2.0.4.0]
	at oracle.net.resolver.AddrResolution.resolveAndExecute(AddrResolution.java:454) ~[ojdbc6-11.2.0.4.jar:11.2.0.4.0]
	at oracle.net.ns.NSProtocol.establishConnection(NSProtocol.java:693) ~[ojdbc6-11.2.0.4.jar:11.2.0.4.0]
	at oracle.net.ns.NSProtocol.connect(NSProtocol.java:251) ~[ojdbc6-11.2.0.4.jar:11.2.0.4.0]
	at oracle.jdbc.driver.T4CConnection.connect(T4CConnection.java:1140) ~[ojdbc6-11.2.0.4.jar:11.2.0.4.0]
	at oracle.jdbc.driver.T4CConnection.logon(T4CConnection.java:340) ~[ojdbc6-11.2.0.4.jar:11.2.0.4.0]
	... 10 more
Caused by: java.net.ConnectException: Connection timed out: connect
	at java.net.DualStackPlainSocketImpl.waitForConnect(Native Method) ~[?:1.8.0_221]
	at java.net.DualStackPlainSocketImpl.socketConnect(DualStackPlainSocketImpl.java:85) ~[?:1.8.0_221]
	at java.net.AbstractPlainSocketImpl.doConnect(AbstractPlainSocketImpl.java:350) ~[?:1.8.0_221]
	at java.net.AbstractPlainSocketImpl.connectToAddress(AbstractPlainSocketImpl.java:206) ~[?:1.8.0_221]
	at java.net.AbstractPlainSocketImpl.connect(AbstractPlainSocketImpl.java:188) ~[?:1.8.0_221]
	at java.net.PlainSocketImpl.connect(PlainSocketImpl.java:172) ~[?:1.8.0_221]
	at java.net.SocksSocketImpl.connect(SocksSocketImpl.java:392) ~[?:1.8.0_221]
	at java.net.Socket.connect(Socket.java:589) ~[?:1.8.0_221]
	at oracle.net.nt.TcpNTAdapter.connect(TcpNTAdapter.java:149) ~[ojdbc6-11.2.0.4.jar:11.2.0.4.0]
	at oracle.net.nt.ConnOption.connect(ConnOption.java:133) ~[ojdbc6-11.2.0.4.jar:11.2.0.4.0]
	at oracle.net.nt.ConnStrategy.execute(ConnStrategy.java:405) ~[ojdbc6-11.2.0.4.jar:11.2.0.4.0]
	at oracle.net.resolver.AddrResolution.resolveAndExecute(AddrResolution.java:454) ~[ojdbc6-11.2.0.4.jar:11.2.0.4.0]
	at oracle.net.ns.NSProtocol.establishConnection(NSProtocol.java:693) ~[ojdbc6-11.2.0.4.jar:11.2.0.4.0]
	at oracle.net.ns.NSProtocol.connect(NSProtocol.java:251) ~[ojdbc6-11.2.0.4.jar:11.2.0.4.0]
	at oracle.jdbc.driver.T4CConnection.connect(T4CConnection.java:1140) ~[ojdbc6-11.2.0.4.jar:11.2.0.4.0]
	at oracle.jdbc.driver.T4CConnection.logon(T4CConnection.java:340) ~[ojdbc6-11.2.0.4.jar:11.2.0.4.0]
	... 10 more
[14:17:54:227] [ERROR] - com.newgrand.secdev.controller.LM.ShippingInfoController.getJsonObject(ShippingInfoController.java:96) - 保存失败,原因Failed to obtain JDBC Connection; nested exception is java.sql.SQLException
[14:17:54:227] [ERROR] - com.newgrand.secdev.controller.LM.ShippingInfoController.getJsonObject(ShippingInfoController.java:96) - 保存失败,原因Failed to obtain JDBC Connection; nested exception is java.sql.SQLException
[14:18:57:394] [WARN] - com.alibaba.druid.pool.DruidAbstractDataSource.setDriverClassName(DruidAbstractDataSource.java:1176) - oracle.jdbc.driver.OracleDriver is deprecated.Having use oracle.jdbc.OracleDriver.
[15:18:46:764] [WARN] - com.alibaba.druid.pool.DruidAbstractDataSource.setDriverClassName(DruidAbstractDataSource.java:1176) - oracle.jdbc.driver.OracleDriver is deprecated.Having use oracle.jdbc.OracleDriver.
[15:31:43:803] [ERROR] - com.alibaba.druid.util.JdbcUtils.close(JdbcUtils.java:86) - close statement error
java.sql.SQLRecoverableException: 关闭的连接
	at oracle.jdbc.driver.PhysicalConnection.needLine(PhysicalConnection.java:5416) ~[ojdbc6-11.2.0.4.jar:11.2.0.4.0]
	at oracle.jdbc.driver.OracleStatement.closeOrCache(OracleStatement.java:1585) ~[ojdbc6-11.2.0.4.jar:11.2.0.4.0]
	at oracle.jdbc.driver.OracleStatement.close(OracleStatement.java:1570) ~[ojdbc6-11.2.0.4.jar:11.2.0.4.0]
	at oracle.jdbc.driver.OracleStatementWrapper.close(OracleStatementWrapper.java:94) ~[ojdbc6-11.2.0.4.jar:11.2.0.4.0]
	at com.alibaba.druid.util.JdbcUtils.close(JdbcUtils.java:84) [druid-1.1.10.jar:1.1.10]
	at com.alibaba.druid.pool.vendor.OracleValidConnectionChecker.isValidConnection(OracleValidConnectionChecker.java:88) [druid-1.1.10.jar:1.1.10]
	at com.alibaba.druid.pool.DruidAbstractDataSource.testConnectionInternal(DruidAbstractDataSource.java:1400) [druid-1.1.10.jar:1.1.10]
	at com.alibaba.druid.pool.DruidDataSource.getConnectionDirect(DruidDataSource.java:1299) [druid-1.1.10.jar:1.1.10]
	at com.alibaba.druid.filter.FilterChainImpl.dataSource_connect(FilterChainImpl.java:5007) [druid-1.1.10.jar:1.1.10]
	at com.alibaba.druid.filter.stat.StatFilter.dataSource_getConnection(StatFilter.java:680) [druid-1.1.10.jar:1.1.10]
	at com.alibaba.druid.filter.FilterChainImpl.dataSource_connect(FilterChainImpl.java:5003) [druid-1.1.10.jar:1.1.10]
	at com.alibaba.druid.pool.DruidDataSource.getConnection(DruidDataSource.java:1233) [druid-1.1.10.jar:1.1.10]
	at com.alibaba.druid.pool.DruidDataSource.getConnection(DruidDataSource.java:1225) [druid-1.1.10.jar:1.1.10]
	at com.alibaba.druid.pool.DruidDataSource.getConnection(DruidDataSource.java:90) [druid-1.1.10.jar:1.1.10]
	at org.springframework.jdbc.datasource.DataSourceUtils.fetchConnection(DataSourceUtils.java:158) [spring-jdbc-5.2.8.RELEASE.jar:5.2.8.RELEASE]
	at org.springframework.jdbc.datasource.DataSourceUtils.doGetConnection(DataSourceUtils.java:116) [spring-jdbc-5.2.8.RELEASE.jar:5.2.8.RELEASE]
	at org.springframework.jdbc.datasource.DataSourceUtils.getConnection(DataSourceUtils.java:79) [spring-jdbc-5.2.8.RELEASE.jar:5.2.8.RELEASE]
	at org.springframework.jdbc.core.JdbcTemplate.execute(JdbcTemplate.java:371) [spring-jdbc-5.2.8.RELEASE.jar:5.2.8.RELEASE]
	at org.springframework.jdbc.core.JdbcTemplate.query(JdbcTemplate.java:452) [spring-jdbc-5.2.8.RELEASE.jar:5.2.8.RELEASE]
	at org.springframework.jdbc.core.JdbcTemplate.query(JdbcTemplate.java:462) [spring-jdbc-5.2.8.RELEASE.jar:5.2.8.RELEASE]
	at org.springframework.jdbc.core.JdbcTemplate.queryForList(JdbcTemplate.java:490) [spring-jdbc-5.2.8.RELEASE.jar:5.2.8.RELEASE]
	at com.newgrand.secdev.controller.LM.ZczrRecBackController.MainForm(ZczrRecBackController.java:162) [classes/:?]
	at com.newgrand.secdev.controller.LM.ZczrRecBackController.sendDataToApp(ZczrRecBackController.java:125) [classes/:?]
	at com.newgrand.secdev.controller.LM.ZczrRecBackController.getDataFromYSYJ(ZczrRecBackController.java:95) [classes/:?]
	at com.newgrand.secdev.controller.LM.ZczrRecBackController.syncZczrRecBackInfo(ZczrRecBackController.java:56) [classes/:?]
	at sun.reflect.NativeMethodAccessorImpl.invoke0(Native Method) ~[?:1.8.0_221]
	at sun.reflect.NativeMethodAccessorImpl.invoke(NativeMethodAccessorImpl.java:62) ~[?:1.8.0_221]
	at sun.reflect.DelegatingMethodAccessorImpl.invoke(DelegatingMethodAccessorImpl.java:43) ~[?:1.8.0_221]
	at java.lang.reflect.Method.invoke(Method.java:498) ~[?:1.8.0_221]
	at org.springframework.web.method.support.InvocableHandlerMethod.doInvoke(InvocableHandlerMethod.java:190) [spring-web-5.2.8.RELEASE.jar:5.2.8.RELEASE]
	at org.springframework.web.method.support.InvocableHandlerMethod.invokeForRequest(InvocableHandlerMethod.java:138) [spring-web-5.2.8.RELEASE.jar:5.2.8.RELEASE]
	at org.springframework.web.servlet.mvc.method.annotation.ServletInvocableHandlerMethod.invokeAndHandle(ServletInvocableHandlerMethod.java:105) [spring-webmvc-5.2.8.RELEASE.jar:5.2.8.RELEASE]
	at org.springframework.web.servlet.mvc.method.annotation.RequestMappingHandlerAdapter.invokeHandlerMethod(RequestMappingHandlerAdapter.java:878) [spring-webmvc-5.2.8.RELEASE.jar:5.2.8.RELEASE]
	at org.springframework.web.servlet.mvc.method.annotation.RequestMappingHandlerAdapter.handleInternal(RequestMappingHandlerAdapter.java:792) [spring-webmvc-5.2.8.RELEASE.jar:5.2.8.RELEASE]
	at org.springframework.web.servlet.mvc.method.AbstractHandlerMethodAdapter.handle(AbstractHandlerMethodAdapter.java:87) [spring-webmvc-5.2.8.RELEASE.jar:5.2.8.RELEASE]
	at org.springframework.web.servlet.DispatcherServlet.doDispatch(DispatcherServlet.java:1040) [spring-webmvc-5.2.8.RELEASE.jar:5.2.8.RELEASE]
	at org.springframework.web.servlet.DispatcherServlet.doService(DispatcherServlet.java:943) [spring-webmvc-5.2.8.RELEASE.jar:5.2.8.RELEASE]
	at org.springframework.web.servlet.FrameworkServlet.processRequest(FrameworkServlet.java:1006) [spring-webmvc-5.2.8.RELEASE.jar:5.2.8.RELEASE]
	at org.springframework.web.servlet.FrameworkServlet.doPost(FrameworkServlet.java:909) [spring-webmvc-5.2.8.RELEASE.jar:5.2.8.RELEASE]
	at javax.servlet.http.HttpServlet.service(HttpServlet.java:652) [tomcat-embed-core-9.0.37.jar:4.0.FR]
	at org.springframework.web.servlet.FrameworkServlet.service(FrameworkServlet.java:883) [spring-webmvc-5.2.8.RELEASE.jar:5.2.8.RELEASE]
	at javax.servlet.http.HttpServlet.service(HttpServlet.java:733) [tomcat-embed-core-9.0.37.jar:4.0.FR]
	at org.apache.catalina.core.ApplicationFilterChain.internalDoFilter(ApplicationFilterChain.java:231) [tomcat-embed-core-9.0.37.jar:9.0.37]
	at org.apache.catalina.core.ApplicationFilterChain.doFilter(ApplicationFilterChain.java:166) [tomcat-embed-core-9.0.37.jar:9.0.37]
	at org.apache.tomcat.websocket.server.WsFilter.doFilter(WsFilter.java:53) [tomcat-embed-websocket-9.0.37.jar:9.0.37]
	at org.apache.catalina.core.ApplicationFilterChain.internalDoFilter(ApplicationFilterChain.java:193) [tomcat-embed-core-9.0.37.jar:9.0.37]
	at org.apache.catalina.core.ApplicationFilterChain.doFilter(ApplicationFilterChain.java:166) [tomcat-embed-core-9.0.37.jar:9.0.37]
	at com.alibaba.druid.support.http.WebStatFilter.doFilter(WebStatFilter.java:123) [druid-1.1.10.jar:1.1.10]
	at org.apache.catalina.core.ApplicationFilterChain.internalDoFilter(ApplicationFilterChain.java:193) [tomcat-embed-core-9.0.37.jar:9.0.37]
	at org.apache.catalina.core.ApplicationFilterChain.doFilter(ApplicationFilterChain.java:166) [tomcat-embed-core-9.0.37.jar:9.0.37]
	at org.springframework.web.filter.RequestContextFilter.doFilterInternal(RequestContextFilter.java:100) [spring-web-5.2.8.RELEASE.jar:5.2.8.RELEASE]
	at org.springframework.web.filter.OncePerRequestFilter.doFilter(OncePerRequestFilter.java:119) [spring-web-5.2.8.RELEASE.jar:5.2.8.RELEASE]
	at org.apache.catalina.core.ApplicationFilterChain.internalDoFilter(ApplicationFilterChain.java:193) [tomcat-embed-core-9.0.37.jar:9.0.37]
	at org.apache.catalina.core.ApplicationFilterChain.doFilter(ApplicationFilterChain.java:166) [tomcat-embed-core-9.0.37.jar:9.0.37]
	at org.springframework.web.filter.FormContentFilter.doFilterInternal(FormContentFilter.java:93) [spring-web-5.2.8.RELEASE.jar:5.2.8.RELEASE]
	at org.springframework.web.filter.OncePerRequestFilter.doFilter(OncePerRequestFilter.java:119) [spring-web-5.2.8.RELEASE.jar:5.2.8.RELEASE]
	at org.apache.catalina.core.ApplicationFilterChain.internalDoFilter(ApplicationFilterChain.java:193) [tomcat-embed-core-9.0.37.jar:9.0.37]
	at org.apache.catalina.core.ApplicationFilterChain.doFilter(ApplicationFilterChain.java:166) [tomcat-embed-core-9.0.37.jar:9.0.37]
	at org.springframework.web.filter.CharacterEncodingFilter.doFilterInternal(CharacterEncodingFilter.java:201) [spring-web-5.2.8.RELEASE.jar:5.2.8.RELEASE]
	at org.springframework.web.filter.OncePerRequestFilter.doFilter(OncePerRequestFilter.java:119) [spring-web-5.2.8.RELEASE.jar:5.2.8.RELEASE]
	at org.apache.catalina.core.ApplicationFilterChain.internalDoFilter(ApplicationFilterChain.java:193) [tomcat-embed-core-9.0.37.jar:9.0.37]
	at org.apache.catalina.core.ApplicationFilterChain.doFilter(ApplicationFilterChain.java:166) [tomcat-embed-core-9.0.37.jar:9.0.37]
	at org.apache.catalina.core.StandardWrapperValve.invoke(StandardWrapperValve.java:202) [tomcat-embed-core-9.0.37.jar:9.0.37]
	at org.apache.catalina.core.StandardContextValve.invoke(StandardContextValve.java:96) [tomcat-embed-core-9.0.37.jar:9.0.37]
	at org.apache.catalina.authenticator.AuthenticatorBase.invoke(AuthenticatorBase.java:541) [tomcat-embed-core-9.0.37.jar:9.0.37]
	at org.apache.catalina.core.StandardHostValve.invoke(StandardHostValve.java:139) [tomcat-embed-core-9.0.37.jar:9.0.37]
	at org.apache.catalina.valves.ErrorReportValve.invoke(ErrorReportValve.java:92) [tomcat-embed-core-9.0.37.jar:9.0.37]
	at org.apache.catalina.core.StandardEngineValve.invoke(StandardEngineValve.java:74) [tomcat-embed-core-9.0.37.jar:9.0.37]
	at org.apache.catalina.connector.CoyoteAdapter.service(CoyoteAdapter.java:343) [tomcat-embed-core-9.0.37.jar:9.0.37]
	at org.apache.coyote.http11.Http11Processor.service(Http11Processor.java:373) [tomcat-embed-core-9.0.37.jar:9.0.37]
	at org.apache.coyote.AbstractProcessorLight.process(AbstractProcessorLight.java:65) [tomcat-embed-core-9.0.37.jar:9.0.37]
	at org.apache.coyote.AbstractProtocol$ConnectionHandler.process(AbstractProtocol.java:868) [tomcat-embed-core-9.0.37.jar:9.0.37]
	at org.apache.tomcat.util.net.NioEndpoint$SocketProcessor.doRun(NioEndpoint.java:1589) [tomcat-embed-core-9.0.37.jar:9.0.37]
	at org.apache.tomcat.util.net.SocketProcessorBase.run(SocketProcessorBase.java:49) [tomcat-embed-core-9.0.37.jar:9.0.37]
	at java.util.concurrent.ThreadPoolExecutor.runWorker(ThreadPoolExecutor.java:1149) [?:1.8.0_221]
	at java.util.concurrent.ThreadPoolExecutor$Worker.run(ThreadPoolExecutor.java:624) [?:1.8.0_221]
	at org.apache.tomcat.util.threads.TaskThread$WrappingRunnable.run(TaskThread.java:61) [tomcat-embed-core-9.0.37.jar:9.0.37]
	at java.lang.Thread.run(Thread.java:748) [?:1.8.0_221]
[15:32:48:878] [WARN] - com.alibaba.druid.pool.DruidAbstractDataSource.setDriverClassName(DruidAbstractDataSource.java:1176) - oracle.jdbc.driver.OracleDriver is deprecated.Having use oracle.jdbc.OracleDriver.
[15:49:09:112] [WARN] - com.alibaba.druid.pool.DruidAbstractDataSource.setDriverClassName(DruidAbstractDataSource.java:1176) - oracle.jdbc.driver.OracleDriver is deprecated.Having use oracle.jdbc.OracleDriver.
