[09:49:36:159] [WARN] - com.alibaba.druid.pool.DruidAbstractDataSource.setDriverClassName(DruidAbstractDataSource.java:1176) - oracle.jdbc.driver.OracleDriver is deprecated.Having use oracle.jdbc.OracleDriver.
[09:51:15:998] [WARN] - com.alibaba.druid.pool.DruidAbstractDataSource.setDriverClassName(DruidAbstractDataSource.java:1176) - oracle.jdbc.driver.OracleDriver is deprecated.Having use oracle.jdbc.OracleDriver.
[09:51:28:246] [WARN] - com.alibaba.druid.pool.DruidAbstractDataSource.setDriverClassName(DruidAbstractDataSource.java:1176) - oracle.jdbc.driver.OracleDriver is deprecated.Having use oracle.jdbc.OracleDriver.
[09:58:50:839] [ERROR] - com.alibaba.druid.util.JdbcUtils.close(JdbcUtils.java:86) - close statement error
java.sql.SQLRecoverableException: 关闭的连接
	at oracle.jdbc.driver.PhysicalConnection.needLine(PhysicalConnection.java:5416) ~[ojdbc6-11.2.0.4.jar:11.2.0.4.0]
	at oracle.jdbc.driver.OracleStatement.closeOrCache(OracleStatement.java:1585) ~[ojdbc6-11.2.0.4.jar:11.2.0.4.0]
	at oracle.jdbc.driver.OracleStatement.close(OracleStatement.java:1570) ~[ojdbc6-11.2.0.4.jar:11.2.0.4.0]
	at oracle.jdbc.driver.OracleStatementWrapper.close(OracleStatementWrapper.java:94) ~[ojdbc6-11.2.0.4.jar:11.2.0.4.0]
	at com.alibaba.druid.util.JdbcUtils.close(JdbcUtils.java:84) [druid-1.1.10.jar:1.1.10]
	at com.alibaba.druid.pool.vendor.OracleValidConnectionChecker.isValidConnection(OracleValidConnectionChecker.java:88) [druid-1.1.10.jar:1.1.10]
	at com.alibaba.druid.pool.DruidAbstractDataSource.testConnectionInternal(DruidAbstractDataSource.java:1400) [druid-1.1.10.jar:1.1.10]
	at com.alibaba.druid.pool.DruidDataSource.getConnectionDirect(DruidDataSource.java:1299) [druid-1.1.10.jar:1.1.10]
	at com.alibaba.druid.filter.FilterChainImpl.dataSource_connect(FilterChainImpl.java:5007) [druid-1.1.10.jar:1.1.10]
	at com.alibaba.druid.filter.stat.StatFilter.dataSource_getConnection(StatFilter.java:680) [druid-1.1.10.jar:1.1.10]
	at com.alibaba.druid.filter.FilterChainImpl.dataSource_connect(FilterChainImpl.java:5003) [druid-1.1.10.jar:1.1.10]
	at com.alibaba.druid.pool.DruidDataSource.getConnection(DruidDataSource.java:1233) [druid-1.1.10.jar:1.1.10]
	at com.alibaba.druid.pool.DruidDataSource.getConnection(DruidDataSource.java:1225) [druid-1.1.10.jar:1.1.10]
	at com.alibaba.druid.pool.DruidDataSource.getConnection(DruidDataSource.java:90) [druid-1.1.10.jar:1.1.10]
	at org.springframework.jdbc.datasource.DataSourceUtils.fetchConnection(DataSourceUtils.java:158) [spring-jdbc-5.2.8.RELEASE.jar:5.2.8.RELEASE]
	at org.springframework.jdbc.datasource.DataSourceUtils.doGetConnection(DataSourceUtils.java:116) [spring-jdbc-5.2.8.RELEASE.jar:5.2.8.RELEASE]
	at org.springframework.jdbc.datasource.DataSourceUtils.getConnection(DataSourceUtils.java:79) [spring-jdbc-5.2.8.RELEASE.jar:5.2.8.RELEASE]
	at org.springframework.jdbc.core.JdbcTemplate.execute(JdbcTemplate.java:371) [spring-jdbc-5.2.8.RELEASE.jar:5.2.8.RELEASE]
	at org.springframework.jdbc.core.JdbcTemplate.query(JdbcTemplate.java:452) [spring-jdbc-5.2.8.RELEASE.jar:5.2.8.RELEASE]
	at org.springframework.jdbc.core.JdbcTemplate.query(JdbcTemplate.java:462) [spring-jdbc-5.2.8.RELEASE.jar:5.2.8.RELEASE]
	at com.newgrand.controller.YSYJ.FbSubController.syncProCount(FbSubController.java:57) [classes/:?]
	at sun.reflect.NativeMethodAccessorImpl.invoke0(Native Method) ~[?:1.8.0_221]
	at sun.reflect.NativeMethodAccessorImpl.invoke(NativeMethodAccessorImpl.java:62) ~[?:1.8.0_221]
	at sun.reflect.DelegatingMethodAccessorImpl.invoke(DelegatingMethodAccessorImpl.java:43) ~[?:1.8.0_221]
	at java.lang.reflect.Method.invoke(Method.java:498) ~[?:1.8.0_221]
	at org.springframework.web.method.support.InvocableHandlerMethod.doInvoke(InvocableHandlerMethod.java:190) [spring-web-5.2.8.RELEASE.jar:5.2.8.RELEASE]
	at org.springframework.web.method.support.InvocableHandlerMethod.invokeForRequest(InvocableHandlerMethod.java:138) [spring-web-5.2.8.RELEASE.jar:5.2.8.RELEASE]
	at org.springframework.web.servlet.mvc.method.annotation.ServletInvocableHandlerMethod.invokeAndHandle(ServletInvocableHandlerMethod.java:105) [spring-webmvc-5.2.8.RELEASE.jar:5.2.8.RELEASE]
	at org.springframework.web.servlet.mvc.method.annotation.RequestMappingHandlerAdapter.invokeHandlerMethod(RequestMappingHandlerAdapter.java:878) [spring-webmvc-5.2.8.RELEASE.jar:5.2.8.RELEASE]
	at org.springframework.web.servlet.mvc.method.annotation.RequestMappingHandlerAdapter.handleInternal(RequestMappingHandlerAdapter.java:792) [spring-webmvc-5.2.8.RELEASE.jar:5.2.8.RELEASE]
	at org.springframework.web.servlet.mvc.method.AbstractHandlerMethodAdapter.handle(AbstractHandlerMethodAdapter.java:87) [spring-webmvc-5.2.8.RELEASE.jar:5.2.8.RELEASE]
	at org.springframework.web.servlet.DispatcherServlet.doDispatch(DispatcherServlet.java:1040) [spring-webmvc-5.2.8.RELEASE.jar:5.2.8.RELEASE]
	at org.springframework.web.servlet.DispatcherServlet.doService(DispatcherServlet.java:943) [spring-webmvc-5.2.8.RELEASE.jar:5.2.8.RELEASE]
	at org.springframework.web.servlet.FrameworkServlet.processRequest(FrameworkServlet.java:1006) [spring-webmvc-5.2.8.RELEASE.jar:5.2.8.RELEASE]
	at org.springframework.web.servlet.FrameworkServlet.doPost(FrameworkServlet.java:909) [spring-webmvc-5.2.8.RELEASE.jar:5.2.8.RELEASE]
	at javax.servlet.http.HttpServlet.service(HttpServlet.java:652) [tomcat-embed-core-9.0.37.jar:4.0.FR]
	at org.springframework.web.servlet.FrameworkServlet.service(FrameworkServlet.java:883) [spring-webmvc-5.2.8.RELEASE.jar:5.2.8.RELEASE]
	at javax.servlet.http.HttpServlet.service(HttpServlet.java:733) [tomcat-embed-core-9.0.37.jar:4.0.FR]
	at org.apache.catalina.core.ApplicationFilterChain.internalDoFilter(ApplicationFilterChain.java:231) [tomcat-embed-core-9.0.37.jar:9.0.37]
	at org.apache.catalina.core.ApplicationFilterChain.doFilter(ApplicationFilterChain.java:166) [tomcat-embed-core-9.0.37.jar:9.0.37]
	at org.apache.tomcat.websocket.server.WsFilter.doFilter(WsFilter.java:53) [tomcat-embed-websocket-9.0.37.jar:9.0.37]
	at org.apache.catalina.core.ApplicationFilterChain.internalDoFilter(ApplicationFilterChain.java:193) [tomcat-embed-core-9.0.37.jar:9.0.37]
	at org.apache.catalina.core.ApplicationFilterChain.doFilter(ApplicationFilterChain.java:166) [tomcat-embed-core-9.0.37.jar:9.0.37]
	at com.alibaba.druid.support.http.WebStatFilter.doFilter(WebStatFilter.java:123) [druid-1.1.10.jar:1.1.10]
	at org.apache.catalina.core.ApplicationFilterChain.internalDoFilter(ApplicationFilterChain.java:193) [tomcat-embed-core-9.0.37.jar:9.0.37]
	at org.apache.catalina.core.ApplicationFilterChain.doFilter(ApplicationFilterChain.java:166) [tomcat-embed-core-9.0.37.jar:9.0.37]
	at org.springframework.web.filter.RequestContextFilter.doFilterInternal(RequestContextFilter.java:100) [spring-web-5.2.8.RELEASE.jar:5.2.8.RELEASE]
	at org.springframework.web.filter.OncePerRequestFilter.doFilter(OncePerRequestFilter.java:119) [spring-web-5.2.8.RELEASE.jar:5.2.8.RELEASE]
	at org.apache.catalina.core.ApplicationFilterChain.internalDoFilter(ApplicationFilterChain.java:193) [tomcat-embed-core-9.0.37.jar:9.0.37]
	at org.apache.catalina.core.ApplicationFilterChain.doFilter(ApplicationFilterChain.java:166) [tomcat-embed-core-9.0.37.jar:9.0.37]
	at org.springframework.web.filter.FormContentFilter.doFilterInternal(FormContentFilter.java:93) [spring-web-5.2.8.RELEASE.jar:5.2.8.RELEASE]
	at org.springframework.web.filter.OncePerRequestFilter.doFilter(OncePerRequestFilter.java:119) [spring-web-5.2.8.RELEASE.jar:5.2.8.RELEASE]
	at org.apache.catalina.core.ApplicationFilterChain.internalDoFilter(ApplicationFilterChain.java:193) [tomcat-embed-core-9.0.37.jar:9.0.37]
	at org.apache.catalina.core.ApplicationFilterChain.doFilter(ApplicationFilterChain.java:166) [tomcat-embed-core-9.0.37.jar:9.0.37]
	at org.springframework.web.filter.CharacterEncodingFilter.doFilterInternal(CharacterEncodingFilter.java:201) [spring-web-5.2.8.RELEASE.jar:5.2.8.RELEASE]
	at org.springframework.web.filter.OncePerRequestFilter.doFilter(OncePerRequestFilter.java:119) [spring-web-5.2.8.RELEASE.jar:5.2.8.RELEASE]
	at org.apache.catalina.core.ApplicationFilterChain.internalDoFilter(ApplicationFilterChain.java:193) [tomcat-embed-core-9.0.37.jar:9.0.37]
	at org.apache.catalina.core.ApplicationFilterChain.doFilter(ApplicationFilterChain.java:166) [tomcat-embed-core-9.0.37.jar:9.0.37]
	at org.apache.catalina.core.StandardWrapperValve.invoke(StandardWrapperValve.java:202) [tomcat-embed-core-9.0.37.jar:9.0.37]
	at org.apache.catalina.core.StandardContextValve.invoke(StandardContextValve.java:96) [tomcat-embed-core-9.0.37.jar:9.0.37]
	at org.apache.catalina.authenticator.AuthenticatorBase.invoke(AuthenticatorBase.java:541) [tomcat-embed-core-9.0.37.jar:9.0.37]
	at org.apache.catalina.core.StandardHostValve.invoke(StandardHostValve.java:139) [tomcat-embed-core-9.0.37.jar:9.0.37]
	at org.apache.catalina.valves.ErrorReportValve.invoke(ErrorReportValve.java:92) [tomcat-embed-core-9.0.37.jar:9.0.37]
	at org.apache.catalina.core.StandardEngineValve.invoke(StandardEngineValve.java:74) [tomcat-embed-core-9.0.37.jar:9.0.37]
	at org.apache.catalina.connector.CoyoteAdapter.service(CoyoteAdapter.java:343) [tomcat-embed-core-9.0.37.jar:9.0.37]
	at org.apache.coyote.http11.Http11Processor.service(Http11Processor.java:373) [tomcat-embed-core-9.0.37.jar:9.0.37]
	at org.apache.coyote.AbstractProcessorLight.process(AbstractProcessorLight.java:65) [tomcat-embed-core-9.0.37.jar:9.0.37]
	at org.apache.coyote.AbstractProtocol$ConnectionHandler.process(AbstractProtocol.java:868) [tomcat-embed-core-9.0.37.jar:9.0.37]
	at org.apache.tomcat.util.net.NioEndpoint$SocketProcessor.doRun(NioEndpoint.java:1589) [tomcat-embed-core-9.0.37.jar:9.0.37]
	at org.apache.tomcat.util.net.SocketProcessorBase.run(SocketProcessorBase.java:49) [tomcat-embed-core-9.0.37.jar:9.0.37]
	at java.util.concurrent.ThreadPoolExecutor.runWorker(ThreadPoolExecutor.java:1149) [?:1.8.0_221]
	at java.util.concurrent.ThreadPoolExecutor$Worker.run(ThreadPoolExecutor.java:624) [?:1.8.0_221]
	at org.apache.tomcat.util.threads.TaskThread$WrappingRunnable.run(TaskThread.java:61) [tomcat-embed-core-9.0.37.jar:9.0.37]
	at java.lang.Thread.run(Thread.java:748) [?:1.8.0_221]
[10:09:16:293] [WARN] - com.alibaba.druid.pool.DruidDataSource.close(DruidDataSource.java:1802) - close connection error
java.sql.SQLRecoverableException: IO 错误: Connection reset by peer: socket write error
	at oracle.jdbc.driver.T4CConnection.logoff(T4CConnection.java:587) ~[ojdbc6-11.2.0.4.jar:11.2.0.4.0]
	at oracle.jdbc.driver.PhysicalConnection.close(PhysicalConnection.java:4011) ~[ojdbc6-11.2.0.4.jar:11.2.0.4.0]
	at com.alibaba.druid.filter.FilterChainImpl.connection_close(FilterChainImpl.java:186) ~[druid-1.1.10.jar:1.1.10]
	at com.alibaba.druid.filter.stat.StatFilter.connection_close(StatFilter.java:261) ~[druid-1.1.10.jar:1.1.10]
	at com.alibaba.druid.filter.FilterChainImpl.connection_close(FilterChainImpl.java:181) ~[druid-1.1.10.jar:1.1.10]
	at com.alibaba.druid.proxy.jdbc.ConnectionProxyImpl.close(ConnectionProxyImpl.java:115) ~[druid-1.1.10.jar:1.1.10]
	at com.alibaba.druid.pool.DruidDataSource.close(DruidDataSource.java:1800) [druid-1.1.10.jar:1.1.10]
	at sun.reflect.NativeMethodAccessorImpl.invoke0(Native Method) ~[?:1.8.0_221]
	at sun.reflect.NativeMethodAccessorImpl.invoke(NativeMethodAccessorImpl.java:62) ~[?:1.8.0_221]
	at sun.reflect.DelegatingMethodAccessorImpl.invoke(DelegatingMethodAccessorImpl.java:43) ~[?:1.8.0_221]
	at java.lang.reflect.Method.invoke(Method.java:498) ~[?:1.8.0_221]
	at org.springframework.beans.factory.support.DisposableBeanAdapter.invokeCustomDestroyMethod(DisposableBeanAdapter.java:339) [spring-beans-5.2.8.RELEASE.jar:5.2.8.RELEASE]
	at org.springframework.beans.factory.support.DisposableBeanAdapter.destroy(DisposableBeanAdapter.java:273) [spring-beans-5.2.8.RELEASE.jar:5.2.8.RELEASE]
	at org.springframework.beans.factory.support.DefaultSingletonBeanRegistry.destroyBean(DefaultSingletonBeanRegistry.java:579) [spring-beans-5.2.8.RELEASE.jar:5.2.8.RELEASE]
	at org.springframework.beans.factory.support.DefaultSingletonBeanRegistry.destroySingleton(DefaultSingletonBeanRegistry.java:551) [spring-beans-5.2.8.RELEASE.jar:5.2.8.RELEASE]
	at org.springframework.beans.factory.support.DefaultListableBeanFactory.destroySingleton(DefaultListableBeanFactory.java:1092) [spring-beans-5.2.8.RELEASE.jar:5.2.8.RELEASE]
	at org.springframework.beans.factory.support.DefaultSingletonBeanRegistry.destroySingletons(DefaultSingletonBeanRegistry.java:512) [spring-beans-5.2.8.RELEASE.jar:5.2.8.RELEASE]
	at org.springframework.beans.factory.support.DefaultListableBeanFactory.destroySingletons(DefaultListableBeanFactory.java:1085) [spring-beans-5.2.8.RELEASE.jar:5.2.8.RELEASE]
	at org.springframework.context.support.AbstractApplicationContext.destroyBeans(AbstractApplicationContext.java:1061) [spring-context-5.2.8.RELEASE.jar:5.2.8.RELEASE]
	at org.springframework.context.support.AbstractApplicationContext.doClose(AbstractApplicationContext.java:1030) [spring-context-5.2.8.RELEASE.jar:5.2.8.RELEASE]
	at org.springframework.boot.web.servlet.context.ServletWebServerApplicationContext.doClose(ServletWebServerApplicationContext.java:170) [spring-boot-2.3.3.RELEASE.jar:2.3.3.RELEASE]
	at org.springframework.context.support.AbstractApplicationContext$1.run(AbstractApplicationContext.java:949) [spring-context-5.2.8.RELEASE.jar:5.2.8.RELEASE]
Caused by: java.net.SocketException: Connection reset by peer: socket write error
	at java.net.SocketOutputStream.socketWrite0(Native Method) ~[?:1.8.0_221]
	at java.net.SocketOutputStream.socketWrite(SocketOutputStream.java:111) ~[?:1.8.0_221]
	at java.net.SocketOutputStream.write(SocketOutputStream.java:155) ~[?:1.8.0_221]
	at oracle.net.ns.DataPacket.send(DataPacket.java:210) ~[ojdbc6-11.2.0.4.jar:11.2.0.4.0]
	at oracle.net.ns.NetOutputStream.flush(NetOutputStream.java:230) ~[ojdbc6-11.2.0.4.jar:11.2.0.4.0]
	at oracle.net.ns.NetInputStream.getNextPacket(NetInputStream.java:321) ~[ojdbc6-11.2.0.4.jar:11.2.0.4.0]
	at oracle.net.ns.NetInputStream.read(NetInputStream.java:268) ~[ojdbc6-11.2.0.4.jar:11.2.0.4.0]
	at oracle.net.ns.NetInputStream.read(NetInputStream.java:190) ~[ojdbc6-11.2.0.4.jar:11.2.0.4.0]
	at oracle.net.ns.NetInputStream.read(NetInputStream.java:107) ~[ojdbc6-11.2.0.4.jar:11.2.0.4.0]
	at oracle.jdbc.driver.T4CSocketInputStreamWrapper.readNextPacket(T4CSocketInputStreamWrapper.java:124) ~[ojdbc6-11.2.0.4.jar:11.2.0.4.0]
	at oracle.jdbc.driver.T4CSocketInputStreamWrapper.read(T4CSocketInputStreamWrapper.java:80) ~[ojdbc6-11.2.0.4.jar:11.2.0.4.0]
	at oracle.jdbc.driver.T4CMAREngine.unmarshalUB1(T4CMAREngine.java:1137) ~[ojdbc6-11.2.0.4.jar:11.2.0.4.0]
	at oracle.jdbc.driver.T4CTTIfun.receive(T4CTTIfun.java:350) ~[ojdbc6-11.2.0.4.jar:11.2.0.4.0]
	at oracle.jdbc.driver.T4CTTIfun.doRPC(T4CTTIfun.java:227) ~[ojdbc6-11.2.0.4.jar:11.2.0.4.0]
	at oracle.jdbc.driver.T4C7Ocommoncall.doOLOGOFF(T4C7Ocommoncall.java:61) ~[ojdbc6-11.2.0.4.jar:11.2.0.4.0]
	at oracle.jdbc.driver.T4CConnection.logoff(T4CConnection.java:574) ~[ojdbc6-11.2.0.4.jar:11.2.0.4.0]
	... 21 more
[10:09:45:394] [WARN] - com.alibaba.druid.pool.DruidAbstractDataSource.setDriverClassName(DruidAbstractDataSource.java:1176) - oracle.jdbc.driver.OracleDriver is deprecated.Having use oracle.jdbc.OracleDriver.
[10:10:12:233] [WARN] - com.alibaba.druid.pool.DruidAbstractDataSource.setDriverClassName(DruidAbstractDataSource.java:1176) - oracle.jdbc.driver.OracleDriver is deprecated.Having use oracle.jdbc.OracleDriver.
[10:32:36:587] [WARN] - com.alibaba.druid.pool.DruidDataSource.close(DruidDataSource.java:1802) - close connection error
java.sql.SQLRecoverableException: IO 错误: Connection reset by peer: socket write error
	at oracle.jdbc.driver.T4CConnection.logoff(T4CConnection.java:587) ~[ojdbc6-11.2.0.4.jar:11.2.0.4.0]
	at oracle.jdbc.driver.PhysicalConnection.close(PhysicalConnection.java:4011) ~[ojdbc6-11.2.0.4.jar:11.2.0.4.0]
	at com.alibaba.druid.filter.FilterChainImpl.connection_close(FilterChainImpl.java:186) ~[druid-1.1.10.jar:1.1.10]
	at com.alibaba.druid.filter.stat.StatFilter.connection_close(StatFilter.java:261) ~[druid-1.1.10.jar:1.1.10]
	at com.alibaba.druid.filter.FilterChainImpl.connection_close(FilterChainImpl.java:181) ~[druid-1.1.10.jar:1.1.10]
	at com.alibaba.druid.proxy.jdbc.ConnectionProxyImpl.close(ConnectionProxyImpl.java:115) ~[druid-1.1.10.jar:1.1.10]
	at com.alibaba.druid.pool.DruidDataSource.close(DruidDataSource.java:1800) [druid-1.1.10.jar:1.1.10]
	at sun.reflect.NativeMethodAccessorImpl.invoke0(Native Method) ~[?:1.8.0_221]
	at sun.reflect.NativeMethodAccessorImpl.invoke(NativeMethodAccessorImpl.java:62) ~[?:1.8.0_221]
	at sun.reflect.DelegatingMethodAccessorImpl.invoke(DelegatingMethodAccessorImpl.java:43) ~[?:1.8.0_221]
	at java.lang.reflect.Method.invoke(Method.java:498) ~[?:1.8.0_221]
	at org.springframework.beans.factory.support.DisposableBeanAdapter.invokeCustomDestroyMethod(DisposableBeanAdapter.java:339) [spring-beans-5.2.8.RELEASE.jar:5.2.8.RELEASE]
	at org.springframework.beans.factory.support.DisposableBeanAdapter.destroy(DisposableBeanAdapter.java:273) [spring-beans-5.2.8.RELEASE.jar:5.2.8.RELEASE]
	at org.springframework.beans.factory.support.DefaultSingletonBeanRegistry.destroyBean(DefaultSingletonBeanRegistry.java:579) [spring-beans-5.2.8.RELEASE.jar:5.2.8.RELEASE]
	at org.springframework.beans.factory.support.DefaultSingletonBeanRegistry.destroySingleton(DefaultSingletonBeanRegistry.java:551) [spring-beans-5.2.8.RELEASE.jar:5.2.8.RELEASE]
	at org.springframework.beans.factory.support.DefaultListableBeanFactory.destroySingleton(DefaultListableBeanFactory.java:1092) [spring-beans-5.2.8.RELEASE.jar:5.2.8.RELEASE]
	at org.springframework.beans.factory.support.DefaultSingletonBeanRegistry.destroySingletons(DefaultSingletonBeanRegistry.java:512) [spring-beans-5.2.8.RELEASE.jar:5.2.8.RELEASE]
	at org.springframework.beans.factory.support.DefaultListableBeanFactory.destroySingletons(DefaultListableBeanFactory.java:1085) [spring-beans-5.2.8.RELEASE.jar:5.2.8.RELEASE]
	at org.springframework.context.support.AbstractApplicationContext.destroyBeans(AbstractApplicationContext.java:1061) [spring-context-5.2.8.RELEASE.jar:5.2.8.RELEASE]
	at org.springframework.context.support.AbstractApplicationContext.doClose(AbstractApplicationContext.java:1030) [spring-context-5.2.8.RELEASE.jar:5.2.8.RELEASE]
	at org.springframework.boot.web.servlet.context.ServletWebServerApplicationContext.doClose(ServletWebServerApplicationContext.java:170) [spring-boot-2.3.3.RELEASE.jar:2.3.3.RELEASE]
	at org.springframework.context.support.AbstractApplicationContext$1.run(AbstractApplicationContext.java:949) [spring-context-5.2.8.RELEASE.jar:5.2.8.RELEASE]
Caused by: java.net.SocketException: Connection reset by peer: socket write error
	at java.net.SocketOutputStream.socketWrite0(Native Method) ~[?:1.8.0_221]
	at java.net.SocketOutputStream.socketWrite(SocketOutputStream.java:111) ~[?:1.8.0_221]
	at java.net.SocketOutputStream.write(SocketOutputStream.java:155) ~[?:1.8.0_221]
	at oracle.net.ns.DataPacket.send(DataPacket.java:210) ~[ojdbc6-11.2.0.4.jar:11.2.0.4.0]
	at oracle.net.ns.NetOutputStream.flush(NetOutputStream.java:230) ~[ojdbc6-11.2.0.4.jar:11.2.0.4.0]
	at oracle.net.ns.NetInputStream.getNextPacket(NetInputStream.java:321) ~[ojdbc6-11.2.0.4.jar:11.2.0.4.0]
	at oracle.net.ns.NetInputStream.read(NetInputStream.java:268) ~[ojdbc6-11.2.0.4.jar:11.2.0.4.0]
	at oracle.net.ns.NetInputStream.read(NetInputStream.java:190) ~[ojdbc6-11.2.0.4.jar:11.2.0.4.0]
	at oracle.net.ns.NetInputStream.read(NetInputStream.java:107) ~[ojdbc6-11.2.0.4.jar:11.2.0.4.0]
	at oracle.jdbc.driver.T4CSocketInputStreamWrapper.readNextPacket(T4CSocketInputStreamWrapper.java:124) ~[ojdbc6-11.2.0.4.jar:11.2.0.4.0]
	at oracle.jdbc.driver.T4CSocketInputStreamWrapper.read(T4CSocketInputStreamWrapper.java:80) ~[ojdbc6-11.2.0.4.jar:11.2.0.4.0]
	at oracle.jdbc.driver.T4CMAREngine.unmarshalUB1(T4CMAREngine.java:1137) ~[ojdbc6-11.2.0.4.jar:11.2.0.4.0]
	at oracle.jdbc.driver.T4CTTIfun.receive(T4CTTIfun.java:350) ~[ojdbc6-11.2.0.4.jar:11.2.0.4.0]
	at oracle.jdbc.driver.T4CTTIfun.doRPC(T4CTTIfun.java:227) ~[ojdbc6-11.2.0.4.jar:11.2.0.4.0]
	at oracle.jdbc.driver.T4C7Ocommoncall.doOLOGOFF(T4C7Ocommoncall.java:61) ~[ojdbc6-11.2.0.4.jar:11.2.0.4.0]
	at oracle.jdbc.driver.T4CConnection.logoff(T4CConnection.java:574) ~[ojdbc6-11.2.0.4.jar:11.2.0.4.0]
	... 21 more
[10:39:50:269] [WARN] - com.alibaba.druid.pool.DruidAbstractDataSource.setDriverClassName(DruidAbstractDataSource.java:1176) - oracle.jdbc.driver.OracleDriver is deprecated.Having use oracle.jdbc.OracleDriver.
[10:40:51:965] [WARN] - com.alibaba.druid.pool.DruidAbstractDataSource.setDriverClassName(DruidAbstractDataSource.java:1176) - oracle.jdbc.driver.OracleDriver is deprecated.Having use oracle.jdbc.OracleDriver.
[10:41:32:649] [WARN] - com.alibaba.druid.pool.DruidAbstractDataSource.setDriverClassName(DruidAbstractDataSource.java:1176) - oracle.jdbc.driver.OracleDriver is deprecated.Having use oracle.jdbc.OracleDriver.
[10:44:29:208] [WARN] - com.alibaba.druid.pool.DruidAbstractDataSource.setDriverClassName(DruidAbstractDataSource.java:1176) - oracle.jdbc.driver.OracleDriver is deprecated.Having use oracle.jdbc.OracleDriver.
[10:45:17:353] [WARN] - com.alibaba.druid.pool.DruidAbstractDataSource.setDriverClassName(DruidAbstractDataSource.java:1176) - oracle.jdbc.driver.OracleDriver is deprecated.Having use oracle.jdbc.OracleDriver.
[10:45:31:233] [WARN] - com.alibaba.druid.pool.DruidAbstractDataSource.setDriverClassName(DruidAbstractDataSource.java:1176) - oracle.jdbc.driver.OracleDriver is deprecated.Having use oracle.jdbc.OracleDriver.
[10:45:58:800] [ERROR] - com.alibaba.druid.pool.DruidDataSource$CreateConnectionThread.run(DruidDataSource.java:2471) - create connection SQLException, url: jdbc:oracle:thin:@172.16.23.84:1521/ngsoft.ynjt.com, errorCode 17002, state 08006
java.sql.SQLRecoverableException: IO 错误: The Network Adapter could not establish the connection
	at oracle.jdbc.driver.T4CConnection.logon(T4CConnection.java:489) ~[ojdbc6-11.2.0.4.jar:11.2.0.4.0]
	at oracle.jdbc.driver.PhysicalConnection.<init>(PhysicalConnection.java:553) ~[ojdbc6-11.2.0.4.jar:11.2.0.4.0]
	at oracle.jdbc.driver.T4CConnection.<init>(T4CConnection.java:254) ~[ojdbc6-11.2.0.4.jar:11.2.0.4.0]
	at oracle.jdbc.driver.T4CDriverExtension.getConnection(T4CDriverExtension.java:32) ~[ojdbc6-11.2.0.4.jar:11.2.0.4.0]
	at oracle.jdbc.driver.OracleDriver.connect(OracleDriver.java:528) ~[ojdbc6-11.2.0.4.jar:11.2.0.4.0]
	at com.alibaba.druid.filter.FilterChainImpl.connection_connect(FilterChainImpl.java:156) ~[druid-1.1.10.jar:1.1.10]
	at com.alibaba.druid.filter.stat.StatFilter.connection_connect(StatFilter.java:218) ~[druid-1.1.10.jar:1.1.10]
	at com.alibaba.druid.filter.FilterChainImpl.connection_connect(FilterChainImpl.java:150) ~[druid-1.1.10.jar:1.1.10]
	at com.alibaba.druid.pool.DruidAbstractDataSource.createPhysicalConnection(DruidAbstractDataSource.java:1560) ~[druid-1.1.10.jar:1.1.10]
	at com.alibaba.druid.pool.DruidAbstractDataSource.createPhysicalConnection(DruidAbstractDataSource.java:1623) ~[druid-1.1.10.jar:1.1.10]
	at com.alibaba.druid.pool.DruidDataSource$CreateConnectionThread.run(DruidDataSource.java:2468) [druid-1.1.10.jar:1.1.10]
Caused by: oracle.net.ns.NetException: The Network Adapter could not establish the connection
	at oracle.net.nt.ConnStrategy.execute(ConnStrategy.java:439) ~[ojdbc6-11.2.0.4.jar:11.2.0.4.0]
	at oracle.net.resolver.AddrResolution.resolveAndExecute(AddrResolution.java:454) ~[ojdbc6-11.2.0.4.jar:11.2.0.4.0]
	at oracle.net.ns.NSProtocol.establishConnection(NSProtocol.java:693) ~[ojdbc6-11.2.0.4.jar:11.2.0.4.0]
	at oracle.net.ns.NSProtocol.connect(NSProtocol.java:251) ~[ojdbc6-11.2.0.4.jar:11.2.0.4.0]
	at oracle.jdbc.driver.T4CConnection.connect(T4CConnection.java:1140) ~[ojdbc6-11.2.0.4.jar:11.2.0.4.0]
	at oracle.jdbc.driver.T4CConnection.logon(T4CConnection.java:340) ~[ojdbc6-11.2.0.4.jar:11.2.0.4.0]
	... 10 more
Caused by: java.net.ConnectException: Connection timed out: connect
	at java.net.DualStackPlainSocketImpl.waitForConnect(Native Method) ~[?:1.8.0_221]
	at java.net.DualStackPlainSocketImpl.socketConnect(DualStackPlainSocketImpl.java:85) ~[?:1.8.0_221]
	at java.net.AbstractPlainSocketImpl.doConnect(AbstractPlainSocketImpl.java:350) ~[?:1.8.0_221]
	at java.net.AbstractPlainSocketImpl.connectToAddress(AbstractPlainSocketImpl.java:206) ~[?:1.8.0_221]
	at java.net.AbstractPlainSocketImpl.connect(AbstractPlainSocketImpl.java:188) ~[?:1.8.0_221]
	at java.net.PlainSocketImpl.connect(PlainSocketImpl.java:172) ~[?:1.8.0_221]
	at java.net.SocksSocketImpl.connect(SocksSocketImpl.java:392) ~[?:1.8.0_221]
	at java.net.Socket.connect(Socket.java:589) ~[?:1.8.0_221]
	at oracle.net.nt.TcpNTAdapter.connect(TcpNTAdapter.java:149) ~[ojdbc6-11.2.0.4.jar:11.2.0.4.0]
	at oracle.net.nt.ConnOption.connect(ConnOption.java:133) ~[ojdbc6-11.2.0.4.jar:11.2.0.4.0]
	at oracle.net.nt.ConnStrategy.execute(ConnStrategy.java:405) ~[ojdbc6-11.2.0.4.jar:11.2.0.4.0]
	at oracle.net.resolver.AddrResolution.resolveAndExecute(AddrResolution.java:454) ~[ojdbc6-11.2.0.4.jar:11.2.0.4.0]
	at oracle.net.ns.NSProtocol.establishConnection(NSProtocol.java:693) ~[ojdbc6-11.2.0.4.jar:11.2.0.4.0]
	at oracle.net.ns.NSProtocol.connect(NSProtocol.java:251) ~[ojdbc6-11.2.0.4.jar:11.2.0.4.0]
	at oracle.jdbc.driver.T4CConnection.connect(T4CConnection.java:1140) ~[ojdbc6-11.2.0.4.jar:11.2.0.4.0]
	at oracle.jdbc.driver.T4CConnection.logon(T4CConnection.java:340) ~[ojdbc6-11.2.0.4.jar:11.2.0.4.0]
	... 10 more
[10:58:47:213] [WARN] - com.alibaba.druid.pool.DruidDataSource.close(DruidDataSource.java:1802) - close connection error
java.sql.SQLRecoverableException: IO 错误: Connection reset by peer: socket write error
	at oracle.jdbc.driver.T4CConnection.logoff(T4CConnection.java:587) ~[ojdbc6-11.2.0.4.jar:11.2.0.4.0]
	at oracle.jdbc.driver.PhysicalConnection.close(PhysicalConnection.java:4011) ~[ojdbc6-11.2.0.4.jar:11.2.0.4.0]
	at com.alibaba.druid.filter.FilterChainImpl.connection_close(FilterChainImpl.java:186) ~[druid-1.1.10.jar:1.1.10]
	at com.alibaba.druid.filter.stat.StatFilter.connection_close(StatFilter.java:261) ~[druid-1.1.10.jar:1.1.10]
	at com.alibaba.druid.filter.FilterChainImpl.connection_close(FilterChainImpl.java:181) ~[druid-1.1.10.jar:1.1.10]
	at com.alibaba.druid.proxy.jdbc.ConnectionProxyImpl.close(ConnectionProxyImpl.java:115) ~[druid-1.1.10.jar:1.1.10]
	at com.alibaba.druid.pool.DruidDataSource.close(DruidDataSource.java:1800) [druid-1.1.10.jar:1.1.10]
	at sun.reflect.NativeMethodAccessorImpl.invoke0(Native Method) ~[?:1.8.0_221]
	at sun.reflect.NativeMethodAccessorImpl.invoke(NativeMethodAccessorImpl.java:62) ~[?:1.8.0_221]
	at sun.reflect.DelegatingMethodAccessorImpl.invoke(DelegatingMethodAccessorImpl.java:43) ~[?:1.8.0_221]
	at java.lang.reflect.Method.invoke(Method.java:498) ~[?:1.8.0_221]
	at org.springframework.beans.factory.support.DisposableBeanAdapter.invokeCustomDestroyMethod(DisposableBeanAdapter.java:339) [spring-beans-5.2.8.RELEASE.jar:5.2.8.RELEASE]
	at org.springframework.beans.factory.support.DisposableBeanAdapter.destroy(DisposableBeanAdapter.java:273) [spring-beans-5.2.8.RELEASE.jar:5.2.8.RELEASE]
	at org.springframework.beans.factory.support.DefaultSingletonBeanRegistry.destroyBean(DefaultSingletonBeanRegistry.java:579) [spring-beans-5.2.8.RELEASE.jar:5.2.8.RELEASE]
	at org.springframework.beans.factory.support.DefaultSingletonBeanRegistry.destroySingleton(DefaultSingletonBeanRegistry.java:551) [spring-beans-5.2.8.RELEASE.jar:5.2.8.RELEASE]
	at org.springframework.beans.factory.support.DefaultListableBeanFactory.destroySingleton(DefaultListableBeanFactory.java:1092) [spring-beans-5.2.8.RELEASE.jar:5.2.8.RELEASE]
	at org.springframework.beans.factory.support.DefaultSingletonBeanRegistry.destroySingletons(DefaultSingletonBeanRegistry.java:512) [spring-beans-5.2.8.RELEASE.jar:5.2.8.RELEASE]
	at org.springframework.beans.factory.support.DefaultListableBeanFactory.destroySingletons(DefaultListableBeanFactory.java:1085) [spring-beans-5.2.8.RELEASE.jar:5.2.8.RELEASE]
	at org.springframework.context.support.AbstractApplicationContext.destroyBeans(AbstractApplicationContext.java:1061) [spring-context-5.2.8.RELEASE.jar:5.2.8.RELEASE]
	at org.springframework.context.support.AbstractApplicationContext.doClose(AbstractApplicationContext.java:1030) [spring-context-5.2.8.RELEASE.jar:5.2.8.RELEASE]
	at org.springframework.boot.web.servlet.context.ServletWebServerApplicationContext.doClose(ServletWebServerApplicationContext.java:170) [spring-boot-2.3.3.RELEASE.jar:2.3.3.RELEASE]
	at org.springframework.context.support.AbstractApplicationContext$1.run(AbstractApplicationContext.java:949) [spring-context-5.2.8.RELEASE.jar:5.2.8.RELEASE]
Caused by: java.net.SocketException: Connection reset by peer: socket write error
	at java.net.SocketOutputStream.socketWrite0(Native Method) ~[?:1.8.0_221]
	at java.net.SocketOutputStream.socketWrite(SocketOutputStream.java:111) ~[?:1.8.0_221]
	at java.net.SocketOutputStream.write(SocketOutputStream.java:155) ~[?:1.8.0_221]
	at oracle.net.ns.DataPacket.send(DataPacket.java:210) ~[ojdbc6-11.2.0.4.jar:11.2.0.4.0]
	at oracle.net.ns.NetOutputStream.flush(NetOutputStream.java:230) ~[ojdbc6-11.2.0.4.jar:11.2.0.4.0]
	at oracle.net.ns.NetInputStream.getNextPacket(NetInputStream.java:321) ~[ojdbc6-11.2.0.4.jar:11.2.0.4.0]
	at oracle.net.ns.NetInputStream.read(NetInputStream.java:268) ~[ojdbc6-11.2.0.4.jar:11.2.0.4.0]
	at oracle.net.ns.NetInputStream.read(NetInputStream.java:190) ~[ojdbc6-11.2.0.4.jar:11.2.0.4.0]
	at oracle.net.ns.NetInputStream.read(NetInputStream.java:107) ~[ojdbc6-11.2.0.4.jar:11.2.0.4.0]
	at oracle.jdbc.driver.T4CSocketInputStreamWrapper.readNextPacket(T4CSocketInputStreamWrapper.java:124) ~[ojdbc6-11.2.0.4.jar:11.2.0.4.0]
	at oracle.jdbc.driver.T4CSocketInputStreamWrapper.read(T4CSocketInputStreamWrapper.java:80) ~[ojdbc6-11.2.0.4.jar:11.2.0.4.0]
	at oracle.jdbc.driver.T4CMAREngine.unmarshalUB1(T4CMAREngine.java:1137) ~[ojdbc6-11.2.0.4.jar:11.2.0.4.0]
	at oracle.jdbc.driver.T4CTTIfun.receive(T4CTTIfun.java:350) ~[ojdbc6-11.2.0.4.jar:11.2.0.4.0]
	at oracle.jdbc.driver.T4CTTIfun.doRPC(T4CTTIfun.java:227) ~[ojdbc6-11.2.0.4.jar:11.2.0.4.0]
	at oracle.jdbc.driver.T4C7Ocommoncall.doOLOGOFF(T4C7Ocommoncall.java:61) ~[ojdbc6-11.2.0.4.jar:11.2.0.4.0]
	at oracle.jdbc.driver.T4CConnection.logoff(T4CConnection.java:574) ~[ojdbc6-11.2.0.4.jar:11.2.0.4.0]
	... 21 more
[10:59:17:071] [WARN] - com.alibaba.druid.pool.DruidAbstractDataSource.setDriverClassName(DruidAbstractDataSource.java:1176) - oracle.jdbc.driver.OracleDriver is deprecated.Having use oracle.jdbc.OracleDriver.
[11:07:53:919] [WARN] - com.alibaba.druid.pool.DruidAbstractDataSource.setDriverClassName(DruidAbstractDataSource.java:1176) - oracle.jdbc.driver.OracleDriver is deprecated.Having use oracle.jdbc.OracleDriver.
[11:16:05:208] [WARN] - com.alibaba.druid.pool.DruidAbstractDataSource.setDriverClassName(DruidAbstractDataSource.java:1176) - oracle.jdbc.driver.OracleDriver is deprecated.Having use oracle.jdbc.OracleDriver.
[11:16:35:253] [WARN] - com.alibaba.druid.pool.DruidAbstractDataSource.setDriverClassName(DruidAbstractDataSource.java:1176) - oracle.jdbc.driver.OracleDriver is deprecated.Having use oracle.jdbc.OracleDriver.
[11:16:53:999] [ERROR] - org.apache.juli.logging.DirectJDKLog.log(DirectJDKLog.java:175) - Servlet.service() for servlet [dispatcherServlet] in context with path [] threw exception [Request processing failed; nested exception is org.springframework.jdbc.BadSqlGrammarException: StatementCallback; bad SQL grammar [select t1.phid,t1.bill_no as billNo,t1.bill_title as title, t1.bill_dt as billDt,t2.project_name as pcName, t2.pc_no as pcNo,t3.item_name as ysfl,t4.type_no as zyfl, t5.cno as zbEmp,t6.compname as jsdw, t7.c_no as zbfs,t8.compno as zbdw, t9.c_no as pbbf,t1.user_jhgq as planDt, t1.user_zbkzjws as zbkzjWs,t1.user_zbkzjhs as zbkzjHs, t1.user_jhzbrq as jhzbrq,t10.c_no as bjfs, t1.user_fblyjsm as fblyjs, t1.user_fktk as fktk, t1.user_jstk as jstk, t11.cno as jbr, t12.user_zsjcode as jbbm, t13.user_no as zdr, t1.bill_dt as zdrq, t1.bill_type as billType from pms3_fb_subj_m t1 left join project_table t2 on t2.phid = t1.phid_pc left join bs_data t3 on t3.phid = t1.phid_budget_type left join wbs_type t4 on t4.phid = t1.user_zyfl  left join hr_epm_main t5 on t5.phid = t1.user_zbfzr left join FG3_ENTERPRISE t6 on t6.phid = t1.user_jsdw left join fg_simple_data t7 on t7.phid = t1.user_zbfs left join FG3_ENTERPRISE t8 on t8.phid = t1.user_zbdw left join fg_simple_data t9 on t9.phid = t1.user_pbbf left join fg_simple_data t10 on t10.phid = t1.user_bjfs left join hr_epm_main t11 on t11.phid = t1.user_jbr left join fg_orglist t12 on t12.phid = t1.user_jbbm left join fg3_user t13 on t13.phid = t1.user_zdr where t3.oper_type = 'budget_classify'  and t1.phid = '156210121000002']; nested exception is java.sql.SQLSyntaxErrorException: ORA-00904: "T13"."USER_NO": 标识符无效
] with root cause
java.sql.SQLSyntaxErrorException: ORA-00904: "T13"."USER_NO": 标识符无效

	at oracle.jdbc.driver.T4CTTIoer.processError(T4CTTIoer.java:447) ~[ojdbc6-11.2.0.4.jar:11.2.0.4.0]
	at oracle.jdbc.driver.T4CTTIoer.processError(T4CTTIoer.java:396) ~[ojdbc6-11.2.0.4.jar:11.2.0.4.0]
	at oracle.jdbc.driver.T4C8Oall.processError(T4C8Oall.java:951) ~[ojdbc6-11.2.0.4.jar:11.2.0.4.0]
	at oracle.jdbc.driver.T4CTTIfun.receive(T4CTTIfun.java:513) ~[ojdbc6-11.2.0.4.jar:11.2.0.4.0]
	at oracle.jdbc.driver.T4CTTIfun.doRPC(T4CTTIfun.java:227) ~[ojdbc6-11.2.0.4.jar:11.2.0.4.0]
	at oracle.jdbc.driver.T4C8Oall.doOALL(T4C8Oall.java:531) ~[ojdbc6-11.2.0.4.jar:11.2.0.4.0]
	at oracle.jdbc.driver.T4CStatement.doOall8(T4CStatement.java:195) ~[ojdbc6-11.2.0.4.jar:11.2.0.4.0]
	at oracle.jdbc.driver.T4CStatement.executeForDescribe(T4CStatement.java:876) ~[ojdbc6-11.2.0.4.jar:11.2.0.4.0]
	at oracle.jdbc.driver.OracleStatement.executeMaybeDescribe(OracleStatement.java:1175) ~[ojdbc6-11.2.0.4.jar:11.2.0.4.0]
	at oracle.jdbc.driver.OracleStatement.doExecuteWithTimeout(OracleStatement.java:1296) ~[ojdbc6-11.2.0.4.jar:11.2.0.4.0]
	at oracle.jdbc.driver.OracleStatement.executeQuery(OracleStatement.java:1498) ~[ojdbc6-11.2.0.4.jar:11.2.0.4.0]
	at oracle.jdbc.driver.OracleStatementWrapper.executeQuery(OracleStatementWrapper.java:406) ~[ojdbc6-11.2.0.4.jar:11.2.0.4.0]
	at com.alibaba.druid.filter.FilterChainImpl.statement_executeQuery(FilterChainImpl.java:2831) ~[druid-1.1.10.jar:1.1.10]
	at com.alibaba.druid.filter.FilterAdapter.statement_executeQuery(FilterAdapter.java:2503) ~[druid-1.1.10.jar:1.1.10]
	at com.alibaba.druid.filter.FilterEventAdapter.statement_executeQuery(FilterEventAdapter.java:302) ~[druid-1.1.10.jar:1.1.10]
	at com.alibaba.druid.filter.FilterChainImpl.statement_executeQuery(FilterChainImpl.java:2828) ~[druid-1.1.10.jar:1.1.10]
	at com.alibaba.druid.proxy.jdbc.StatementProxyImpl.executeQuery(StatementProxyImpl.java:221) ~[druid-1.1.10.jar:1.1.10]
	at com.alibaba.druid.pool.DruidPooledStatement.executeQuery(DruidPooledStatement.java:291) ~[druid-1.1.10.jar:1.1.10]
	at org.springframework.jdbc.core.JdbcTemplate$1QueryStatementCallback.doInStatement(JdbcTemplate.java:439) ~[spring-jdbc-5.2.8.RELEASE.jar:5.2.8.RELEASE]
	at org.springframework.jdbc.core.JdbcTemplate.execute(JdbcTemplate.java:376) ~[spring-jdbc-5.2.8.RELEASE.jar:5.2.8.RELEASE]
	at org.springframework.jdbc.core.JdbcTemplate.query(JdbcTemplate.java:452) ~[spring-jdbc-5.2.8.RELEASE.jar:5.2.8.RELEASE]
	at org.springframework.jdbc.core.JdbcTemplate.query(JdbcTemplate.java:462) ~[spring-jdbc-5.2.8.RELEASE.jar:5.2.8.RELEASE]
	at com.newgrand.controller.YSYJ.FbSubController.syncProCount(FbSubController.java:57) ~[classes/:?]
	at sun.reflect.NativeMethodAccessorImpl.invoke0(Native Method) ~[?:1.8.0_221]
	at sun.reflect.NativeMethodAccessorImpl.invoke(NativeMethodAccessorImpl.java:62) ~[?:1.8.0_221]
	at sun.reflect.DelegatingMethodAccessorImpl.invoke(DelegatingMethodAccessorImpl.java:43) ~[?:1.8.0_221]
	at java.lang.reflect.Method.invoke(Method.java:498) ~[?:1.8.0_221]
	at org.springframework.web.method.support.InvocableHandlerMethod.doInvoke(InvocableHandlerMethod.java:190) ~[spring-web-5.2.8.RELEASE.jar:5.2.8.RELEASE]
	at org.springframework.web.method.support.InvocableHandlerMethod.invokeForRequest(InvocableHandlerMethod.java:138) ~[spring-web-5.2.8.RELEASE.jar:5.2.8.RELEASE]
	at org.springframework.web.servlet.mvc.method.annotation.ServletInvocableHandlerMethod.invokeAndHandle(ServletInvocableHandlerMethod.java:105) ~[spring-webmvc-5.2.8.RELEASE.jar:5.2.8.RELEASE]
	at org.springframework.web.servlet.mvc.method.annotation.RequestMappingHandlerAdapter.invokeHandlerMethod(RequestMappingHandlerAdapter.java:878) ~[spring-webmvc-5.2.8.RELEASE.jar:5.2.8.RELEASE]
	at org.springframework.web.servlet.mvc.method.annotation.RequestMappingHandlerAdapter.handleInternal(RequestMappingHandlerAdapter.java:792) ~[spring-webmvc-5.2.8.RELEASE.jar:5.2.8.RELEASE]
	at org.springframework.web.servlet.mvc.method.AbstractHandlerMethodAdapter.handle(AbstractHandlerMethodAdapter.java:87) ~[spring-webmvc-5.2.8.RELEASE.jar:5.2.8.RELEASE]
	at org.springframework.web.servlet.DispatcherServlet.doDispatch(DispatcherServlet.java:1040) ~[spring-webmvc-5.2.8.RELEASE.jar:5.2.8.RELEASE]
	at org.springframework.web.servlet.DispatcherServlet.doService(DispatcherServlet.java:943) ~[spring-webmvc-5.2.8.RELEASE.jar:5.2.8.RELEASE]
	at org.springframework.web.servlet.FrameworkServlet.processRequest(FrameworkServlet.java:1006) ~[spring-webmvc-5.2.8.RELEASE.jar:5.2.8.RELEASE]
	at org.springframework.web.servlet.FrameworkServlet.doPost(FrameworkServlet.java:909) ~[spring-webmvc-5.2.8.RELEASE.jar:5.2.8.RELEASE]
	at javax.servlet.http.HttpServlet.service(HttpServlet.java:652) ~[tomcat-embed-core-9.0.37.jar:4.0.FR]
	at org.springframework.web.servlet.FrameworkServlet.service(FrameworkServlet.java:883) ~[spring-webmvc-5.2.8.RELEASE.jar:5.2.8.RELEASE]
	at javax.servlet.http.HttpServlet.service(HttpServlet.java:733) ~[tomcat-embed-core-9.0.37.jar:4.0.FR]
	at org.apache.catalina.core.ApplicationFilterChain.internalDoFilter(ApplicationFilterChain.java:231) ~[tomcat-embed-core-9.0.37.jar:9.0.37]
	at org.apache.catalina.core.ApplicationFilterChain.doFilter(ApplicationFilterChain.java:166) ~[tomcat-embed-core-9.0.37.jar:9.0.37]
	at org.apache.tomcat.websocket.server.WsFilter.doFilter(WsFilter.java:53) ~[tomcat-embed-websocket-9.0.37.jar:9.0.37]
	at org.apache.catalina.core.ApplicationFilterChain.internalDoFilter(ApplicationFilterChain.java:193) ~[tomcat-embed-core-9.0.37.jar:9.0.37]
	at org.apache.catalina.core.ApplicationFilterChain.doFilter(ApplicationFilterChain.java:166) ~[tomcat-embed-core-9.0.37.jar:9.0.37]
	at com.alibaba.druid.support.http.WebStatFilter.doFilter(WebStatFilter.java:123) ~[druid-1.1.10.jar:1.1.10]
	at org.apache.catalina.core.ApplicationFilterChain.internalDoFilter(ApplicationFilterChain.java:193) ~[tomcat-embed-core-9.0.37.jar:9.0.37]
	at org.apache.catalina.core.ApplicationFilterChain.doFilter(ApplicationFilterChain.java:166) ~[tomcat-embed-core-9.0.37.jar:9.0.37]
	at org.springframework.web.filter.RequestContextFilter.doFilterInternal(RequestContextFilter.java:100) ~[spring-web-5.2.8.RELEASE.jar:5.2.8.RELEASE]
	at org.springframework.web.filter.OncePerRequestFilter.doFilter(OncePerRequestFilter.java:119) ~[spring-web-5.2.8.RELEASE.jar:5.2.8.RELEASE]
	at org.apache.catalina.core.ApplicationFilterChain.internalDoFilter(ApplicationFilterChain.java:193) ~[tomcat-embed-core-9.0.37.jar:9.0.37]
	at org.apache.catalina.core.ApplicationFilterChain.doFilter(ApplicationFilterChain.java:166) ~[tomcat-embed-core-9.0.37.jar:9.0.37]
	at org.springframework.web.filter.FormContentFilter.doFilterInternal(FormContentFilter.java:93) ~[spring-web-5.2.8.RELEASE.jar:5.2.8.RELEASE]
	at org.springframework.web.filter.OncePerRequestFilter.doFilter(OncePerRequestFilter.java:119) ~[spring-web-5.2.8.RELEASE.jar:5.2.8.RELEASE]
	at org.apache.catalina.core.ApplicationFilterChain.internalDoFilter(ApplicationFilterChain.java:193) ~[tomcat-embed-core-9.0.37.jar:9.0.37]
	at org.apache.catalina.core.ApplicationFilterChain.doFilter(ApplicationFilterChain.java:166) ~[tomcat-embed-core-9.0.37.jar:9.0.37]
	at org.springframework.web.filter.CharacterEncodingFilter.doFilterInternal(CharacterEncodingFilter.java:201) ~[spring-web-5.2.8.RELEASE.jar:5.2.8.RELEASE]
	at org.springframework.web.filter.OncePerRequestFilter.doFilter(OncePerRequestFilter.java:119) ~[spring-web-5.2.8.RELEASE.jar:5.2.8.RELEASE]
	at org.apache.catalina.core.ApplicationFilterChain.internalDoFilter(ApplicationFilterChain.java:193) ~[tomcat-embed-core-9.0.37.jar:9.0.37]
	at org.apache.catalina.core.ApplicationFilterChain.doFilter(ApplicationFilterChain.java:166) ~[tomcat-embed-core-9.0.37.jar:9.0.37]
	at org.apache.catalina.core.StandardWrapperValve.invoke(StandardWrapperValve.java:202) [tomcat-embed-core-9.0.37.jar:9.0.37]
	at org.apache.catalina.core.StandardContextValve.invoke(StandardContextValve.java:96) [tomcat-embed-core-9.0.37.jar:9.0.37]
	at org.apache.catalina.authenticator.AuthenticatorBase.invoke(AuthenticatorBase.java:541) [tomcat-embed-core-9.0.37.jar:9.0.37]
	at org.apache.catalina.core.StandardHostValve.invoke(StandardHostValve.java:139) [tomcat-embed-core-9.0.37.jar:9.0.37]
	at org.apache.catalina.valves.ErrorReportValve.invoke(ErrorReportValve.java:92) [tomcat-embed-core-9.0.37.jar:9.0.37]
	at org.apache.catalina.core.StandardEngineValve.invoke(StandardEngineValve.java:74) [tomcat-embed-core-9.0.37.jar:9.0.37]
	at org.apache.catalina.connector.CoyoteAdapter.service(CoyoteAdapter.java:343) [tomcat-embed-core-9.0.37.jar:9.0.37]
	at org.apache.coyote.http11.Http11Processor.service(Http11Processor.java:373) [tomcat-embed-core-9.0.37.jar:9.0.37]
	at org.apache.coyote.AbstractProcessorLight.process(AbstractProcessorLight.java:65) [tomcat-embed-core-9.0.37.jar:9.0.37]
	at org.apache.coyote.AbstractProtocol$ConnectionHandler.process(AbstractProtocol.java:868) [tomcat-embed-core-9.0.37.jar:9.0.37]
	at org.apache.tomcat.util.net.NioEndpoint$SocketProcessor.doRun(NioEndpoint.java:1589) [tomcat-embed-core-9.0.37.jar:9.0.37]
	at org.apache.tomcat.util.net.SocketProcessorBase.run(SocketProcessorBase.java:49) [tomcat-embed-core-9.0.37.jar:9.0.37]
	at java.util.concurrent.ThreadPoolExecutor.runWorker(ThreadPoolExecutor.java:1149) [?:1.8.0_221]
	at java.util.concurrent.ThreadPoolExecutor$Worker.run(ThreadPoolExecutor.java:624) [?:1.8.0_221]
	at org.apache.tomcat.util.threads.TaskThread$WrappingRunnable.run(TaskThread.java:61) [tomcat-embed-core-9.0.37.jar:9.0.37]
	at java.lang.Thread.run(Thread.java:748) [?:1.8.0_221]
[11:17:33:056] [ERROR] - org.apache.juli.logging.DirectJDKLog.log(DirectJDKLog.java:175) - Servlet.service() for servlet [dispatcherServlet] in context with path [] threw exception [Request processing failed; nested exception is org.springframework.jdbc.BadSqlGrammarException: StatementCallback; bad SQL grammar [select t1.phid,t1.bill_no as billNo,t1.bill_title as title, t1.bill_dt as billDt,t2.project_name as pcName, t2.pc_no as pcNo,t3.item_name as ysfl,t4.type_no as zyfl, t5.cno as zbEmp,t6.compname as jsdw, t7.c_no as zbfs,t8.compno as zbdw, t9.c_no as pbbf,t1.user_jhgq as planDt, t1.user_zbkzjws as zbkzjWs,t1.user_zbkzjhs as zbkzjHs, t1.user_jhzbrq as jhzbrq,t10.c_no as bjfs, t1.user_fblyjsm as fblyjs, t1.user_fktk as fktk, t1.user_jstk as jstk, t11.cno as jbr, t12.user_zsjcode as jbbm, t13.user_no as zdr, t1.bill_dt as zdrq, t1.bill_type as billType from pms3_fb_subj_m t1 left join project_table t2 on t2.phid = t1.phid_pc left join bs_data t3 on t3.phid = t1.phid_budget_type left join wbs_type t4 on t4.phid = t1.user_zyfl  left join hr_epm_main t5 on t5.phid = t1.user_zbfzr left join FG3_ENTERPRISE t6 on t6.phid = t1.user_jsdw left join fg_simple_data t7 on t7.phid = t1.user_zbfs left join FG3_ENTERPRISE t8 on t8.phid = t1.user_zbdw left join fg_simple_data t9 on t9.phid = t1.user_pbbf left join fg_simple_data t10 on t10.phid = t1.user_bjfs left join hr_epm_main t11 on t11.phid = t1.user_jbr left join fg_orglist t12 on t12.phid = t1.user_jbbm left join fg3_user t13 on t13.phid = t1.user_zdr where t3.oper_type = 'budget_classify'  and t1.phid = '156210121000002']; nested exception is java.sql.SQLSyntaxErrorException: ORA-00904: "T13"."USER_NO": 标识符无效
] with root cause
java.sql.SQLSyntaxErrorException: ORA-00904: "T13"."USER_NO": 标识符无效

	at oracle.jdbc.driver.T4CTTIoer.processError(T4CTTIoer.java:447) ~[ojdbc6-11.2.0.4.jar:11.2.0.4.0]
	at oracle.jdbc.driver.T4CTTIoer.processError(T4CTTIoer.java:396) ~[ojdbc6-11.2.0.4.jar:11.2.0.4.0]
	at oracle.jdbc.driver.T4C8Oall.processError(T4C8Oall.java:951) ~[ojdbc6-11.2.0.4.jar:11.2.0.4.0]
	at oracle.jdbc.driver.T4CTTIfun.receive(T4CTTIfun.java:513) ~[ojdbc6-11.2.0.4.jar:11.2.0.4.0]
	at oracle.jdbc.driver.T4CTTIfun.doRPC(T4CTTIfun.java:227) ~[ojdbc6-11.2.0.4.jar:11.2.0.4.0]
	at oracle.jdbc.driver.T4C8Oall.doOALL(T4C8Oall.java:531) ~[ojdbc6-11.2.0.4.jar:11.2.0.4.0]
	at oracle.jdbc.driver.T4CStatement.doOall8(T4CStatement.java:195) ~[ojdbc6-11.2.0.4.jar:11.2.0.4.0]
	at oracle.jdbc.driver.T4CStatement.executeForDescribe(T4CStatement.java:876) ~[ojdbc6-11.2.0.4.jar:11.2.0.4.0]
	at oracle.jdbc.driver.OracleStatement.executeMaybeDescribe(OracleStatement.java:1175) ~[ojdbc6-11.2.0.4.jar:11.2.0.4.0]
	at oracle.jdbc.driver.OracleStatement.doExecuteWithTimeout(OracleStatement.java:1296) ~[ojdbc6-11.2.0.4.jar:11.2.0.4.0]
	at oracle.jdbc.driver.OracleStatement.executeQuery(OracleStatement.java:1498) ~[ojdbc6-11.2.0.4.jar:11.2.0.4.0]
	at oracle.jdbc.driver.OracleStatementWrapper.executeQuery(OracleStatementWrapper.java:406) ~[ojdbc6-11.2.0.4.jar:11.2.0.4.0]
	at com.alibaba.druid.filter.FilterChainImpl.statement_executeQuery(FilterChainImpl.java:2831) ~[druid-1.1.10.jar:1.1.10]
	at com.alibaba.druid.filter.FilterAdapter.statement_executeQuery(FilterAdapter.java:2503) ~[druid-1.1.10.jar:1.1.10]
	at com.alibaba.druid.filter.FilterEventAdapter.statement_executeQuery(FilterEventAdapter.java:302) ~[druid-1.1.10.jar:1.1.10]
	at com.alibaba.druid.filter.FilterChainImpl.statement_executeQuery(FilterChainImpl.java:2828) ~[druid-1.1.10.jar:1.1.10]
	at com.alibaba.druid.proxy.jdbc.StatementProxyImpl.executeQuery(StatementProxyImpl.java:221) ~[druid-1.1.10.jar:1.1.10]
	at com.alibaba.druid.pool.DruidPooledStatement.executeQuery(DruidPooledStatement.java:291) ~[druid-1.1.10.jar:1.1.10]
	at org.springframework.jdbc.core.JdbcTemplate$1QueryStatementCallback.doInStatement(JdbcTemplate.java:439) ~[spring-jdbc-5.2.8.RELEASE.jar:5.2.8.RELEASE]
	at org.springframework.jdbc.core.JdbcTemplate.execute(JdbcTemplate.java:376) ~[spring-jdbc-5.2.8.RELEASE.jar:5.2.8.RELEASE]
	at org.springframework.jdbc.core.JdbcTemplate.query(JdbcTemplate.java:452) ~[spring-jdbc-5.2.8.RELEASE.jar:5.2.8.RELEASE]
	at org.springframework.jdbc.core.JdbcTemplate.query(JdbcTemplate.java:462) ~[spring-jdbc-5.2.8.RELEASE.jar:5.2.8.RELEASE]
	at com.newgrand.controller.YSYJ.FbSubController.syncProCount(FbSubController.java:57) ~[classes/:?]
	at sun.reflect.NativeMethodAccessorImpl.invoke0(Native Method) ~[?:1.8.0_221]
	at sun.reflect.NativeMethodAccessorImpl.invoke(NativeMethodAccessorImpl.java:62) ~[?:1.8.0_221]
	at sun.reflect.DelegatingMethodAccessorImpl.invoke(DelegatingMethodAccessorImpl.java:43) ~[?:1.8.0_221]
	at java.lang.reflect.Method.invoke(Method.java:498) ~[?:1.8.0_221]
	at org.springframework.web.method.support.InvocableHandlerMethod.doInvoke(InvocableHandlerMethod.java:190) ~[spring-web-5.2.8.RELEASE.jar:5.2.8.RELEASE]
	at org.springframework.web.method.support.InvocableHandlerMethod.invokeForRequest(InvocableHandlerMethod.java:138) ~[spring-web-5.2.8.RELEASE.jar:5.2.8.RELEASE]
	at org.springframework.web.servlet.mvc.method.annotation.ServletInvocableHandlerMethod.invokeAndHandle(ServletInvocableHandlerMethod.java:105) ~[spring-webmvc-5.2.8.RELEASE.jar:5.2.8.RELEASE]
	at org.springframework.web.servlet.mvc.method.annotation.RequestMappingHandlerAdapter.invokeHandlerMethod(RequestMappingHandlerAdapter.java:878) ~[spring-webmvc-5.2.8.RELEASE.jar:5.2.8.RELEASE]
	at org.springframework.web.servlet.mvc.method.annotation.RequestMappingHandlerAdapter.handleInternal(RequestMappingHandlerAdapter.java:792) ~[spring-webmvc-5.2.8.RELEASE.jar:5.2.8.RELEASE]
	at org.springframework.web.servlet.mvc.method.AbstractHandlerMethodAdapter.handle(AbstractHandlerMethodAdapter.java:87) ~[spring-webmvc-5.2.8.RELEASE.jar:5.2.8.RELEASE]
	at org.springframework.web.servlet.DispatcherServlet.doDispatch(DispatcherServlet.java:1040) ~[spring-webmvc-5.2.8.RELEASE.jar:5.2.8.RELEASE]
	at org.springframework.web.servlet.DispatcherServlet.doService(DispatcherServlet.java:943) ~[spring-webmvc-5.2.8.RELEASE.jar:5.2.8.RELEASE]
	at org.springframework.web.servlet.FrameworkServlet.processRequest(FrameworkServlet.java:1006) ~[spring-webmvc-5.2.8.RELEASE.jar:5.2.8.RELEASE]
	at org.springframework.web.servlet.FrameworkServlet.doPost(FrameworkServlet.java:909) ~[spring-webmvc-5.2.8.RELEASE.jar:5.2.8.RELEASE]
	at javax.servlet.http.HttpServlet.service(HttpServlet.java:652) ~[tomcat-embed-core-9.0.37.jar:4.0.FR]
	at org.springframework.web.servlet.FrameworkServlet.service(FrameworkServlet.java:883) ~[spring-webmvc-5.2.8.RELEASE.jar:5.2.8.RELEASE]
	at javax.servlet.http.HttpServlet.service(HttpServlet.java:733) ~[tomcat-embed-core-9.0.37.jar:4.0.FR]
	at org.apache.catalina.core.ApplicationFilterChain.internalDoFilter(ApplicationFilterChain.java:231) ~[tomcat-embed-core-9.0.37.jar:9.0.37]
	at org.apache.catalina.core.ApplicationFilterChain.doFilter(ApplicationFilterChain.java:166) ~[tomcat-embed-core-9.0.37.jar:9.0.37]
	at org.apache.tomcat.websocket.server.WsFilter.doFilter(WsFilter.java:53) ~[tomcat-embed-websocket-9.0.37.jar:9.0.37]
	at org.apache.catalina.core.ApplicationFilterChain.internalDoFilter(ApplicationFilterChain.java:193) ~[tomcat-embed-core-9.0.37.jar:9.0.37]
	at org.apache.catalina.core.ApplicationFilterChain.doFilter(ApplicationFilterChain.java:166) ~[tomcat-embed-core-9.0.37.jar:9.0.37]
	at com.alibaba.druid.support.http.WebStatFilter.doFilter(WebStatFilter.java:123) ~[druid-1.1.10.jar:1.1.10]
	at org.apache.catalina.core.ApplicationFilterChain.internalDoFilter(ApplicationFilterChain.java:193) ~[tomcat-embed-core-9.0.37.jar:9.0.37]
	at org.apache.catalina.core.ApplicationFilterChain.doFilter(ApplicationFilterChain.java:166) ~[tomcat-embed-core-9.0.37.jar:9.0.37]
	at org.springframework.web.filter.RequestContextFilter.doFilterInternal(RequestContextFilter.java:100) ~[spring-web-5.2.8.RELEASE.jar:5.2.8.RELEASE]
	at org.springframework.web.filter.OncePerRequestFilter.doFilter(OncePerRequestFilter.java:119) ~[spring-web-5.2.8.RELEASE.jar:5.2.8.RELEASE]
	at org.apache.catalina.core.ApplicationFilterChain.internalDoFilter(ApplicationFilterChain.java:193) ~[tomcat-embed-core-9.0.37.jar:9.0.37]
	at org.apache.catalina.core.ApplicationFilterChain.doFilter(ApplicationFilterChain.java:166) ~[tomcat-embed-core-9.0.37.jar:9.0.37]
	at org.springframework.web.filter.FormContentFilter.doFilterInternal(FormContentFilter.java:93) ~[spring-web-5.2.8.RELEASE.jar:5.2.8.RELEASE]
	at org.springframework.web.filter.OncePerRequestFilter.doFilter(OncePerRequestFilter.java:119) ~[spring-web-5.2.8.RELEASE.jar:5.2.8.RELEASE]
	at org.apache.catalina.core.ApplicationFilterChain.internalDoFilter(ApplicationFilterChain.java:193) ~[tomcat-embed-core-9.0.37.jar:9.0.37]
	at org.apache.catalina.core.ApplicationFilterChain.doFilter(ApplicationFilterChain.java:166) ~[tomcat-embed-core-9.0.37.jar:9.0.37]
	at org.springframework.web.filter.CharacterEncodingFilter.doFilterInternal(CharacterEncodingFilter.java:201) ~[spring-web-5.2.8.RELEASE.jar:5.2.8.RELEASE]
	at org.springframework.web.filter.OncePerRequestFilter.doFilter(OncePerRequestFilter.java:119) ~[spring-web-5.2.8.RELEASE.jar:5.2.8.RELEASE]
	at org.apache.catalina.core.ApplicationFilterChain.internalDoFilter(ApplicationFilterChain.java:193) ~[tomcat-embed-core-9.0.37.jar:9.0.37]
	at org.apache.catalina.core.ApplicationFilterChain.doFilter(ApplicationFilterChain.java:166) ~[tomcat-embed-core-9.0.37.jar:9.0.37]
	at org.apache.catalina.core.StandardWrapperValve.invoke(StandardWrapperValve.java:202) [tomcat-embed-core-9.0.37.jar:9.0.37]
	at org.apache.catalina.core.StandardContextValve.invoke(StandardContextValve.java:96) [tomcat-embed-core-9.0.37.jar:9.0.37]
	at org.apache.catalina.authenticator.AuthenticatorBase.invoke(AuthenticatorBase.java:541) [tomcat-embed-core-9.0.37.jar:9.0.37]
	at org.apache.catalina.core.StandardHostValve.invoke(StandardHostValve.java:139) [tomcat-embed-core-9.0.37.jar:9.0.37]
	at org.apache.catalina.valves.ErrorReportValve.invoke(ErrorReportValve.java:92) [tomcat-embed-core-9.0.37.jar:9.0.37]
	at org.apache.catalina.core.StandardEngineValve.invoke(StandardEngineValve.java:74) [tomcat-embed-core-9.0.37.jar:9.0.37]
	at org.apache.catalina.connector.CoyoteAdapter.service(CoyoteAdapter.java:343) [tomcat-embed-core-9.0.37.jar:9.0.37]
	at org.apache.coyote.http11.Http11Processor.service(Http11Processor.java:373) [tomcat-embed-core-9.0.37.jar:9.0.37]
	at org.apache.coyote.AbstractProcessorLight.process(AbstractProcessorLight.java:65) [tomcat-embed-core-9.0.37.jar:9.0.37]
	at org.apache.coyote.AbstractProtocol$ConnectionHandler.process(AbstractProtocol.java:868) [tomcat-embed-core-9.0.37.jar:9.0.37]
	at org.apache.tomcat.util.net.NioEndpoint$SocketProcessor.doRun(NioEndpoint.java:1589) [tomcat-embed-core-9.0.37.jar:9.0.37]
	at org.apache.tomcat.util.net.SocketProcessorBase.run(SocketProcessorBase.java:49) [tomcat-embed-core-9.0.37.jar:9.0.37]
	at java.util.concurrent.ThreadPoolExecutor.runWorker(ThreadPoolExecutor.java:1149) [?:1.8.0_221]
	at java.util.concurrent.ThreadPoolExecutor$Worker.run(ThreadPoolExecutor.java:624) [?:1.8.0_221]
	at org.apache.tomcat.util.threads.TaskThread$WrappingRunnable.run(TaskThread.java:61) [tomcat-embed-core-9.0.37.jar:9.0.37]
	at java.lang.Thread.run(Thread.java:748) [?:1.8.0_221]
[11:18:09:008] [WARN] - com.alibaba.druid.pool.DruidAbstractDataSource.setDriverClassName(DruidAbstractDataSource.java:1176) - oracle.jdbc.driver.OracleDriver is deprecated.Having use oracle.jdbc.OracleDriver.
[11:18:33:341] [WARN] - com.alibaba.druid.pool.DruidAbstractDataSource.setDriverClassName(DruidAbstractDataSource.java:1176) - oracle.jdbc.driver.OracleDriver is deprecated.Having use oracle.jdbc.OracleDriver.
[14:04:35:348] [ERROR] - com.alibaba.druid.util.JdbcUtils.close(JdbcUtils.java:75) - close connection error
java.sql.SQLRecoverableException: IO 错误: Connection reset by peer: socket write error
	at oracle.jdbc.driver.T4CConnection.logoff(T4CConnection.java:587) ~[ojdbc6-11.2.0.4.jar:11.2.0.4.0]
	at oracle.jdbc.driver.PhysicalConnection.close(PhysicalConnection.java:4011) ~[ojdbc6-11.2.0.4.jar:11.2.0.4.0]
	at com.alibaba.druid.filter.FilterChainImpl.connection_close(FilterChainImpl.java:186) ~[druid-1.1.10.jar:1.1.10]
	at com.alibaba.druid.filter.stat.StatFilter.connection_close(StatFilter.java:261) ~[druid-1.1.10.jar:1.1.10]
	at com.alibaba.druid.filter.FilterChainImpl.connection_close(FilterChainImpl.java:181) ~[druid-1.1.10.jar:1.1.10]
	at com.alibaba.druid.proxy.jdbc.ConnectionProxyImpl.close(ConnectionProxyImpl.java:115) ~[druid-1.1.10.jar:1.1.10]
	at com.alibaba.druid.util.JdbcUtils.close(JdbcUtils.java:73) [druid-1.1.10.jar:1.1.10]
	at com.alibaba.druid.pool.DruidDataSource.shrink(DruidDataSource.java:2797) [druid-1.1.10.jar:1.1.10]
	at com.alibaba.druid.pool.DruidDataSource$DestroyTask.run(DruidDataSource.java:2562) [druid-1.1.10.jar:1.1.10]
	at com.alibaba.druid.pool.DruidDataSource$DestroyConnectionThread.run(DruidDataSource.java:2549) [druid-1.1.10.jar:1.1.10]
Caused by: java.net.SocketException: Connection reset by peer: socket write error
	at java.net.SocketOutputStream.socketWrite0(Native Method) ~[?:1.8.0_221]
	at java.net.SocketOutputStream.socketWrite(SocketOutputStream.java:111) ~[?:1.8.0_221]
	at java.net.SocketOutputStream.write(SocketOutputStream.java:155) ~[?:1.8.0_221]
	at oracle.net.ns.DataPacket.send(DataPacket.java:210) ~[ojdbc6-11.2.0.4.jar:11.2.0.4.0]
	at oracle.net.ns.NetOutputStream.flush(NetOutputStream.java:230) ~[ojdbc6-11.2.0.4.jar:11.2.0.4.0]
	at oracle.net.ns.NetInputStream.getNextPacket(NetInputStream.java:321) ~[ojdbc6-11.2.0.4.jar:11.2.0.4.0]
	at oracle.net.ns.NetInputStream.read(NetInputStream.java:268) ~[ojdbc6-11.2.0.4.jar:11.2.0.4.0]
	at oracle.net.ns.NetInputStream.read(NetInputStream.java:190) ~[ojdbc6-11.2.0.4.jar:11.2.0.4.0]
	at oracle.net.ns.NetInputStream.read(NetInputStream.java:107) ~[ojdbc6-11.2.0.4.jar:11.2.0.4.0]
	at oracle.jdbc.driver.T4CSocketInputStreamWrapper.readNextPacket(T4CSocketInputStreamWrapper.java:124) ~[ojdbc6-11.2.0.4.jar:11.2.0.4.0]
	at oracle.jdbc.driver.T4CSocketInputStreamWrapper.read(T4CSocketInputStreamWrapper.java:80) ~[ojdbc6-11.2.0.4.jar:11.2.0.4.0]
	at oracle.jdbc.driver.T4CMAREngine.unmarshalUB1(T4CMAREngine.java:1137) ~[ojdbc6-11.2.0.4.jar:11.2.0.4.0]
	at oracle.jdbc.driver.T4CTTIfun.receive(T4CTTIfun.java:350) ~[ojdbc6-11.2.0.4.jar:11.2.0.4.0]
	at oracle.jdbc.driver.T4CTTIfun.doRPC(T4CTTIfun.java:227) ~[ojdbc6-11.2.0.4.jar:11.2.0.4.0]
	at oracle.jdbc.driver.T4C7Ocommoncall.doOLOGOFF(T4C7Ocommoncall.java:61) ~[ojdbc6-11.2.0.4.jar:11.2.0.4.0]
	at oracle.jdbc.driver.T4CConnection.logoff(T4CConnection.java:574) ~[ojdbc6-11.2.0.4.jar:11.2.0.4.0]
	... 9 more
[14:05:32:939] [WARN] - com.alibaba.druid.pool.DruidAbstractDataSource.setDriverClassName(DruidAbstractDataSource.java:1176) - oracle.jdbc.driver.OracleDriver is deprecated.Having use oracle.jdbc.OracleDriver.
[14:14:09:405] [WARN] - com.alibaba.druid.pool.DruidAbstractDataSource.setDriverClassName(DruidAbstractDataSource.java:1176) - oracle.jdbc.driver.OracleDriver is deprecated.Having use oracle.jdbc.OracleDriver.
[14:21:19:085] [ERROR] - com.alibaba.druid.util.JdbcUtils.close(JdbcUtils.java:86) - close statement error
java.sql.SQLRecoverableException: 关闭的连接
	at oracle.jdbc.driver.PhysicalConnection.needLine(PhysicalConnection.java:5416) ~[ojdbc6-11.2.0.4.jar:11.2.0.4.0]
	at oracle.jdbc.driver.OracleStatement.closeOrCache(OracleStatement.java:1585) ~[ojdbc6-11.2.0.4.jar:11.2.0.4.0]
	at oracle.jdbc.driver.OracleStatement.close(OracleStatement.java:1570) ~[ojdbc6-11.2.0.4.jar:11.2.0.4.0]
	at oracle.jdbc.driver.OracleStatementWrapper.close(OracleStatementWrapper.java:94) ~[ojdbc6-11.2.0.4.jar:11.2.0.4.0]
	at com.alibaba.druid.util.JdbcUtils.close(JdbcUtils.java:84) [druid-1.1.10.jar:1.1.10]
	at com.alibaba.druid.pool.vendor.OracleValidConnectionChecker.isValidConnection(OracleValidConnectionChecker.java:88) [druid-1.1.10.jar:1.1.10]
	at com.alibaba.druid.pool.DruidAbstractDataSource.testConnectionInternal(DruidAbstractDataSource.java:1400) [druid-1.1.10.jar:1.1.10]
	at com.alibaba.druid.pool.DruidDataSource.getConnectionDirect(DruidDataSource.java:1299) [druid-1.1.10.jar:1.1.10]
	at com.alibaba.druid.filter.FilterChainImpl.dataSource_connect(FilterChainImpl.java:5007) [druid-1.1.10.jar:1.1.10]
	at com.alibaba.druid.filter.stat.StatFilter.dataSource_getConnection(StatFilter.java:680) [druid-1.1.10.jar:1.1.10]
	at com.alibaba.druid.filter.FilterChainImpl.dataSource_connect(FilterChainImpl.java:5003) [druid-1.1.10.jar:1.1.10]
	at com.alibaba.druid.pool.DruidDataSource.getConnection(DruidDataSource.java:1233) [druid-1.1.10.jar:1.1.10]
	at com.alibaba.druid.pool.DruidDataSource.getConnection(DruidDataSource.java:1225) [druid-1.1.10.jar:1.1.10]
	at com.alibaba.druid.pool.DruidDataSource.getConnection(DruidDataSource.java:90) [druid-1.1.10.jar:1.1.10]
	at org.springframework.jdbc.datasource.DataSourceUtils.fetchConnection(DataSourceUtils.java:158) [spring-jdbc-5.2.8.RELEASE.jar:5.2.8.RELEASE]
	at org.springframework.jdbc.datasource.DataSourceUtils.doGetConnection(DataSourceUtils.java:116) [spring-jdbc-5.2.8.RELEASE.jar:5.2.8.RELEASE]
	at org.springframework.jdbc.datasource.DataSourceUtils.getConnection(DataSourceUtils.java:79) [spring-jdbc-5.2.8.RELEASE.jar:5.2.8.RELEASE]
	at org.springframework.jdbc.core.JdbcTemplate.execute(JdbcTemplate.java:371) [spring-jdbc-5.2.8.RELEASE.jar:5.2.8.RELEASE]
	at org.springframework.jdbc.core.JdbcTemplate.query(JdbcTemplate.java:452) [spring-jdbc-5.2.8.RELEASE.jar:5.2.8.RELEASE]
	at org.springframework.jdbc.core.JdbcTemplate.query(JdbcTemplate.java:462) [spring-jdbc-5.2.8.RELEASE.jar:5.2.8.RELEASE]
	at com.newgrand.controller.YSYJ.FbSubController.syncProCount(FbSubController.java:57) [classes/:?]
	at sun.reflect.NativeMethodAccessorImpl.invoke0(Native Method) ~[?:1.8.0_221]
	at sun.reflect.NativeMethodAccessorImpl.invoke(NativeMethodAccessorImpl.java:62) ~[?:1.8.0_221]
	at sun.reflect.DelegatingMethodAccessorImpl.invoke(DelegatingMethodAccessorImpl.java:43) ~[?:1.8.0_221]
	at java.lang.reflect.Method.invoke(Method.java:498) ~[?:1.8.0_221]
	at org.springframework.web.method.support.InvocableHandlerMethod.doInvoke(InvocableHandlerMethod.java:190) [spring-web-5.2.8.RELEASE.jar:5.2.8.RELEASE]
	at org.springframework.web.method.support.InvocableHandlerMethod.invokeForRequest(InvocableHandlerMethod.java:138) [spring-web-5.2.8.RELEASE.jar:5.2.8.RELEASE]
	at org.springframework.web.servlet.mvc.method.annotation.ServletInvocableHandlerMethod.invokeAndHandle(ServletInvocableHandlerMethod.java:105) [spring-webmvc-5.2.8.RELEASE.jar:5.2.8.RELEASE]
	at org.springframework.web.servlet.mvc.method.annotation.RequestMappingHandlerAdapter.invokeHandlerMethod(RequestMappingHandlerAdapter.java:878) [spring-webmvc-5.2.8.RELEASE.jar:5.2.8.RELEASE]
	at org.springframework.web.servlet.mvc.method.annotation.RequestMappingHandlerAdapter.handleInternal(RequestMappingHandlerAdapter.java:792) [spring-webmvc-5.2.8.RELEASE.jar:5.2.8.RELEASE]
	at org.springframework.web.servlet.mvc.method.AbstractHandlerMethodAdapter.handle(AbstractHandlerMethodAdapter.java:87) [spring-webmvc-5.2.8.RELEASE.jar:5.2.8.RELEASE]
	at org.springframework.web.servlet.DispatcherServlet.doDispatch(DispatcherServlet.java:1040) [spring-webmvc-5.2.8.RELEASE.jar:5.2.8.RELEASE]
	at org.springframework.web.servlet.DispatcherServlet.doService(DispatcherServlet.java:943) [spring-webmvc-5.2.8.RELEASE.jar:5.2.8.RELEASE]
	at org.springframework.web.servlet.FrameworkServlet.processRequest(FrameworkServlet.java:1006) [spring-webmvc-5.2.8.RELEASE.jar:5.2.8.RELEASE]
	at org.springframework.web.servlet.FrameworkServlet.doPost(FrameworkServlet.java:909) [spring-webmvc-5.2.8.RELEASE.jar:5.2.8.RELEASE]
	at javax.servlet.http.HttpServlet.service(HttpServlet.java:652) [tomcat-embed-core-9.0.37.jar:4.0.FR]
	at org.springframework.web.servlet.FrameworkServlet.service(FrameworkServlet.java:883) [spring-webmvc-5.2.8.RELEASE.jar:5.2.8.RELEASE]
	at javax.servlet.http.HttpServlet.service(HttpServlet.java:733) [tomcat-embed-core-9.0.37.jar:4.0.FR]
	at org.apache.catalina.core.ApplicationFilterChain.internalDoFilter(ApplicationFilterChain.java:231) [tomcat-embed-core-9.0.37.jar:9.0.37]
	at org.apache.catalina.core.ApplicationFilterChain.doFilter(ApplicationFilterChain.java:166) [tomcat-embed-core-9.0.37.jar:9.0.37]
	at org.apache.tomcat.websocket.server.WsFilter.doFilter(WsFilter.java:53) [tomcat-embed-websocket-9.0.37.jar:9.0.37]
	at org.apache.catalina.core.ApplicationFilterChain.internalDoFilter(ApplicationFilterChain.java:193) [tomcat-embed-core-9.0.37.jar:9.0.37]
	at org.apache.catalina.core.ApplicationFilterChain.doFilter(ApplicationFilterChain.java:166) [tomcat-embed-core-9.0.37.jar:9.0.37]
	at com.alibaba.druid.support.http.WebStatFilter.doFilter(WebStatFilter.java:123) [druid-1.1.10.jar:1.1.10]
	at org.apache.catalina.core.ApplicationFilterChain.internalDoFilter(ApplicationFilterChain.java:193) [tomcat-embed-core-9.0.37.jar:9.0.37]
	at org.apache.catalina.core.ApplicationFilterChain.doFilter(ApplicationFilterChain.java:166) [tomcat-embed-core-9.0.37.jar:9.0.37]
	at org.springframework.web.filter.RequestContextFilter.doFilterInternal(RequestContextFilter.java:100) [spring-web-5.2.8.RELEASE.jar:5.2.8.RELEASE]
	at org.springframework.web.filter.OncePerRequestFilter.doFilter(OncePerRequestFilter.java:119) [spring-web-5.2.8.RELEASE.jar:5.2.8.RELEASE]
	at org.apache.catalina.core.ApplicationFilterChain.internalDoFilter(ApplicationFilterChain.java:193) [tomcat-embed-core-9.0.37.jar:9.0.37]
	at org.apache.catalina.core.ApplicationFilterChain.doFilter(ApplicationFilterChain.java:166) [tomcat-embed-core-9.0.37.jar:9.0.37]
	at org.springframework.web.filter.FormContentFilter.doFilterInternal(FormContentFilter.java:93) [spring-web-5.2.8.RELEASE.jar:5.2.8.RELEASE]
	at org.springframework.web.filter.OncePerRequestFilter.doFilter(OncePerRequestFilter.java:119) [spring-web-5.2.8.RELEASE.jar:5.2.8.RELEASE]
	at org.apache.catalina.core.ApplicationFilterChain.internalDoFilter(ApplicationFilterChain.java:193) [tomcat-embed-core-9.0.37.jar:9.0.37]
	at org.apache.catalina.core.ApplicationFilterChain.doFilter(ApplicationFilterChain.java:166) [tomcat-embed-core-9.0.37.jar:9.0.37]
	at org.springframework.web.filter.CharacterEncodingFilter.doFilterInternal(CharacterEncodingFilter.java:201) [spring-web-5.2.8.RELEASE.jar:5.2.8.RELEASE]
	at org.springframework.web.filter.OncePerRequestFilter.doFilter(OncePerRequestFilter.java:119) [spring-web-5.2.8.RELEASE.jar:5.2.8.RELEASE]
	at org.apache.catalina.core.ApplicationFilterChain.internalDoFilter(ApplicationFilterChain.java:193) [tomcat-embed-core-9.0.37.jar:9.0.37]
	at org.apache.catalina.core.ApplicationFilterChain.doFilter(ApplicationFilterChain.java:166) [tomcat-embed-core-9.0.37.jar:9.0.37]
	at org.apache.catalina.core.StandardWrapperValve.invoke(StandardWrapperValve.java:202) [tomcat-embed-core-9.0.37.jar:9.0.37]
	at org.apache.catalina.core.StandardContextValve.invoke(StandardContextValve.java:96) [tomcat-embed-core-9.0.37.jar:9.0.37]
	at org.apache.catalina.authenticator.AuthenticatorBase.invoke(AuthenticatorBase.java:541) [tomcat-embed-core-9.0.37.jar:9.0.37]
	at org.apache.catalina.core.StandardHostValve.invoke(StandardHostValve.java:139) [tomcat-embed-core-9.0.37.jar:9.0.37]
	at org.apache.catalina.valves.ErrorReportValve.invoke(ErrorReportValve.java:92) [tomcat-embed-core-9.0.37.jar:9.0.37]
	at org.apache.catalina.core.StandardEngineValve.invoke(StandardEngineValve.java:74) [tomcat-embed-core-9.0.37.jar:9.0.37]
	at org.apache.catalina.connector.CoyoteAdapter.service(CoyoteAdapter.java:343) [tomcat-embed-core-9.0.37.jar:9.0.37]
	at org.apache.coyote.http11.Http11Processor.service(Http11Processor.java:373) [tomcat-embed-core-9.0.37.jar:9.0.37]
	at org.apache.coyote.AbstractProcessorLight.process(AbstractProcessorLight.java:65) [tomcat-embed-core-9.0.37.jar:9.0.37]
	at org.apache.coyote.AbstractProtocol$ConnectionHandler.process(AbstractProtocol.java:868) [tomcat-embed-core-9.0.37.jar:9.0.37]
	at org.apache.tomcat.util.net.NioEndpoint$SocketProcessor.doRun(NioEndpoint.java:1589) [tomcat-embed-core-9.0.37.jar:9.0.37]
	at org.apache.tomcat.util.net.SocketProcessorBase.run(SocketProcessorBase.java:49) [tomcat-embed-core-9.0.37.jar:9.0.37]
	at java.util.concurrent.ThreadPoolExecutor.runWorker(ThreadPoolExecutor.java:1149) [?:1.8.0_221]
	at java.util.concurrent.ThreadPoolExecutor$Worker.run(ThreadPoolExecutor.java:624) [?:1.8.0_221]
	at org.apache.tomcat.util.threads.TaskThread$WrappingRunnable.run(TaskThread.java:61) [tomcat-embed-core-9.0.37.jar:9.0.37]
	at java.lang.Thread.run(Thread.java:748) [?:1.8.0_221]
[14:24:36:928] [WARN] - com.alibaba.druid.pool.DruidAbstractDataSource.setDriverClassName(DruidAbstractDataSource.java:1176) - oracle.jdbc.driver.OracleDriver is deprecated.Having use oracle.jdbc.OracleDriver.
[14:24:50:414] [WARN] - com.alibaba.druid.pool.DruidAbstractDataSource.setDriverClassName(DruidAbstractDataSource.java:1176) - oracle.jdbc.driver.OracleDriver is deprecated.Having use oracle.jdbc.OracleDriver.
[14:57:42:833] [ERROR] - com.alibaba.druid.util.JdbcUtils.close(JdbcUtils.java:75) - close connection error
java.sql.SQLRecoverableException: IO 错误: Connection reset by peer: socket write error
	at oracle.jdbc.driver.T4CConnection.logoff(T4CConnection.java:587) ~[ojdbc6-11.2.0.4.jar:11.2.0.4.0]
	at oracle.jdbc.driver.PhysicalConnection.close(PhysicalConnection.java:4011) ~[ojdbc6-11.2.0.4.jar:11.2.0.4.0]
	at com.alibaba.druid.filter.FilterChainImpl.connection_close(FilterChainImpl.java:186) ~[druid-1.1.10.jar:1.1.10]
	at com.alibaba.druid.filter.stat.StatFilter.connection_close(StatFilter.java:261) ~[druid-1.1.10.jar:1.1.10]
	at com.alibaba.druid.filter.FilterChainImpl.connection_close(FilterChainImpl.java:181) ~[druid-1.1.10.jar:1.1.10]
	at com.alibaba.druid.proxy.jdbc.ConnectionProxyImpl.close(ConnectionProxyImpl.java:115) ~[druid-1.1.10.jar:1.1.10]
	at com.alibaba.druid.util.JdbcUtils.close(JdbcUtils.java:73) [druid-1.1.10.jar:1.1.10]
	at com.alibaba.druid.pool.DruidDataSource.shrink(DruidDataSource.java:2797) [druid-1.1.10.jar:1.1.10]
	at com.alibaba.druid.pool.DruidDataSource$DestroyTask.run(DruidDataSource.java:2562) [druid-1.1.10.jar:1.1.10]
	at com.alibaba.druid.pool.DruidDataSource$DestroyConnectionThread.run(DruidDataSource.java:2549) [druid-1.1.10.jar:1.1.10]
Caused by: java.net.SocketException: Connection reset by peer: socket write error
	at java.net.SocketOutputStream.socketWrite0(Native Method) ~[?:1.8.0_221]
	at java.net.SocketOutputStream.socketWrite(SocketOutputStream.java:111) ~[?:1.8.0_221]
	at java.net.SocketOutputStream.write(SocketOutputStream.java:155) ~[?:1.8.0_221]
	at oracle.net.ns.DataPacket.send(DataPacket.java:210) ~[ojdbc6-11.2.0.4.jar:11.2.0.4.0]
	at oracle.net.ns.NetOutputStream.flush(NetOutputStream.java:230) ~[ojdbc6-11.2.0.4.jar:11.2.0.4.0]
	at oracle.net.ns.NetInputStream.getNextPacket(NetInputStream.java:321) ~[ojdbc6-11.2.0.4.jar:11.2.0.4.0]
	at oracle.net.ns.NetInputStream.read(NetInputStream.java:268) ~[ojdbc6-11.2.0.4.jar:11.2.0.4.0]
	at oracle.net.ns.NetInputStream.read(NetInputStream.java:190) ~[ojdbc6-11.2.0.4.jar:11.2.0.4.0]
	at oracle.net.ns.NetInputStream.read(NetInputStream.java:107) ~[ojdbc6-11.2.0.4.jar:11.2.0.4.0]
	at oracle.jdbc.driver.T4CSocketInputStreamWrapper.readNextPacket(T4CSocketInputStreamWrapper.java:124) ~[ojdbc6-11.2.0.4.jar:11.2.0.4.0]
	at oracle.jdbc.driver.T4CSocketInputStreamWrapper.read(T4CSocketInputStreamWrapper.java:80) ~[ojdbc6-11.2.0.4.jar:11.2.0.4.0]
	at oracle.jdbc.driver.T4CMAREngine.unmarshalUB1(T4CMAREngine.java:1137) ~[ojdbc6-11.2.0.4.jar:11.2.0.4.0]
	at oracle.jdbc.driver.T4CTTIfun.receive(T4CTTIfun.java:350) ~[ojdbc6-11.2.0.4.jar:11.2.0.4.0]
	at oracle.jdbc.driver.T4CTTIfun.doRPC(T4CTTIfun.java:227) ~[ojdbc6-11.2.0.4.jar:11.2.0.4.0]
	at oracle.jdbc.driver.T4C7Ocommoncall.doOLOGOFF(T4C7Ocommoncall.java:61) ~[ojdbc6-11.2.0.4.jar:11.2.0.4.0]
	at oracle.jdbc.driver.T4CConnection.logoff(T4CConnection.java:574) ~[ojdbc6-11.2.0.4.jar:11.2.0.4.0]
	... 9 more
[16:32:05:919] [ERROR] - com.alibaba.druid.util.JdbcUtils.close(JdbcUtils.java:75) - close connection error
java.sql.SQLRecoverableException: IO 错误: Connection reset by peer: socket write error
	at oracle.jdbc.driver.T4CConnection.logoff(T4CConnection.java:587) ~[ojdbc6-11.2.0.4.jar:11.2.0.4.0]
	at oracle.jdbc.driver.PhysicalConnection.close(PhysicalConnection.java:4011) ~[ojdbc6-11.2.0.4.jar:11.2.0.4.0]
	at com.alibaba.druid.filter.FilterChainImpl.connection_close(FilterChainImpl.java:186) ~[druid-1.1.10.jar:1.1.10]
	at com.alibaba.druid.filter.stat.StatFilter.connection_close(StatFilter.java:261) ~[druid-1.1.10.jar:1.1.10]
	at com.alibaba.druid.filter.FilterChainImpl.connection_close(FilterChainImpl.java:181) ~[druid-1.1.10.jar:1.1.10]
	at com.alibaba.druid.proxy.jdbc.ConnectionProxyImpl.close(ConnectionProxyImpl.java:115) ~[druid-1.1.10.jar:1.1.10]
	at com.alibaba.druid.util.JdbcUtils.close(JdbcUtils.java:73) [druid-1.1.10.jar:1.1.10]
	at com.alibaba.druid.pool.DruidDataSource.shrink(DruidDataSource.java:2797) [druid-1.1.10.jar:1.1.10]
	at com.alibaba.druid.pool.DruidDataSource$DestroyTask.run(DruidDataSource.java:2562) [druid-1.1.10.jar:1.1.10]
	at com.alibaba.druid.pool.DruidDataSource$DestroyConnectionThread.run(DruidDataSource.java:2549) [druid-1.1.10.jar:1.1.10]
Caused by: java.net.SocketException: Connection reset by peer: socket write error
	at java.net.SocketOutputStream.socketWrite0(Native Method) ~[?:1.8.0_221]
	at java.net.SocketOutputStream.socketWrite(SocketOutputStream.java:111) ~[?:1.8.0_221]
	at java.net.SocketOutputStream.write(SocketOutputStream.java:155) ~[?:1.8.0_221]
	at oracle.net.ns.DataPacket.send(DataPacket.java:210) ~[ojdbc6-11.2.0.4.jar:11.2.0.4.0]
	at oracle.net.ns.NetOutputStream.flush(NetOutputStream.java:230) ~[ojdbc6-11.2.0.4.jar:11.2.0.4.0]
	at oracle.net.ns.NetInputStream.getNextPacket(NetInputStream.java:321) ~[ojdbc6-11.2.0.4.jar:11.2.0.4.0]
	at oracle.net.ns.NetInputStream.read(NetInputStream.java:268) ~[ojdbc6-11.2.0.4.jar:11.2.0.4.0]
	at oracle.net.ns.NetInputStream.read(NetInputStream.java:190) ~[ojdbc6-11.2.0.4.jar:11.2.0.4.0]
	at oracle.net.ns.NetInputStream.read(NetInputStream.java:107) ~[ojdbc6-11.2.0.4.jar:11.2.0.4.0]
	at oracle.jdbc.driver.T4CSocketInputStreamWrapper.readNextPacket(T4CSocketInputStreamWrapper.java:124) ~[ojdbc6-11.2.0.4.jar:11.2.0.4.0]
	at oracle.jdbc.driver.T4CSocketInputStreamWrapper.read(T4CSocketInputStreamWrapper.java:80) ~[ojdbc6-11.2.0.4.jar:11.2.0.4.0]
	at oracle.jdbc.driver.T4CMAREngine.unmarshalUB1(T4CMAREngine.java:1137) ~[ojdbc6-11.2.0.4.jar:11.2.0.4.0]
	at oracle.jdbc.driver.T4CTTIfun.receive(T4CTTIfun.java:350) ~[ojdbc6-11.2.0.4.jar:11.2.0.4.0]
	at oracle.jdbc.driver.T4CTTIfun.doRPC(T4CTTIfun.java:227) ~[ojdbc6-11.2.0.4.jar:11.2.0.4.0]
	at oracle.jdbc.driver.T4C7Ocommoncall.doOLOGOFF(T4C7Ocommoncall.java:61) ~[ojdbc6-11.2.0.4.jar:11.2.0.4.0]
	at oracle.jdbc.driver.T4CConnection.logoff(T4CConnection.java:574) ~[ojdbc6-11.2.0.4.jar:11.2.0.4.0]
	... 9 more
[16:32:23:230] [WARN] - com.alibaba.druid.pool.DruidAbstractDataSource.setDriverClassName(DruidAbstractDataSource.java:1176) - oracle.jdbc.driver.OracleDriver is deprecated.Having use oracle.jdbc.OracleDriver.
[16:33:07:431] [WARN] - com.alibaba.druid.pool.DruidAbstractDataSource.setDriverClassName(DruidAbstractDataSource.java:1176) - oracle.jdbc.driver.OracleDriver is deprecated.Having use oracle.jdbc.OracleDriver.
[16:34:48:458] [ERROR] - org.apache.juli.logging.DirectJDKLog.log(DirectJDKLog.java:175) - Servlet.service() for servlet [dispatcherServlet] in context with path [] threw exception [Request processing failed; nested exception is org.springframework.jdbc.BadSqlGrammarException: StatementCallback; bad SQL grammar [select t1.phid,t1.pphid,t1.code,t1.cname, t2.msunit as msunit,t1.origin_qty as originQty, t1.origin_price as originPrice,t1.vat_price as vatPrice, t1.user_qzrgfdjws as qzrgfdjws,t1.user_qzrgfdjhs as qzrgfdjhs, t1.origin_amt as originAmt,t1.vat_amt as vatAmt,t1.character, t1.user_qzrgfjews as qzrgfjews,t1.user_qzrgfjehs as qzrgfjehs, ROUND(t1.Tax_Rate*100, 0,1) as TaxRate,t1.Tax_Amt as TaxAmt, t1.user_jlgz as jlgz,t1.user_gznr as gznr, t1.user_clgyjpp as clgyjpp,t3.cbs_code as cbs, t1.user_mbcbze as mbcbze,t1.user_mbcbye as mbcbye, t1.remarks,t1.USER_JJSJKID as jjsjkId from pms3_fb_subj_d t1  left join MSUNIT t2 on t2.phid = t1.phid_unit left join bd_cbs t3 on t3.phid = t1.phid_cbs where pphid = '156210121000002']; nested exception is java.sql.SQLSyntaxErrorException: ORA-00939: 函数的参数过多
] with root cause
java.sql.SQLSyntaxErrorException: ORA-00939: 函数的参数过多

	at oracle.jdbc.driver.T4CTTIoer.processError(T4CTTIoer.java:447) ~[ojdbc6-11.2.0.4.jar:11.2.0.4.0]
	at oracle.jdbc.driver.T4CTTIoer.processError(T4CTTIoer.java:396) ~[ojdbc6-11.2.0.4.jar:11.2.0.4.0]
	at oracle.jdbc.driver.T4C8Oall.processError(T4C8Oall.java:951) ~[ojdbc6-11.2.0.4.jar:11.2.0.4.0]
	at oracle.jdbc.driver.T4CTTIfun.receive(T4CTTIfun.java:513) ~[ojdbc6-11.2.0.4.jar:11.2.0.4.0]
	at oracle.jdbc.driver.T4CTTIfun.doRPC(T4CTTIfun.java:227) ~[ojdbc6-11.2.0.4.jar:11.2.0.4.0]
	at oracle.jdbc.driver.T4C8Oall.doOALL(T4C8Oall.java:531) ~[ojdbc6-11.2.0.4.jar:11.2.0.4.0]
	at oracle.jdbc.driver.T4CStatement.doOall8(T4CStatement.java:195) ~[ojdbc6-11.2.0.4.jar:11.2.0.4.0]
	at oracle.jdbc.driver.T4CStatement.executeForDescribe(T4CStatement.java:876) ~[ojdbc6-11.2.0.4.jar:11.2.0.4.0]
	at oracle.jdbc.driver.OracleStatement.executeMaybeDescribe(OracleStatement.java:1175) ~[ojdbc6-11.2.0.4.jar:11.2.0.4.0]
	at oracle.jdbc.driver.OracleStatement.doExecuteWithTimeout(OracleStatement.java:1296) ~[ojdbc6-11.2.0.4.jar:11.2.0.4.0]
	at oracle.jdbc.driver.OracleStatement.executeQuery(OracleStatement.java:1498) ~[ojdbc6-11.2.0.4.jar:11.2.0.4.0]
	at oracle.jdbc.driver.OracleStatementWrapper.executeQuery(OracleStatementWrapper.java:406) ~[ojdbc6-11.2.0.4.jar:11.2.0.4.0]
	at com.alibaba.druid.filter.FilterChainImpl.statement_executeQuery(FilterChainImpl.java:2831) ~[druid-1.1.10.jar:1.1.10]
	at com.alibaba.druid.filter.FilterAdapter.statement_executeQuery(FilterAdapter.java:2503) ~[druid-1.1.10.jar:1.1.10]
	at com.alibaba.druid.filter.FilterEventAdapter.statement_executeQuery(FilterEventAdapter.java:302) ~[druid-1.1.10.jar:1.1.10]
	at com.alibaba.druid.filter.FilterChainImpl.statement_executeQuery(FilterChainImpl.java:2828) ~[druid-1.1.10.jar:1.1.10]
	at com.alibaba.druid.proxy.jdbc.StatementProxyImpl.executeQuery(StatementProxyImpl.java:221) ~[druid-1.1.10.jar:1.1.10]
	at com.alibaba.druid.pool.DruidPooledStatement.executeQuery(DruidPooledStatement.java:291) ~[druid-1.1.10.jar:1.1.10]
	at org.springframework.jdbc.core.JdbcTemplate$1QueryStatementCallback.doInStatement(JdbcTemplate.java:439) ~[spring-jdbc-5.2.8.RELEASE.jar:5.2.8.RELEASE]
	at org.springframework.jdbc.core.JdbcTemplate.execute(JdbcTemplate.java:376) ~[spring-jdbc-5.2.8.RELEASE.jar:5.2.8.RELEASE]
	at org.springframework.jdbc.core.JdbcTemplate.query(JdbcTemplate.java:452) ~[spring-jdbc-5.2.8.RELEASE.jar:5.2.8.RELEASE]
	at org.springframework.jdbc.core.JdbcTemplate.query(JdbcTemplate.java:462) ~[spring-jdbc-5.2.8.RELEASE.jar:5.2.8.RELEASE]
	at com.newgrand.controller.YSYJ.FbSubController.syncProCount(FbSubController.java:65) ~[classes/:?]
	at sun.reflect.NativeMethodAccessorImpl.invoke0(Native Method) ~[?:1.8.0_221]
	at sun.reflect.NativeMethodAccessorImpl.invoke(NativeMethodAccessorImpl.java:62) ~[?:1.8.0_221]
	at sun.reflect.DelegatingMethodAccessorImpl.invoke(DelegatingMethodAccessorImpl.java:43) ~[?:1.8.0_221]
	at java.lang.reflect.Method.invoke(Method.java:498) ~[?:1.8.0_221]
	at org.springframework.web.method.support.InvocableHandlerMethod.doInvoke(InvocableHandlerMethod.java:190) ~[spring-web-5.2.8.RELEASE.jar:5.2.8.RELEASE]
	at org.springframework.web.method.support.InvocableHandlerMethod.invokeForRequest(InvocableHandlerMethod.java:138) ~[spring-web-5.2.8.RELEASE.jar:5.2.8.RELEASE]
	at org.springframework.web.servlet.mvc.method.annotation.ServletInvocableHandlerMethod.invokeAndHandle(ServletInvocableHandlerMethod.java:105) ~[spring-webmvc-5.2.8.RELEASE.jar:5.2.8.RELEASE]
	at org.springframework.web.servlet.mvc.method.annotation.RequestMappingHandlerAdapter.invokeHandlerMethod(RequestMappingHandlerAdapter.java:878) ~[spring-webmvc-5.2.8.RELEASE.jar:5.2.8.RELEASE]
	at org.springframework.web.servlet.mvc.method.annotation.RequestMappingHandlerAdapter.handleInternal(RequestMappingHandlerAdapter.java:792) ~[spring-webmvc-5.2.8.RELEASE.jar:5.2.8.RELEASE]
	at org.springframework.web.servlet.mvc.method.AbstractHandlerMethodAdapter.handle(AbstractHandlerMethodAdapter.java:87) ~[spring-webmvc-5.2.8.RELEASE.jar:5.2.8.RELEASE]
	at org.springframework.web.servlet.DispatcherServlet.doDispatch(DispatcherServlet.java:1040) ~[spring-webmvc-5.2.8.RELEASE.jar:5.2.8.RELEASE]
	at org.springframework.web.servlet.DispatcherServlet.doService(DispatcherServlet.java:943) ~[spring-webmvc-5.2.8.RELEASE.jar:5.2.8.RELEASE]
	at org.springframework.web.servlet.FrameworkServlet.processRequest(FrameworkServlet.java:1006) ~[spring-webmvc-5.2.8.RELEASE.jar:5.2.8.RELEASE]
	at org.springframework.web.servlet.FrameworkServlet.doPost(FrameworkServlet.java:909) ~[spring-webmvc-5.2.8.RELEASE.jar:5.2.8.RELEASE]
	at javax.servlet.http.HttpServlet.service(HttpServlet.java:652) ~[tomcat-embed-core-9.0.37.jar:4.0.FR]
	at org.springframework.web.servlet.FrameworkServlet.service(FrameworkServlet.java:883) ~[spring-webmvc-5.2.8.RELEASE.jar:5.2.8.RELEASE]
	at javax.servlet.http.HttpServlet.service(HttpServlet.java:733) ~[tomcat-embed-core-9.0.37.jar:4.0.FR]
	at org.apache.catalina.core.ApplicationFilterChain.internalDoFilter(ApplicationFilterChain.java:231) ~[tomcat-embed-core-9.0.37.jar:9.0.37]
	at org.apache.catalina.core.ApplicationFilterChain.doFilter(ApplicationFilterChain.java:166) ~[tomcat-embed-core-9.0.37.jar:9.0.37]
	at org.apache.tomcat.websocket.server.WsFilter.doFilter(WsFilter.java:53) ~[tomcat-embed-websocket-9.0.37.jar:9.0.37]
	at org.apache.catalina.core.ApplicationFilterChain.internalDoFilter(ApplicationFilterChain.java:193) ~[tomcat-embed-core-9.0.37.jar:9.0.37]
	at org.apache.catalina.core.ApplicationFilterChain.doFilter(ApplicationFilterChain.java:166) ~[tomcat-embed-core-9.0.37.jar:9.0.37]
	at com.alibaba.druid.support.http.WebStatFilter.doFilter(WebStatFilter.java:123) ~[druid-1.1.10.jar:1.1.10]
	at org.apache.catalina.core.ApplicationFilterChain.internalDoFilter(ApplicationFilterChain.java:193) ~[tomcat-embed-core-9.0.37.jar:9.0.37]
	at org.apache.catalina.core.ApplicationFilterChain.doFilter(ApplicationFilterChain.java:166) ~[tomcat-embed-core-9.0.37.jar:9.0.37]
	at org.springframework.web.filter.RequestContextFilter.doFilterInternal(RequestContextFilter.java:100) ~[spring-web-5.2.8.RELEASE.jar:5.2.8.RELEASE]
	at org.springframework.web.filter.OncePerRequestFilter.doFilter(OncePerRequestFilter.java:119) ~[spring-web-5.2.8.RELEASE.jar:5.2.8.RELEASE]
	at org.apache.catalina.core.ApplicationFilterChain.internalDoFilter(ApplicationFilterChain.java:193) ~[tomcat-embed-core-9.0.37.jar:9.0.37]
	at org.apache.catalina.core.ApplicationFilterChain.doFilter(ApplicationFilterChain.java:166) ~[tomcat-embed-core-9.0.37.jar:9.0.37]
	at org.springframework.web.filter.FormContentFilter.doFilterInternal(FormContentFilter.java:93) ~[spring-web-5.2.8.RELEASE.jar:5.2.8.RELEASE]
	at org.springframework.web.filter.OncePerRequestFilter.doFilter(OncePerRequestFilter.java:119) ~[spring-web-5.2.8.RELEASE.jar:5.2.8.RELEASE]
	at org.apache.catalina.core.ApplicationFilterChain.internalDoFilter(ApplicationFilterChain.java:193) ~[tomcat-embed-core-9.0.37.jar:9.0.37]
	at org.apache.catalina.core.ApplicationFilterChain.doFilter(ApplicationFilterChain.java:166) ~[tomcat-embed-core-9.0.37.jar:9.0.37]
	at org.springframework.web.filter.CharacterEncodingFilter.doFilterInternal(CharacterEncodingFilter.java:201) ~[spring-web-5.2.8.RELEASE.jar:5.2.8.RELEASE]
	at org.springframework.web.filter.OncePerRequestFilter.doFilter(OncePerRequestFilter.java:119) ~[spring-web-5.2.8.RELEASE.jar:5.2.8.RELEASE]
	at org.apache.catalina.core.ApplicationFilterChain.internalDoFilter(ApplicationFilterChain.java:193) ~[tomcat-embed-core-9.0.37.jar:9.0.37]
	at org.apache.catalina.core.ApplicationFilterChain.doFilter(ApplicationFilterChain.java:166) ~[tomcat-embed-core-9.0.37.jar:9.0.37]
	at org.apache.catalina.core.StandardWrapperValve.invoke(StandardWrapperValve.java:202) [tomcat-embed-core-9.0.37.jar:9.0.37]
	at org.apache.catalina.core.StandardContextValve.invoke(StandardContextValve.java:96) [tomcat-embed-core-9.0.37.jar:9.0.37]
	at org.apache.catalina.authenticator.AuthenticatorBase.invoke(AuthenticatorBase.java:541) [tomcat-embed-core-9.0.37.jar:9.0.37]
	at org.apache.catalina.core.StandardHostValve.invoke(StandardHostValve.java:139) [tomcat-embed-core-9.0.37.jar:9.0.37]
	at org.apache.catalina.valves.ErrorReportValve.invoke(ErrorReportValve.java:92) [tomcat-embed-core-9.0.37.jar:9.0.37]
	at org.apache.catalina.core.StandardEngineValve.invoke(StandardEngineValve.java:74) [tomcat-embed-core-9.0.37.jar:9.0.37]
	at org.apache.catalina.connector.CoyoteAdapter.service(CoyoteAdapter.java:343) [tomcat-embed-core-9.0.37.jar:9.0.37]
	at org.apache.coyote.http11.Http11Processor.service(Http11Processor.java:373) [tomcat-embed-core-9.0.37.jar:9.0.37]
	at org.apache.coyote.AbstractProcessorLight.process(AbstractProcessorLight.java:65) [tomcat-embed-core-9.0.37.jar:9.0.37]
	at org.apache.coyote.AbstractProtocol$ConnectionHandler.process(AbstractProtocol.java:868) [tomcat-embed-core-9.0.37.jar:9.0.37]
	at org.apache.tomcat.util.net.NioEndpoint$SocketProcessor.doRun(NioEndpoint.java:1589) [tomcat-embed-core-9.0.37.jar:9.0.37]
	at org.apache.tomcat.util.net.SocketProcessorBase.run(SocketProcessorBase.java:49) [tomcat-embed-core-9.0.37.jar:9.0.37]
	at java.util.concurrent.ThreadPoolExecutor.runWorker(ThreadPoolExecutor.java:1149) [?:1.8.0_221]
	at java.util.concurrent.ThreadPoolExecutor$Worker.run(ThreadPoolExecutor.java:624) [?:1.8.0_221]
	at org.apache.tomcat.util.threads.TaskThread$WrappingRunnable.run(TaskThread.java:61) [tomcat-embed-core-9.0.37.jar:9.0.37]
	at java.lang.Thread.run(Thread.java:748) [?:1.8.0_221]
[16:36:32:003] [ERROR] - org.apache.juli.logging.DirectJDKLog.log(DirectJDKLog.java:175) - Servlet.service() for servlet [dispatcherServlet] in context with path [] threw exception [Request processing failed; nested exception is org.springframework.jdbc.BadSqlGrammarException: StatementCallback; bad SQL grammar [select t1.phid,t1.pphid,t1.code,t1.cname, t2.msunit as msunit,t1.origin_qty as originQty, t1.origin_price as originPrice,t1.vat_price as vatPrice, t1.user_qzrgfdjws as qzrgfdjws,t1.user_qzrgfdjhs as qzrgfdjhs, t1.origin_amt as originAmt,t1.vat_amt as vatAmt,t1.character, t1.user_qzrgfjews as qzrgfjews,t1.user_qzrgfjehs as qzrgfjehs, ROUND(t1.Tax_Rate*100, 0,1) as TaxRate,t1.Tax_Amt as TaxAmt, t1.user_jlgz as jlgz,t1.user_gznr as gznr, t1.user_clgyjpp as clgyjpp,t3.cbs_code as cbs, t1.user_mbcbze as mbcbze,t1.user_mbcbye as mbcbye, t1.remarks,t1.USER_JJSJKID as jjsjkId from pms3_fb_subj_d t1  left join MSUNIT t2 on t2.phid = t1.phid_unit left join bd_cbs t3 on t3.phid = t1.phid_cbs where pphid = '156210121000002']; nested exception is java.sql.SQLSyntaxErrorException: ORA-00939: 函数的参数过多
] with root cause
java.sql.SQLSyntaxErrorException: ORA-00939: 函数的参数过多

	at oracle.jdbc.driver.T4CTTIoer.processError(T4CTTIoer.java:447) ~[ojdbc6-11.2.0.4.jar:11.2.0.4.0]
	at oracle.jdbc.driver.T4CTTIoer.processError(T4CTTIoer.java:396) ~[ojdbc6-11.2.0.4.jar:11.2.0.4.0]
	at oracle.jdbc.driver.T4C8Oall.processError(T4C8Oall.java:951) ~[ojdbc6-11.2.0.4.jar:11.2.0.4.0]
	at oracle.jdbc.driver.T4CTTIfun.receive(T4CTTIfun.java:513) ~[ojdbc6-11.2.0.4.jar:11.2.0.4.0]
	at oracle.jdbc.driver.T4CTTIfun.doRPC(T4CTTIfun.java:227) ~[ojdbc6-11.2.0.4.jar:11.2.0.4.0]
	at oracle.jdbc.driver.T4C8Oall.doOALL(T4C8Oall.java:531) ~[ojdbc6-11.2.0.4.jar:11.2.0.4.0]
	at oracle.jdbc.driver.T4CStatement.doOall8(T4CStatement.java:195) ~[ojdbc6-11.2.0.4.jar:11.2.0.4.0]
	at oracle.jdbc.driver.T4CStatement.executeForDescribe(T4CStatement.java:876) ~[ojdbc6-11.2.0.4.jar:11.2.0.4.0]
	at oracle.jdbc.driver.OracleStatement.executeMaybeDescribe(OracleStatement.java:1175) ~[ojdbc6-11.2.0.4.jar:11.2.0.4.0]
	at oracle.jdbc.driver.OracleStatement.doExecuteWithTimeout(OracleStatement.java:1296) ~[ojdbc6-11.2.0.4.jar:11.2.0.4.0]
	at oracle.jdbc.driver.OracleStatement.executeQuery(OracleStatement.java:1498) ~[ojdbc6-11.2.0.4.jar:11.2.0.4.0]
	at oracle.jdbc.driver.OracleStatementWrapper.executeQuery(OracleStatementWrapper.java:406) ~[ojdbc6-11.2.0.4.jar:11.2.0.4.0]
	at com.alibaba.druid.filter.FilterChainImpl.statement_executeQuery(FilterChainImpl.java:2831) ~[druid-1.1.10.jar:1.1.10]
	at com.alibaba.druid.filter.FilterAdapter.statement_executeQuery(FilterAdapter.java:2503) ~[druid-1.1.10.jar:1.1.10]
	at com.alibaba.druid.filter.FilterEventAdapter.statement_executeQuery(FilterEventAdapter.java:302) ~[druid-1.1.10.jar:1.1.10]
	at com.alibaba.druid.filter.FilterChainImpl.statement_executeQuery(FilterChainImpl.java:2828) ~[druid-1.1.10.jar:1.1.10]
	at com.alibaba.druid.proxy.jdbc.StatementProxyImpl.executeQuery(StatementProxyImpl.java:221) ~[druid-1.1.10.jar:1.1.10]
	at com.alibaba.druid.pool.DruidPooledStatement.executeQuery(DruidPooledStatement.java:291) ~[druid-1.1.10.jar:1.1.10]
	at org.springframework.jdbc.core.JdbcTemplate$1QueryStatementCallback.doInStatement(JdbcTemplate.java:439) ~[spring-jdbc-5.2.8.RELEASE.jar:5.2.8.RELEASE]
	at org.springframework.jdbc.core.JdbcTemplate.execute(JdbcTemplate.java:376) ~[spring-jdbc-5.2.8.RELEASE.jar:5.2.8.RELEASE]
	at org.springframework.jdbc.core.JdbcTemplate.query(JdbcTemplate.java:452) ~[spring-jdbc-5.2.8.RELEASE.jar:5.2.8.RELEASE]
	at org.springframework.jdbc.core.JdbcTemplate.query(JdbcTemplate.java:462) ~[spring-jdbc-5.2.8.RELEASE.jar:5.2.8.RELEASE]
	at com.newgrand.controller.YSYJ.FbSubController.syncProCount(FbSubController.java:65) ~[classes/:?]
	at sun.reflect.NativeMethodAccessorImpl.invoke0(Native Method) ~[?:1.8.0_221]
	at sun.reflect.NativeMethodAccessorImpl.invoke(NativeMethodAccessorImpl.java:62) ~[?:1.8.0_221]
	at sun.reflect.DelegatingMethodAccessorImpl.invoke(DelegatingMethodAccessorImpl.java:43) ~[?:1.8.0_221]
	at java.lang.reflect.Method.invoke(Method.java:498) ~[?:1.8.0_221]
	at org.springframework.web.method.support.InvocableHandlerMethod.doInvoke(InvocableHandlerMethod.java:190) ~[spring-web-5.2.8.RELEASE.jar:5.2.8.RELEASE]
	at org.springframework.web.method.support.InvocableHandlerMethod.invokeForRequest(InvocableHandlerMethod.java:138) ~[spring-web-5.2.8.RELEASE.jar:5.2.8.RELEASE]
	at org.springframework.web.servlet.mvc.method.annotation.ServletInvocableHandlerMethod.invokeAndHandle(ServletInvocableHandlerMethod.java:105) ~[spring-webmvc-5.2.8.RELEASE.jar:5.2.8.RELEASE]
	at org.springframework.web.servlet.mvc.method.annotation.RequestMappingHandlerAdapter.invokeHandlerMethod(RequestMappingHandlerAdapter.java:878) ~[spring-webmvc-5.2.8.RELEASE.jar:5.2.8.RELEASE]
	at org.springframework.web.servlet.mvc.method.annotation.RequestMappingHandlerAdapter.handleInternal(RequestMappingHandlerAdapter.java:792) ~[spring-webmvc-5.2.8.RELEASE.jar:5.2.8.RELEASE]
	at org.springframework.web.servlet.mvc.method.AbstractHandlerMethodAdapter.handle(AbstractHandlerMethodAdapter.java:87) ~[spring-webmvc-5.2.8.RELEASE.jar:5.2.8.RELEASE]
	at org.springframework.web.servlet.DispatcherServlet.doDispatch(DispatcherServlet.java:1040) ~[spring-webmvc-5.2.8.RELEASE.jar:5.2.8.RELEASE]
	at org.springframework.web.servlet.DispatcherServlet.doService(DispatcherServlet.java:943) ~[spring-webmvc-5.2.8.RELEASE.jar:5.2.8.RELEASE]
	at org.springframework.web.servlet.FrameworkServlet.processRequest(FrameworkServlet.java:1006) ~[spring-webmvc-5.2.8.RELEASE.jar:5.2.8.RELEASE]
	at org.springframework.web.servlet.FrameworkServlet.doPost(FrameworkServlet.java:909) ~[spring-webmvc-5.2.8.RELEASE.jar:5.2.8.RELEASE]
	at javax.servlet.http.HttpServlet.service(HttpServlet.java:652) ~[tomcat-embed-core-9.0.37.jar:4.0.FR]
	at org.springframework.web.servlet.FrameworkServlet.service(FrameworkServlet.java:883) ~[spring-webmvc-5.2.8.RELEASE.jar:5.2.8.RELEASE]
	at javax.servlet.http.HttpServlet.service(HttpServlet.java:733) ~[tomcat-embed-core-9.0.37.jar:4.0.FR]
	at org.apache.catalina.core.ApplicationFilterChain.internalDoFilter(ApplicationFilterChain.java:231) ~[tomcat-embed-core-9.0.37.jar:9.0.37]
	at org.apache.catalina.core.ApplicationFilterChain.doFilter(ApplicationFilterChain.java:166) ~[tomcat-embed-core-9.0.37.jar:9.0.37]
	at org.apache.tomcat.websocket.server.WsFilter.doFilter(WsFilter.java:53) ~[tomcat-embed-websocket-9.0.37.jar:9.0.37]
	at org.apache.catalina.core.ApplicationFilterChain.internalDoFilter(ApplicationFilterChain.java:193) ~[tomcat-embed-core-9.0.37.jar:9.0.37]
	at org.apache.catalina.core.ApplicationFilterChain.doFilter(ApplicationFilterChain.java:166) ~[tomcat-embed-core-9.0.37.jar:9.0.37]
	at com.alibaba.druid.support.http.WebStatFilter.doFilter(WebStatFilter.java:123) ~[druid-1.1.10.jar:1.1.10]
	at org.apache.catalina.core.ApplicationFilterChain.internalDoFilter(ApplicationFilterChain.java:193) ~[tomcat-embed-core-9.0.37.jar:9.0.37]
	at org.apache.catalina.core.ApplicationFilterChain.doFilter(ApplicationFilterChain.java:166) ~[tomcat-embed-core-9.0.37.jar:9.0.37]
	at org.springframework.web.filter.RequestContextFilter.doFilterInternal(RequestContextFilter.java:100) ~[spring-web-5.2.8.RELEASE.jar:5.2.8.RELEASE]
	at org.springframework.web.filter.OncePerRequestFilter.doFilter(OncePerRequestFilter.java:119) ~[spring-web-5.2.8.RELEASE.jar:5.2.8.RELEASE]
	at org.apache.catalina.core.ApplicationFilterChain.internalDoFilter(ApplicationFilterChain.java:193) ~[tomcat-embed-core-9.0.37.jar:9.0.37]
	at org.apache.catalina.core.ApplicationFilterChain.doFilter(ApplicationFilterChain.java:166) ~[tomcat-embed-core-9.0.37.jar:9.0.37]
	at org.springframework.web.filter.FormContentFilter.doFilterInternal(FormContentFilter.java:93) ~[spring-web-5.2.8.RELEASE.jar:5.2.8.RELEASE]
	at org.springframework.web.filter.OncePerRequestFilter.doFilter(OncePerRequestFilter.java:119) ~[spring-web-5.2.8.RELEASE.jar:5.2.8.RELEASE]
	at org.apache.catalina.core.ApplicationFilterChain.internalDoFilter(ApplicationFilterChain.java:193) ~[tomcat-embed-core-9.0.37.jar:9.0.37]
	at org.apache.catalina.core.ApplicationFilterChain.doFilter(ApplicationFilterChain.java:166) ~[tomcat-embed-core-9.0.37.jar:9.0.37]
	at org.springframework.web.filter.CharacterEncodingFilter.doFilterInternal(CharacterEncodingFilter.java:201) ~[spring-web-5.2.8.RELEASE.jar:5.2.8.RELEASE]
	at org.springframework.web.filter.OncePerRequestFilter.doFilter(OncePerRequestFilter.java:119) ~[spring-web-5.2.8.RELEASE.jar:5.2.8.RELEASE]
	at org.apache.catalina.core.ApplicationFilterChain.internalDoFilter(ApplicationFilterChain.java:193) ~[tomcat-embed-core-9.0.37.jar:9.0.37]
	at org.apache.catalina.core.ApplicationFilterChain.doFilter(ApplicationFilterChain.java:166) ~[tomcat-embed-core-9.0.37.jar:9.0.37]
	at org.apache.catalina.core.StandardWrapperValve.invoke(StandardWrapperValve.java:202) [tomcat-embed-core-9.0.37.jar:9.0.37]
	at org.apache.catalina.core.StandardContextValve.invoke(StandardContextValve.java:96) [tomcat-embed-core-9.0.37.jar:9.0.37]
	at org.apache.catalina.authenticator.AuthenticatorBase.invoke(AuthenticatorBase.java:541) [tomcat-embed-core-9.0.37.jar:9.0.37]
	at org.apache.catalina.core.StandardHostValve.invoke(StandardHostValve.java:139) [tomcat-embed-core-9.0.37.jar:9.0.37]
	at org.apache.catalina.valves.ErrorReportValve.invoke(ErrorReportValve.java:92) [tomcat-embed-core-9.0.37.jar:9.0.37]
	at org.apache.catalina.core.StandardEngineValve.invoke(StandardEngineValve.java:74) [tomcat-embed-core-9.0.37.jar:9.0.37]
	at org.apache.catalina.connector.CoyoteAdapter.service(CoyoteAdapter.java:343) [tomcat-embed-core-9.0.37.jar:9.0.37]
	at org.apache.coyote.http11.Http11Processor.service(Http11Processor.java:373) [tomcat-embed-core-9.0.37.jar:9.0.37]
	at org.apache.coyote.AbstractProcessorLight.process(AbstractProcessorLight.java:65) [tomcat-embed-core-9.0.37.jar:9.0.37]
	at org.apache.coyote.AbstractProtocol$ConnectionHandler.process(AbstractProtocol.java:868) [tomcat-embed-core-9.0.37.jar:9.0.37]
	at org.apache.tomcat.util.net.NioEndpoint$SocketProcessor.doRun(NioEndpoint.java:1589) [tomcat-embed-core-9.0.37.jar:9.0.37]
	at org.apache.tomcat.util.net.SocketProcessorBase.run(SocketProcessorBase.java:49) [tomcat-embed-core-9.0.37.jar:9.0.37]
	at java.util.concurrent.ThreadPoolExecutor.runWorker(ThreadPoolExecutor.java:1149) [?:1.8.0_221]
	at java.util.concurrent.ThreadPoolExecutor$Worker.run(ThreadPoolExecutor.java:624) [?:1.8.0_221]
	at org.apache.tomcat.util.threads.TaskThread$WrappingRunnable.run(TaskThread.java:61) [tomcat-embed-core-9.0.37.jar:9.0.37]
	at java.lang.Thread.run(Thread.java:748) [?:1.8.0_221]
[16:39:36:139] [WARN] - com.alibaba.druid.pool.DruidAbstractDataSource.setDriverClassName(DruidAbstractDataSource.java:1176) - oracle.jdbc.driver.OracleDriver is deprecated.Having use oracle.jdbc.OracleDriver.
[16:40:07:575] [WARN] - com.alibaba.druid.pool.DruidAbstractDataSource.setDriverClassName(DruidAbstractDataSource.java:1176) - oracle.jdbc.driver.OracleDriver is deprecated.Having use oracle.jdbc.OracleDriver.
