[09:09:31:647] [ERROR] - LMRequestHelper.Token(LMRequestHelper.java:229) - 铝模系统token获取异常，原因 = Connect to 106.13.120.58:8899 [/106.13.120.58] failed: Connection refused: connect
[09:11:32:951] [ERROR] - LMRequestHelper.Token(LMRequestHelper.java:229) - 铝模系统token获取异常，原因 = Connect to 106.13.120.58:8899 [/106.13.120.58] failed: Connection refused: connect
[09:12:05:923] [ERROR] - LMRequestHelper.Token(LMRequestHelper.java:229) - 铝模系统token获取异常，原因 = Connect to 106.13.120.58:8899 [/106.13.120.58] failed: Connection refused: connect
[09:12:50:269] [ERROR] - LMRequestHelper.Token(LMRequestHelper.java:229) - 铝模系统token获取异常，原因 = Connect to 106.13.120.58:8899 [/106.13.120.58] failed: Connection refused: connect
[09:13:49:381] [ERROR] - LMRequestHelper.Token(LMRequestHelper.java:229) - 铝模系统token获取异常，原因 = Connect to 106.13.120.58:8899 [/106.13.120.58] failed: Connection refused: connect
[13:52:01:469] [ERROR] - ZCCntMController.sendFBInfo(ZCCntMController.java:116) - StatementCallback; bad SQL grammar [select
T1.phid,
T2.cname as jBR,
T1.bill_no as hTBM,
T1.cnt_org_sum_vat_fc as cntMoney,
T1.title,
'' as contractPrice,
T1.user_jbbm as deptId,T3.oname as deptName,
T1.remarks,
T4.compname as recComp,senemp as recEmp,user_yfdblxfs as recLink,
T5.compname as senComp,phid_senemp as senEmp,user_jfdblxfs as senLink,
T6.pc_no as projectId,T6.project_name as projectName,T1.signDt,
T1.user_ygmbsymj as estimateArea,
T1.user_ygzhntjcmj as estimateAllBetonArea,
T1.user_mbyjsycs as estimateTemplateTier
from pcm3_cnt_m T1
left join hr_epm_main T2 on T2.phid = T1.user_jbr
left join fg_orglist T3 on T3.phid = T1.user_jbbm
left join fg3_enterprise T4 on T4.phid = T1.phid_reccomp
left join fg3_enterprise T5 on T5.phid = T1.phid_sencomp 
left join project_table T6 on T6.phid = T1.phid_pc
where T1.bill_type = '11' T1.phid = 635201217000004]; nested exception is java.sql.SQLSyntaxErrorException: ORA-00933: SQL 命令未正确结束

[13:53:47:546] [ERROR] - ZCCntMController.sendFBInfo(ZCCntMController.java:117) - StatementCallback; bad SQL grammar [select
T1.phid,
T2.cname as jBR,
T1.bill_no as hTBM,
T1.cnt_org_sum_vat_fc as cntMoney,
T1.title,
'' as contractPrice,
T1.user_jbbm as deptId,T3.oname as deptName,
T1.remarks,
T4.compname as recComp,senemp as recEmp,user_yfdblxfs as recLink,
T5.compname as senComp,phid_senemp as senEmp,user_jfdblxfs as senLink,
T6.pc_no as projectId,T6.project_name as projectName,T1.signDt,
T1.user_ygmbsymj as estimateArea,
T1.user_ygzhntjcmj as estimateAllBetonArea,
T1.user_mbyjsycs as estimateTemplateTier
from pcm3_cnt_m T1
left join hr_epm_main T2 on T2.phid = T1.user_jbr
left join fg_orglist T3 on T3.phid = T1.user_jbbm
left join fg3_enterprise T4 on T4.phid = T1.phid_reccomp
left join fg3_enterprise T5 on T5.phid = T1.phid_sencomp 
left join project_table T6 on T6.phid = T1.phid_pc
where T1.bill_type = '11' T1.phid = '635201217000004']; nested exception is java.sql.SQLSyntaxErrorException: ORA-00933: SQL 命令未正确结束

[14:25:05:062] [ERROR] - com.alibaba.druid.util.JdbcUtils.close(JdbcUtils.java:75) - close connection error
java.sql.SQLRecoverableException: IO 错误: Connection reset by peer: socket write error
	at oracle.jdbc.driver.T4CConnection.logoff(T4CConnection.java:587) ~[ojdbc6-11.2.0.4.jar:11.2.0.4.0]
	at oracle.jdbc.driver.PhysicalConnection.close(PhysicalConnection.java:4011) ~[ojdbc6-11.2.0.4.jar:11.2.0.4.0]
	at com.alibaba.druid.filter.FilterChainImpl.connection_close(FilterChainImpl.java:186) ~[druid-1.1.10.jar:1.1.10]
	at com.alibaba.druid.filter.stat.StatFilter.connection_close(StatFilter.java:261) ~[druid-1.1.10.jar:1.1.10]
	at com.alibaba.druid.filter.FilterChainImpl.connection_close(FilterChainImpl.java:181) ~[druid-1.1.10.jar:1.1.10]
	at com.alibaba.druid.proxy.jdbc.ConnectionProxyImpl.close(ConnectionProxyImpl.java:115) ~[druid-1.1.10.jar:1.1.10]
	at com.alibaba.druid.util.JdbcUtils.close(JdbcUtils.java:73) [druid-1.1.10.jar:1.1.10]
	at com.alibaba.druid.pool.DruidDataSource.shrink(DruidDataSource.java:2797) [druid-1.1.10.jar:1.1.10]
	at com.alibaba.druid.pool.DruidDataSource$DestroyTask.run(DruidDataSource.java:2562) [druid-1.1.10.jar:1.1.10]
	at com.alibaba.druid.pool.DruidDataSource$DestroyConnectionThread.run(DruidDataSource.java:2549) [druid-1.1.10.jar:1.1.10]
Caused by: java.net.SocketException: Connection reset by peer: socket write error
	at java.net.SocketOutputStream.socketWrite0(Native Method) ~[?:1.8.0_221]
	at java.net.SocketOutputStream.socketWrite(SocketOutputStream.java:111) ~[?:1.8.0_221]
	at java.net.SocketOutputStream.write(SocketOutputStream.java:155) ~[?:1.8.0_221]
	at oracle.net.ns.DataPacket.send(DataPacket.java:210) ~[ojdbc6-11.2.0.4.jar:11.2.0.4.0]
	at oracle.net.ns.NetOutputStream.flush(NetOutputStream.java:230) ~[ojdbc6-11.2.0.4.jar:11.2.0.4.0]
	at oracle.net.ns.NetInputStream.getNextPacket(NetInputStream.java:321) ~[ojdbc6-11.2.0.4.jar:11.2.0.4.0]
	at oracle.net.ns.NetInputStream.read(NetInputStream.java:268) ~[ojdbc6-11.2.0.4.jar:11.2.0.4.0]
	at oracle.net.ns.NetInputStream.read(NetInputStream.java:190) ~[ojdbc6-11.2.0.4.jar:11.2.0.4.0]
	at oracle.net.ns.NetInputStream.read(NetInputStream.java:107) ~[ojdbc6-11.2.0.4.jar:11.2.0.4.0]
	at oracle.jdbc.driver.T4CSocketInputStreamWrapper.readNextPacket(T4CSocketInputStreamWrapper.java:124) ~[ojdbc6-11.2.0.4.jar:11.2.0.4.0]
	at oracle.jdbc.driver.T4CSocketInputStreamWrapper.read(T4CSocketInputStreamWrapper.java:80) ~[ojdbc6-11.2.0.4.jar:11.2.0.4.0]
	at oracle.jdbc.driver.T4CMAREngine.unmarshalUB1(T4CMAREngine.java:1137) ~[ojdbc6-11.2.0.4.jar:11.2.0.4.0]
	at oracle.jdbc.driver.T4CTTIfun.receive(T4CTTIfun.java:350) ~[ojdbc6-11.2.0.4.jar:11.2.0.4.0]
	at oracle.jdbc.driver.T4CTTIfun.doRPC(T4CTTIfun.java:227) ~[ojdbc6-11.2.0.4.jar:11.2.0.4.0]
	at oracle.jdbc.driver.T4C7Ocommoncall.doOLOGOFF(T4C7Ocommoncall.java:61) ~[ojdbc6-11.2.0.4.jar:11.2.0.4.0]
	at oracle.jdbc.driver.T4CConnection.logoff(T4CConnection.java:574) ~[ojdbc6-11.2.0.4.jar:11.2.0.4.0]
	... 9 more
