[15:42:58:754] [ERROR] - com.newgrand.secdev.controller.LM.ShippingInfoController.MainForm(ShippingInfoController.java:173) - 发货单信息保存失败StatementCallback; bad SQL grammar [BEGIN insert into p_form_zcgl_fhdxx_m (PHID,BILL_NO,PC,U_XMBM,U_HTMC,U_HTBM,NG_INSERT_DT,NG_UPDATE_DT,NG_RECORD_VER,NG_PHID_BP,NG_PHID_ORIGINAL,NG_ORGID_ORIGINAL,NG_PHID_UI_SCHEME,NG_SV_SEARCH_KEY,NG_SHARE_SIGN) VALUES ('192399542980608','192399542980608','631201212000006','202012120005','598201213000008','20201213001','2020-12-14 15:42:58','2020-12-14 15:42:58','1','0','0','0','0','10','1') ; insert into p_form_zcgl_fhdxx_d (PHID,M_CODE,LINEID,U_FHDH,U_FHSJ,U_YSDH,U_CPH,_U_BZ) VALUES ('192399542980609','192399542980608','0','null','null','null','null','') ;END; ]; nested exception is java.sql.SQLException: ORA-06550: 第 1 行, 第 477 列: 
PL/SQL: ORA-00911: 无效字符
ORA-06550: 第 1 行, 第 398 列: 
PL/SQL: SQL Statement ignored

[15:48:27:234] [ERROR] - com.newgrand.secdev.controller.LM.ShippingInfoController.MainForm(ShippingInfoController.java:174) - 发货单信息保存失败StatementCallback; bad SQL grammar [BEGIN insert into p_form_zcgl_fhdxx_m (PHID,BILL_NO,PC,U_XMBM,U_HTMC,U_HTBM,NG_INSERT_DT,NG_UPDATE_DT,NG_RECORD_VER,NG_PHID_BP,NG_PHID_ORIGINAL,NG_ORGID_ORIGINAL,NG_PHID_UI_SCHEME,NG_SV_SEARCH_KEY,NG_SHARE_SIGN) VALUES ('192399879285760','192399879285760','631201212000006','202012120005','598201213000008','20201213001',to_date('2020-12-14 15:48:26','yyyy-mm-dd HH:mm:ss'),to_date('2020-12-14 15:48:26','yyyy-mm-dd HH:mm:ss'),'1','0','0','0','0','10','1') ; insert into p_form_zcgl_fhdxx_d (PHID,M_CODE,LINEID,U_FHDH,U_FHSJ,U_YSDH,U_CPH,_U_BZ) VALUES ('192399879285761','192399879285760','0','null','null','null','null','') ;END; ]; nested exception is java.sql.SQLException: ORA-06550: 第 1 行, 第 539 列: 
PL/SQL: ORA-00911: 无效字符
ORA-06550: 第 1 行, 第 460 列: 
PL/SQL: SQL Statement ignored

[15:50:14:218] [ERROR] - com.newgrand.secdev.controller.LM.ShippingInfoController.MainForm(ShippingInfoController.java:175) - 发货单信息保存失败StatementCallback; bad SQL grammar [BEGIN insert into p_form_zcgl_fhdxx_m (PHID,BILL_NO,PC,U_XMBM,U_HTMC,U_HTBM,NG_INSERT_DT,NG_UPDATE_DT,NG_RECORD_VER,NG_PHID_BP,NG_PHID_ORIGINAL,NG_ORGID_ORIGINAL,NG_PHID_UI_SCHEME,NG_SV_SEARCH_KEY,NG_SHARE_SIGN) VALUES ('192399988888576','192399988888576','631201212000006','202012120005','598201213000008','20201213001',to_date('2020-12-14 15:50:13','yyyy-mm-dd hh:MM:ss'),to_date('2020-12-14 15:50:13','yyyy-mm-dd hh:MM:ss'),'1','0','0','0','0','10','1') ; insert into p_form_zcgl_fhdxx_d (PHID,M_CODE,LINEID,U_FHDH,U_FHSJ,U_YSDH,U_CPH,_U_BZ) VALUES ('192399988888577','192399988888576','0','null','null','null','null','') ;END; ]; nested exception is java.sql.SQLException: ORA-06550: 第 1 行, 第 539 列: 
PL/SQL: ORA-00911: 无效字符
ORA-06550: 第 1 行, 第 460 列: 
PL/SQL: SQL Statement ignored

[15:57:34:135] [ERROR] - com.newgrand.secdev.controller.LM.ShippingInfoController.MainForm(ShippingInfoController.java:175) - 发货单信息保存失败StatementCallback; SQL [BEGIN insert into p_form_zcgl_fhdxx_m (PHID,BILL_NO,PC,U_XMBM,U_HTMC,U_HTBM,NG_INSERT_DT,NG_UPDATE_DT,NG_RECORD_VER,NG_PHID_BP,NG_PHID_ORIGINAL,NG_ORGID_ORIGINAL,NG_PHID_UI_SCHEME,NG_SV_SEARCH_KEY,NG_SHARE_SIGN) VALUES ('192400439278592','192400439278592','631201212000006','202012120005','598201213000008','20201213001',to_date('2020-12-14 15:57:33','yyyy-mm-dd hh24:mi:ss'),to_date('2020-12-14 15:57:33','yyyy-mm-dd hh24:mi:ss'),'1','0','0','0','0','10','1') ; insert into p_form_zcgl_fhdxx_d (PHID,M_CODE,LINEID,U_FHDH,U_FHSJ,U_YSDH,U_CPH,U_BZ) VALUES ('192400439278593','192400439278592','0','545615615615','2020-12-14 15:42:00','123123123','浙A*4548D','') ;END; ]; ORA-01861: 文字与格式字符串不匹配
ORA-06512: 在 line 1
; nested exception is java.sql.SQLDataException: ORA-01861: 文字与格式字符串不匹配
ORA-06512: 在 line 1

[15:59:31:334] [ERROR] - com.newgrand.secdev.controller.LM.ShippingInfoController.MainForm(ShippingInfoController.java:175) - 发货单信息保存失败StatementCallback; SQL [BEGIN insert into p_form_zcgl_fhdxx_m (PHID,BILL_NO,PC,U_XMBM,U_HTMC,U_HTBM,NG_INSERT_DT,NG_UPDATE_DT,NG_RECORD_VER,NG_PHID_BP,NG_PHID_ORIGINAL,NG_ORGID_ORIGINAL,NG_PHID_UI_SCHEME,NG_SV_SEARCH_KEY,NG_SHARE_SIGN) VALUES ('192400559385600','192400559385600','631201212000006','202012120005','598201213000008','20201213001',to_date('2020-12-14 15:59:30','yyyy-mm-dd hh24:mi:ss'),to_date('2020-12-14 15:59:30','yyyy-mm-dd hh24:mi:ss'),'1','0','0','0','0','10','1') ; insert into p_form_zcgl_fhdxx_d (PHID,M_CODE,LINEID,U_FHDH,U_FHSJ,U_YSDH,U_CPH,U_BZ) VALUES ('192400559385601','192400559385600','0','545615615615','2020-12-14 15:42:00','123123123','浙A*4548D','') ;END; ]; ORA-01861: 文字与格式字符串不匹配
ORA-06512: 在 line 1
; nested exception is java.sql.SQLDataException: ORA-01861: 文字与格式字符串不匹配
ORA-06512: 在 line 1

[16:00:01:008] [ERROR] - com.newgrand.secdev.controller.LM.ShippingInfoController.MainForm(ShippingInfoController.java:175) - 发货单信息保存失败StatementCallback; SQL [BEGIN insert into p_form_zcgl_fhdxx_m (PHID,BILL_NO,PC,U_XMBM,U_HTMC,U_HTBM,NG_INSERT_DT,NG_UPDATE_DT,NG_RECORD_VER,NG_PHID_BP,NG_PHID_ORIGINAL,NG_ORGID_ORIGINAL,NG_PHID_UI_SCHEME,NG_SV_SEARCH_KEY,NG_SHARE_SIGN) VALUES ('192400589750272','192400589750272','631201212000006','202012120005','598201213000008','20201213001',to_date('2020-12-14 16:00:00','yyyy-mm-dd hh24:mi:ss'),to_date('2020-12-14 16:00:00','yyyy-mm-dd hh24:mi:ss'),'1','0','0','0','0','10','1') ; insert into p_form_zcgl_fhdxx_d (PHID,M_CODE,LINEID,U_FHDH,U_FHSJ,U_YSDH,U_CPH,U_BZ) VALUES ('192400589750273','192400589750272','0','545615615615','2020-12-14 15:42:00','123123123','浙A*4548D','') ;END; ]; ORA-01861: 文字与格式字符串不匹配
ORA-06512: 在 line 1
; nested exception is java.sql.SQLDataException: ORA-01861: 文字与格式字符串不匹配
ORA-06512: 在 line 1

[16:04:00:356] [ERROR] - com.newgrand.secdev.controller.LM.ShippingInfoController.DetailForm(ShippingInfoController.java:226) - 发货单信息保存失败StatementCallback; bad SQL grammar [ insert into p_form_zcgl_fhdxx_d (PHID,M_CODE,LINEID,U_FHDH,U_FHSJ,U_YSDH,U_CPH,U_BZ) VALUES ('192400834867200','192400637203456','0','54561561561512',to_date('2020-12-14 15:42:00','yyyy-mm-dd hh24:mi:ss'),'12312312321','浙A*4548D','') ;]; nested exception is java.sql.SQLSyntaxErrorException: ORA-00933: SQL 命令未正确结束

